{"/Users/jgoai/pr-triage-bot/.worktrees/2026-04-03-task-43/frontend/src/App.tsx": {"path":"/Users/jgoai/pr-triage-bot/.worktrees/2026-04-03-task-43/frontend/src/App.tsx","all":false,"statementMap":{"0":{"start":{"line":1,"column":0},"end":{"line":1,"column":33}},"2":{"start":{"line":3,"column":0},"end":{"line":3,"column":54}},"3":{"start":{"line":4,"column":0},"end":{"line":4,"column":56}},"5":{"start":{"line":6,"column":0},"end":{"line":6,"column":31}},"6":{"start":{"line":7,"column":0},"end":{"line":7,"column":68}},"8":{"start":{"line":9,"column":0},"end":{"line":9,"column":17}},"9":{"start":{"line":10,"column":0},"end":{"line":10,"column":12}},"10":{"start":{"line":11,"column":0},"end":{"line":11,"column":19}},"11":{"start":{"line":12,"column":0},"end":{"line":12,"column":27}},"12":{"start":{"line":13,"column":0},"end":{"line":13,"column":40}},"13":{"start":{"line":14,"column":0},"end":{"line":14,"column":8}},"15":{"start":{"line":16,"column":0},"end":{"line":16,"column":3}},"17":{"start":{"line":18,"column":0},"end":{"line":18,"column":10}},"18":{"start":{"line":19,"column":0},"end":{"line":19,"column":16}},"19":{"start":{"line":20,"column":0},"end":{"line":20,"column":58}},"20":{"start":{"line":21,"column":0},"end":{"line":21,"column":6}},"22":{"start":{"line":23,"column":0},"end":{"line":23,"column":1}}},"s":{"0":1,"2":1,"3":1,"5":1,"6":1,"8":1,"9":0,"10":0,"11":0,"12":0,"13":0,"15":0,"17":1,"18":1,"19":1,"20":1,"22":1},"branchMap":{"0":{"type":"branch","line":6,"loc":{"start":{"line":6,"column":0},"end":{"line":23,"column":1}},"locations":[{"start":{"line":6,"column":0},"end":{"line":23,"column":1}}]},"1":{"type":"branch","line":9,"loc":{"start":{"line":9,"column":16},"end":{"line":16,"column":3}},"locations":[{"start":{"line":9,"column":16},"end":{"line":16,"column":3}}]}},"b":{"0":[1],"1":[0]},"fnMap":{"0":{"name":"App","decl":{"start":{"line":6,"column":0},"end":{"line":23,"column":1}},"loc":{"start":{"line":6,"column":0},"end":{"line":23,"column":1}},"line":6},"1":{"name":"onBack","decl":{"start":{"line":13,"column":16},"end":{"line":13,"column":40}},"loc":{"start":{"line":13,"column":16},"end":{"line":13,"column":40}},"line":13},"2":{"name":"onAnalysisComplete","decl":{"start":{"line":20,"column":26},"end":{"line":20,"column":58}},"loc":{"start":{"line":20,"column":26},"end":{"line":20,"column":58}},"line":20}},"f":{"0":1,"1":0,"2":0}}
,"/Users/jgoai/pr-triage-bot/.worktrees/2026-04-03-task-43/frontend/src/main.tsx": {"path":"/Users/jgoai/pr-triage-bot/.worktrees/2026-04-03-task-43/frontend/src/main.tsx","all":true,"statementMap":{"0":{"start":{"line":1,"column":0},"end":{"line":1,"column":35}},"1":{"start":{"line":2,"column":0},"end":{"line":2,"column":46}},"2":{"start":{"line":3,"column":0},"end":{"line":3,"column":21}},"3":{"start":{"line":4,"column":0},"end":{"line":4,"column":27}},"5":{"start":{"line":6,"column":0},"end":{"line":6,"column":52}},"6":{"start":{"line":7,"column":0},"end":{"line":7,"column":14}},"7":{"start":{"line":8,"column":0},"end":{"line":8,"column":11}},"8":{"start":{"line":9,"column":0},"end":{"line":9,"column":15}},"9":{"start":{"line":10,"column":0},"end":{"line":10,"column":2}}},"s":{"0":0,"1":0,"2":0,"3":0,"5":0,"6":0,"7":0,"8":0,"9":0},"branchMap":{"0":{"type":"branch","line":1,"loc":{"start":{"line":1,"column":206},"end":{"line":10,"column":-148}},"locations":[{"start":{"line":1,"column":206},"end":{"line":10,"column":-148}}]}},"b":{"0":[0]},"fnMap":{"0":{"name":"(empty-report)","decl":{"start":{"line":1,"column":206},"end":{"line":10,"column":-148}},"loc":{"start":{"line":1,"column":206},"end":{"line":10,"column":-148}},"line":1}},"f":{"0":0}}
,"/Users/jgoai/pr-triage-bot/.worktrees/2026-04-03-task-43/frontend/src/types.ts": {"path":"/Users/jgoai/pr-triage-bot/.worktrees/2026-04-03-task-43/frontend/src/types.ts","all":true,"statementMap":{},"s":{},"branchMap":{"0":{"type":"branch","line":1,"loc":{"start":{"line":1,"column":1842},"end":{"line":83,"column":1}},"locations":[{"start":{"line":1,"column":1842},"end":{"line":83,"column":1}}]}},"b":{"0":[1]},"fnMap":{"0":{"name":"(empty-report)","decl":{"start":{"line":1,"column":1842},"end":{"line":83,"column":1}},"loc":{"start":{"line":1,"column":1842},"end":{"line":83,"column":1}},"line":1}},"f":{"0":1}}
,"/Users/jgoai/pr-triage-bot/.worktrees/2026-04-03-task-43/frontend/src/components/AnalysisSidebar.tsx": {"path":"/Users/jgoai/pr-triage-bot/.worktrees/2026-04-03-task-43/frontend/src/components/AnalysisSidebar.tsx","all":false,"statementMap":{"2":{"start":{"line":3,"column":0},"end":{"line":3,"column":54}},"3":{"start":{"line":4,"column":0},"end":{"line":4,"column":68}},"4":{"start":{"line":5,"column":0},"end":{"line":5,"column":50}},"5":{"start":{"line":6,"column":0},"end":{"line":6,"column":64}},"6":{"start":{"line":7,"column":0},"end":{"line":7,"column":60}},"7":{"start":{"line":8,"column":0},"end":{"line":8,"column":51}},"20":{"start":{"line":21,"column":0},"end":{"line":21,"column":73}},"21":{"start":{"line":22,"column":0},"end":{"line":22,"column":53}},"22":{"start":{"line":23,"column":0},"end":{"line":23,"column":61}},"24":{"start":{"line":25,"column":0},"end":{"line":25,"column":29}},"25":{"start":{"line":26,"column":0},"end":{"line":26,"column":69}},"26":{"start":{"line":27,"column":0},"end":{"line":27,"column":25}},"27":{"start":{"line":28,"column":0},"end":{"line":28,"column":47}},"28":{"start":{"line":29,"column":0},"end":{"line":29,"column":59}},"29":{"start":{"line":30,"column":0},"end":{"line":30,"column":9}},"30":{"start":{"line":31,"column":0},"end":{"line":31,"column":6}},"32":{"start":{"line":33,"column":0},"end":{"line":33,"column":33}},"33":{"start":{"line":34,"column":0},"end":{"line":34,"column":45}},"34":{"start":{"line":35,"column":0},"end":{"line":35,"column":22}},"35":{"start":{"line":36,"column":0},"end":{"line":36,"column":64}},"36":{"start":{"line":37,"column":0},"end":{"line":37,"column":41}},"37":{"start":{"line":38,"column":0},"end":{"line":38,"column":68}},"38":{"start":{"line":39,"column":0},"end":{"line":39,"column":7}},"39":{"start":{"line":40,"column":0},"end":{"line":40,"column":4}},"41":{"start":{"line":42,"column":0},"end":{"line":42,"column":49}},"42":{"start":{"line":43,"column":0},"end":{"line":43,"column":24}},"43":{"start":{"line":44,"column":0},"end":{"line":44,"column":17}},"44":{"start":{"line":45,"column":0},"end":{"line":45,"column":54}},"45":{"start":{"line":46,"column":0},"end":{"line":46,"column":12}},"46":{"start":{"line":47,"column":0},"end":{"line":47,"column":52}},"47":{"start":{"line":48,"column":0},"end":{"line":48,"column":5}},"48":{"start":{"line":49,"column":0},"end":{"line":49,"column":4}},"50":{"start":{"line":51,"column":0},"end":{"line":51,"column":35}},"51":{"start":{"line":52,"column":0},"end":{"line":52,"column":35}},"52":{"start":{"line":53,"column":0},"end":{"line":53,"column":42}},"53":{"start":{"line":54,"column":0},"end":{"line":54,"column":4}},"55":{"start":{"line":56,"column":0},"end":{"line":56,"column":10}},"56":{"start":{"line":57,"column":0},"end":{"line":57,"column":7}},"57":{"start":{"line":58,"column":0},"end":{"line":58,"column":61}},"58":{"start":{"line":59,"column":0},"end":{"line":59,"column":27}},"59":{"start":{"line":60,"column":0},"end":{"line":60,"column":19}},"60":{"start":{"line":61,"column":0},"end":{"line":61,"column":18}},"61":{"start":{"line":62,"column":0},"end":{"line":62,"column":25}},"62":{"start":{"line":63,"column":0},"end":{"line":63,"column":49}},"63":{"start":{"line":64,"column":0},"end":{"line":64,"column":29}},"64":{"start":{"line":65,"column":0},"end":{"line":65,"column":24}},"65":{"start":{"line":66,"column":0},"end":{"line":66,"column":9}},"66":{"start":{"line":67,"column":0},"end":{"line":67,"column":8}},"68":{"start":{"line":69,"column":0},"end":{"line":69,"column":12}},"69":{"start":{"line":70,"column":0},"end":{"line":70,"column":23}},"70":{"start":{"line":71,"column":0},"end":{"line":71,"column":39}},"71":{"start":{"line":72,"column":0},"end":{"line":72,"column":24}},"72":{"start":{"line":73,"column":0},"end":{"line":73,"column":67}},"73":{"start":{"line":74,"column":0},"end":{"line":74,"column":30}},"74":{"start":{"line":75,"column":0},"end":{"line":75,"column":51}},"75":{"start":{"line":76,"column":0},"end":{"line":76,"column":8}},"76":{"start":{"line":77,"column":0},"end":{"line":77,"column":89}},"77":{"start":{"line":78,"column":0},"end":{"line":78,"column":45}},"78":{"start":{"line":79,"column":0},"end":{"line":79,"column":30}},"79":{"start":{"line":80,"column":0},"end":{"line":80,"column":98}},"81":{"start":{"line":82,"column":0},"end":{"line":82,"column":13}},"82":{"start":{"line":83,"column":0},"end":{"line":83,"column":37}},"83":{"start":{"line":84,"column":0},"end":{"line":84,"column":9}},"85":{"start":{"line":86,"column":0},"end":{"line":86,"column":1}},"87":{"start":{"line":88,"column":0},"end":{"line":88,"column":69}},"88":{"start":{"line":89,"column":0},"end":{"line":89,"column":58}},"89":{"start":{"line":90,"column":0},"end":{"line":90,"column":45}},"90":{"start":{"line":91,"column":0},"end":{"line":91,"column":33}},"92":{"start":{"line":93,"column":0},"end":{"line":93,"column":74}},"93":{"start":{"line":94,"column":0},"end":{"line":94,"column":38}},"94":{"start":{"line":95,"column":0},"end":{"line":95,"column":87}},"95":{"start":{"line":96,"column":0},"end":{"line":96,"column":6}},"96":{"start":{"line":97,"column":0},"end":{"line":97,"column":4}},"99":{"start":{"line":100,"column":0},"end":{"line":100,"column":52}},"100":{"start":{"line":101,"column":0},"end":{"line":101,"column":41}},"101":{"start":{"line":102,"column":0},"end":{"line":102,"column":29}},"102":{"start":{"line":103,"column":0},"end":{"line":103,"column":76}},"103":{"start":{"line":104,"column":0},"end":{"line":104,"column":45}},"104":{"start":{"line":105,"column":0},"end":{"line":105,"column":68}},"105":{"start":{"line":106,"column":0},"end":{"line":106,"column":5}},"106":{"start":{"line":107,"column":0},"end":{"line":107,"column":3}},"108":{"start":{"line":109,"column":0},"end":{"line":109,"column":10}},"109":{"start":{"line":110,"column":0},"end":{"line":110,"column":54}},"110":{"start":{"line":111,"column":0},"end":{"line":111,"column":48}},"111":{"start":{"line":112,"column":0},"end":{"line":112,"column":63}},"112":{"start":{"line":113,"column":0},"end":{"line":113,"column":48}},"113":{"start":{"line":114,"column":0},"end":{"line":114,"column":43}},"114":{"start":{"line":115,"column":0},"end":{"line":115,"column":14}},"115":{"start":{"line":116,"column":0},"end":{"line":116,"column":12}},"117":{"start":{"line":118,"column":0},"end":{"line":118,"column":34}},"118":{"start":{"line":119,"column":0},"end":{"line":119,"column":55}},"119":{"start":{"line":120,"column":0},"end":{"line":120,"column":50}},"120":{"start":{"line":121,"column":0},"end":{"line":121,"column":17}},"121":{"start":{"line":122,"column":0},"end":{"line":122,"column":48}},"122":{"start":{"line":123,"column":0},"end":{"line":123,"column":71}},"123":{"start":{"line":124,"column":0},"end":{"line":124,"column":56}},"125":{"start":{"line":126,"column":0},"end":{"line":126,"column":47}},"126":{"start":{"line":127,"column":0},"end":{"line":127,"column":63}},"127":{"start":{"line":128,"column":0},"end":{"line":128,"column":10}},"129":{"start":{"line":130,"column":0},"end":{"line":130,"column":16}},"130":{"start":{"line":131,"column":0},"end":{"line":131,"column":14}},"131":{"start":{"line":132,"column":0},"end":{"line":132,"column":28}},"132":{"start":{"line":133,"column":0},"end":{"line":133,"column":70}},"134":{"start":{"line":135,"column":0},"end":{"line":135,"column":16}},"135":{"start":{"line":136,"column":0},"end":{"line":136,"column":78}},"136":{"start":{"line":137,"column":0},"end":{"line":137,"column":27}},"137":{"start":{"line":138,"column":0},"end":{"line":138,"column":26}},"138":{"start":{"line":139,"column":0},"end":{"line":139,"column":39}},"139":{"start":{"line":140,"column":0},"end":{"line":140,"column":64}},"140":{"start":{"line":141,"column":0},"end":{"line":141,"column":33}},"141":{"start":{"line":142,"column":0},"end":{"line":142,"column":57}},"142":{"start":{"line":143,"column":0},"end":{"line":143,"column":37}},"143":{"start":{"line":144,"column":0},"end":{"line":144,"column":53}},"144":{"start":{"line":145,"column":0},"end":{"line":145,"column":17}},"145":{"start":{"line":146,"column":0},"end":{"line":146,"column":16}},"147":{"start":{"line":148,"column":0},"end":{"line":148,"column":78}},"148":{"start":{"line":149,"column":0},"end":{"line":149,"column":75}},"149":{"start":{"line":150,"column":0},"end":{"line":150,"column":58}},"150":{"start":{"line":151,"column":0},"end":{"line":151,"column":33}},"151":{"start":{"line":152,"column":0},"end":{"line":152,"column":96}},"153":{"start":{"line":154,"column":0},"end":{"line":154,"column":25}},"155":{"start":{"line":156,"column":0},"end":{"line":156,"column":89}},"156":{"start":{"line":157,"column":0},"end":{"line":157,"column":67}},"157":{"start":{"line":158,"column":0},"end":{"line":158,"column":23}},"158":{"start":{"line":159,"column":0},"end":{"line":159,"column":20}},"159":{"start":{"line":160,"column":0},"end":{"line":160,"column":18}},"160":{"start":{"line":161,"column":0},"end":{"line":161,"column":26}},"161":{"start":{"line":162,"column":0},"end":{"line":162,"column":53}},"162":{"start":{"line":163,"column":0},"end":{"line":163,"column":35}},"163":{"start":{"line":164,"column":0},"end":{"line":164,"column":64}},"164":{"start":{"line":165,"column":0},"end":{"line":165,"column":34}},"165":{"start":{"line":166,"column":0},"end":{"line":166,"column":32}},"166":{"start":{"line":167,"column":0},"end":{"line":167,"column":37}},"167":{"start":{"line":168,"column":0},"end":{"line":168,"column":39}},"168":{"start":{"line":169,"column":0},"end":{"line":169,"column":33}},"169":{"start":{"line":170,"column":0},"end":{"line":170,"column":91}},"170":{"start":{"line":171,"column":0},"end":{"line":171,"column":22}},"171":{"start":{"line":172,"column":0},"end":{"line":172,"column":21}},"172":{"start":{"line":173,"column":0},"end":{"line":173,"column":19}},"174":{"start":{"line":175,"column":0},"end":{"line":175,"column":16}},"176":{"start":{"line":177,"column":0},"end":{"line":177,"column":9}},"177":{"start":{"line":178,"column":0},"end":{"line":178,"column":12}},"179":{"start":{"line":180,"column":0},"end":{"line":180,"column":1}}},"s":{"2":1,"3":1,"4":1,"5":1,"6":1,"7":1,"20":22,"21":22,"22":22,"24":22,"25":1,"26":1,"27":1,"28":1,"29":1,"30":1,"32":1,"33":1,"34":1,"35":1,"36":1,"37":1,"38":1,"39":1,"41":22,"42":1,"43":1,"44":0,"45":1,"46":1,"47":1,"48":1,"50":22,"51":22,"52":22,"53":22,"55":22,"56":22,"57":22,"58":22,"59":22,"60":22,"61":22,"62":0,"63":0,"64":0,"65":0,"66":0,"68":22,"69":22,"70":22,"71":22,"72":22,"73":22,"74":22,"75":22,"76":22,"77":22,"78":22,"79":1,"81":22,"82":22,"83":22,"85":22,"87":44,"88":44,"89":44,"90":44,"92":44,"93":44,"94":44,"95":44,"96":44,"99":44,"100":44,"101":1,"102":1,"103":1,"104":1,"105":1,"106":1,"108":44,"109":44,"110":44,"111":44,"112":44,"113":44,"114":44,"115":44,"117":44,"118":74,"119":81,"120":74,"121":74,"122":74,"123":74,"125":74,"126":74,"127":74,"129":74,"130":74,"131":74,"132":74,"134":74,"135":74,"136":74,"137":74,"138":74,"139":74,"140":74,"141":0,"142":0,"143":0,"144":0,"145":0,"147":74,"148":74,"149":74,"150":74,"151":74,"153":74,"155":74,"156":74,"157":74,"158":74,"159":74,"160":74,"161":20,"162":20,"163":20,"164":20,"165":22,"166":22,"167":22,"168":22,"169":22,"170":22,"171":20,"172":20,"174":74,"176":44,"177":44,"179":44},"branchMap":{"0":{"type":"branch","line":21,"loc":{"start":{"line":21,"column":0},"end":{"line":86,"column":1}},"locations":[{"start":{"line":21,"column":0},"end":{"line":86,"column":1}}]},"1":{"type":"branch","line":58,"loc":{"start":{"line":58,"column":32},"end":{"line":58,"column":56}},"locations":[{"start":{"line":58,"column":32},"end":{"line":58,"column":56}}]},"2":{"type":"branch","line":58,"loc":{"start":{"line":58,"column":41},"end":{"line":58,"column":58}},"locations":[{"start":{"line":58,"column":41},"end":{"line":58,"column":58}}]},"3":{"type":"branch","line":73,"loc":{"start":{"line":73,"column":20},"end":{"line":73,"column":50}},"locations":[{"start":{"line":73,"column":20},"end":{"line":73,"column":50}}]},"4":{"type":"branch","line":73,"loc":{"start":{"line":73,"column":29},"end":{"line":73,"column":67}},"locations":[{"start":{"line":73,"column":29},"end":{"line":73,"column":67}}]},"5":{"type":"branch","line":79,"loc":{"start":{"line":79,"column":24},"end":{"line":80,"column":98}},"locations":[{"start":{"line":79,"column":24},"end":{"line":80,"column":98}}]},"6":{"type":"branch","line":25,"loc":{"start":{"line":25,"column":22},"end":{"line":40,"column":4}},"locations":[{"start":{"line":25,"column":22},"end":{"line":40,"column":4}}]},"7":{"type":"branch","line":33,"loc":{"start":{"line":33,"column":26},"end":{"line":39,"column":5}},"locations":[{"start":{"line":33,"column":26},"end":{"line":39,"column":5}}]},"8":{"type":"branch","line":35,"loc":{"start":{"line":35,"column":15},"end":{"line":35,"column":22}},"locations":[{"start":{"line":35,"column":15},"end":{"line":35,"column":22}}]},"9":{"type":"branch","line":42,"loc":{"start":{"line":42,"column":23},"end":{"line":49,"column":4}},"locations":[{"start":{"line":42,"column":23},"end":{"line":49,"column":4}}]},"10":{"type":"branch","line":44,"loc":{"start":{"line":44,"column":16},"end":{"line":46,"column":11}},"locations":[{"start":{"line":44,"column":16},"end":{"line":46,"column":11}}]},"11":{"type":"branch","line":51,"loc":{"start":{"line":51,"column":19},"end":{"line":54,"column":4}},"locations":[{"start":{"line":51,"column":19},"end":{"line":54,"column":4}}]},"12":{"type":"branch","line":53,"loc":{"start":{"line":53,"column":17},"end":{"line":53,"column":25}},"locations":[{"start":{"line":53,"column":17},"end":{"line":53,"column":25}}]},"13":{"type":"branch","line":75,"loc":{"start":{"line":75,"column":18},"end":{"line":75,"column":51}},"locations":[{"start":{"line":75,"column":18},"end":{"line":75,"column":51}}]},"14":{"type":"branch","line":88,"loc":{"start":{"line":88,"column":0},"end":{"line":180,"column":1}},"locations":[{"start":{"line":88,"column":0},"end":{"line":180,"column":1}}]},"15":{"type":"branch","line":101,"loc":{"start":{"line":101,"column":40},"end":{"line":107,"column":3}},"locations":[{"start":{"line":101,"column":40},"end":{"line":107,"column":3}}]},"16":{"type":"branch","line":103,"loc":{"start":{"line":103,"column":19},"end":{"line":103,"column":50}},"locations":[{"start":{"line":103,"column":19},"end":{"line":103,"column":50}}]},"17":{"type":"branch","line":103,"loc":{"start":{"line":103,"column":40},"end":{"line":103,"column":75}},"locations":[{"start":{"line":103,"column":40},"end":{"line":103,"column":75}}]},"18":{"type":"branch","line":93,"loc":{"start":{"line":93,"column":37},"end":{"line":93,"column":71}},"locations":[{"start":{"line":93,"column":37},"end":{"line":93,"column":71}}]},"19":{"type":"branch","line":95,"loc":{"start":{"line":95,"column":4},"end":{"line":95,"column":87}},"locations":[{"start":{"line":95,"column":4},"end":{"line":95,"column":87}}]},"20":{"type":"branch","line":95,"loc":{"start":{"line":95,"column":37},"end":{"line":95,"column":78}},"locations":[{"start":{"line":95,"column":37},"end":{"line":95,"column":78}}]},"21":{"type":"branch","line":118,"loc":{"start":{"line":118,"column":20},"end":{"line":177,"column":7}},"locations":[{"start":{"line":118,"column":20},"end":{"line":177,"column":7}}]},"22":{"type":"branch","line":123,"loc":{"start":{"line":123,"column":42},"end":{"line":123,"column":71}},"locations":[{"start":{"line":123,"column":42},"end":{"line":123,"column":71}}]},"23":{"type":"branch","line":133,"loc":{"start":{"line":133,"column":41},"end":{"line":133,"column":65}},"locations":[{"start":{"line":133,"column":41},"end":{"line":133,"column":65}}]},"24":{"type":"branch","line":133,"loc":{"start":{"line":133,"column":52},"end":{"line":133,"column":67}},"locations":[{"start":{"line":133,"column":52},"end":{"line":133,"column":67}}]},"25":{"type":"branch","line":136,"loc":{"start":{"line":136,"column":47},"end":{"line":136,"column":73}},"locations":[{"start":{"line":136,"column":47},"end":{"line":136,"column":73}}]},"26":{"type":"branch","line":136,"loc":{"start":{"line":136,"column":58},"end":{"line":136,"column":75}},"locations":[{"start":{"line":136,"column":58},"end":{"line":136,"column":75}}]},"27":{"type":"branch","line":156,"loc":{"start":{"line":156,"column":58},"end":{"line":156,"column":83}},"locations":[{"start":{"line":156,"column":58},"end":{"line":156,"column":83}}]},"28":{"type":"branch","line":156,"loc":{"start":{"line":156,"column":70},"end":{"line":156,"column":85}},"locations":[{"start":{"line":156,"column":70},"end":{"line":156,"column":85}}]},"29":{"type":"branch","line":157,"loc":{"start":{"line":157,"column":19},"end":{"line":157,"column":38}},"locations":[{"start":{"line":157,"column":19},"end":{"line":157,"column":38}}]},"30":{"type":"branch","line":157,"loc":{"start":{"line":157,"column":31},"end":{"line":157,"column":42}},"locations":[{"start":{"line":157,"column":31},"end":{"line":157,"column":42}}]},"31":{"type":"branch","line":161,"loc":{"start":{"line":161,"column":13},"end":{"line":173,"column":19}},"locations":[{"start":{"line":161,"column":13},"end":{"line":173,"column":19}}]},"32":{"type":"branch","line":119,"loc":{"start":{"line":119,"column":49},"end":{"line":120,"column":50}},"locations":[{"start":{"line":119,"column":49},"end":{"line":120,"column":50}}]},"33":{"type":"branch","line":127,"loc":{"start":{"line":127,"column":10},"end":{"line":127,"column":63}},"locations":[{"start":{"line":127,"column":10},"end":{"line":127,"column":63}}]},"34":{"type":"branch","line":127,"loc":{"start":{"line":127,"column":34},"end":{"line":127,"column":63}},"locations":[{"start":{"line":127,"column":34},"end":{"line":127,"column":63}}]},"35":{"type":"branch","line":140,"loc":{"start":{"line":140,"column":23},"end":{"line":140,"column":64}},"locations":[{"start":{"line":140,"column":23},"end":{"line":140,"column":64}}]},"36":{"type":"branch","line":164,"loc":{"start":{"line":164,"column":24},"end":{"line":164,"column":63}},"locations":[{"start":{"line":164,"column":24},"end":{"line":164,"column":63}}]},"37":{"type":"branch","line":165,"loc":{"start":{"line":165,"column":23},"end":{"line":171,"column":22}},"locations":[{"start":{"line":165,"column":23},"end":{"line":171,"column":22}}]},"38":{"type":"branch","line":170,"loc":{"start":{"line":170,"column":84},"end":{"line":170,"column":91}},"locations":[{"start":{"line":170,"column":84},"end":{"line":170,"column":91}}]}},"b":{"0":[22],"1":[2],"2":[20],"3":[2],"4":[20],"5":[1],"6":[1],"7":[1],"8":[0],"9":[1],"10":[0],"11":[22],"12":[0],"13":[1],"14":[44],"15":[1],"16":[0],"17":[0],"18":[74],"19":[74],"20":[81],"21":[74],"22":[3],"23":[20],"24":[54],"25":[20],"26":[54],"27":[3],"28":[71],"29":[3],"30":[71],"31":[20],"32":[81],"33":[74],"34":[73],"35":[1],"36":[2],"37":[22],"38":[21]},"fnMap":{"0":{"name":"SidebarFile","decl":{"start":{"line":21,"column":0},"end":{"line":86,"column":1}},"loc":{"start":{"line":21,"column":0},"end":{"line":86,"column":1}},"line":21},"1":{"name":"handleClick","decl":{"start":{"line":25,"column":22},"end":{"line":40,"column":4}},"loc":{"start":{"line":25,"column":22},"end":{"line":40,"column":4}},"line":25},"2":{"name":"toggleViewed","decl":{"start":{"line":42,"column":23},"end":{"line":49,"column":4}},"loc":{"start":{"line":42,"column":23},"end":{"line":49,"column":4}},"line":42},"3":{"name":"basename","decl":{"start":{"line":51,"column":19},"end":{"line":54,"column":4}},"loc":{"start":{"line":51,"column":19},"end":{"line":54,"column":4}},"line":51},"4":{"name":"onKeyDown","decl":{"start":{"line":62,"column":17},"end":{"line":67,"column":8}},"loc":{"start":{"line":62,"column":17},"end":{"line":67,"column":8}},"line":62},"5":{"name":"onChange","decl":{"start":{"line":75,"column":18},"end":{"line":75,"column":51}},"loc":{"start":{"line":75,"column":18},"end":{"line":75,"column":51}},"line":75},"6":{"name":"AnalysisSidebar","decl":{"start":{"line":88,"column":0},"end":{"line":180,"column":1}},"loc":{"start":{"line":88,"column":0},"end":{"line":180,"column":1}},"line":88},"7":{"name":"onClick","decl":{"start":{"line":140,"column":23},"end":{"line":140,"column":64}},"loc":{"start":{"line":140,"column":23},"end":{"line":140,"column":64}},"line":140},"8":{"name":"onKeyDown","decl":{"start":{"line":141,"column":25},"end":{"line":146,"column":16}},"loc":{"start":{"line":141,"column":25},"end":{"line":146,"column":16}},"line":141}},"f":{"0":22,"1":1,"2":1,"3":22,"4":0,"5":1,"6":44,"7":1,"8":0}}
,"/Users/jgoai/pr-triage-bot/.worktrees/2026-04-03-task-43/frontend/src/components/AnalysisView.tsx": {"path":"/Users/jgoai/pr-triage-bot/.worktrees/2026-04-03-task-43/frontend/src/components/AnalysisView.tsx","all":false,"statementMap":{"0":{"start":{"line":1,"column":0},"end":{"line":1,"column":65}},"2":{"start":{"line":3,"column":0},"end":{"line":3,"column":51}},"3":{"start":{"line":4,"column":0},"end":{"line":4,"column":37}},"4":{"start":{"line":5,"column":0},"end":{"line":5,"column":39}},"5":{"start":{"line":6,"column":0},"end":{"line":6,"column":45}},"6":{"start":{"line":7,"column":0},"end":{"line":7,"column":59}},"7":{"start":{"line":8,"column":0},"end":{"line":8,"column":59}},"8":{"start":{"line":9,"column":0},"end":{"line":9,"column":54}},"9":{"start":{"line":10,"column":0},"end":{"line":10,"column":68}},"10":{"start":{"line":11,"column":0},"end":{"line":11,"column":62}},"11":{"start":{"line":12,"column":0},"end":{"line":12,"column":64}},"12":{"start":{"line":13,"column":0},"end":{"line":13,"column":70}},"13":{"start":{"line":14,"column":0},"end":{"line":14,"column":74}},"15":{"start":{"line":16,"column":0},"end":{"line":16,"column":44}},"16":{"start":{"line":17,"column":0},"end":{"line":17,"column":21}},"17":{"start":{"line":18,"column":0},"end":{"line":18,"column":21}},"18":{"start":{"line":19,"column":0},"end":{"line":19,"column":22}},"19":{"start":{"line":20,"column":0},"end":{"line":20,"column":22}},"21":{"start":{"line":22,"column":0},"end":{"line":22,"column":65}},"22":{"start":{"line":23,"column":0},"end":{"line":23,"column":45}},"23":{"start":{"line":24,"column":0},"end":{"line":24,"column":1}},"25":{"start":{"line":26,"column":0},"end":{"line":26,"column":58}},"26":{"start":{"line":27,"column":0},"end":{"line":27,"column":7}},"27":{"start":{"line":28,"column":0},"end":{"line":28,"column":50}},"28":{"start":{"line":29,"column":0},"end":{"line":29,"column":14}},"29":{"start":{"line":30,"column":0},"end":{"line":30,"column":37}},"30":{"start":{"line":31,"column":0},"end":{"line":31,"column":14}},"31":{"start":{"line":32,"column":0},"end":{"line":32,"column":62}},"32":{"start":{"line":33,"column":0},"end":{"line":33,"column":66}},"33":{"start":{"line":34,"column":0},"end":{"line":34,"column":8}},"34":{"start":{"line":35,"column":0},"end":{"line":35,"column":5}},"35":{"start":{"line":36,"column":0},"end":{"line":36,"column":11}},"37":{"start":{"line":38,"column":0},"end":{"line":38,"column":3}},"38":{"start":{"line":39,"column":0},"end":{"line":39,"column":37}},"39":{"start":{"line":40,"column":0},"end":{"line":40,"column":1}},"43":{"start":{"line":44,"column":0},"end":{"line":44,"column":67}},"44":{"start":{"line":45,"column":0},"end":{"line":45,"column":45}},"45":{"start":{"line":46,"column":0},"end":{"line":46,"column":39}},"47":{"start":{"line":48,"column":0},"end":{"line":48,"column":31}},"48":{"start":{"line":49,"column":0},"end":{"line":49,"column":52}},"49":{"start":{"line":50,"column":0},"end":{"line":50,"column":55}},"52":{"start":{"line":53,"column":0},"end":{"line":53,"column":33}},"53":{"start":{"line":54,"column":0},"end":{"line":54,"column":35}},"55":{"start":{"line":56,"column":0},"end":{"line":56,"column":65}},"56":{"start":{"line":57,"column":0},"end":{"line":57,"column":9}},"57":{"start":{"line":58,"column":0},"end":{"line":58,"column":83}},"58":{"start":{"line":59,"column":0},"end":{"line":59,"column":13}},"60":{"start":{"line":61,"column":0},"end":{"line":61,"column":5}},"61":{"start":{"line":62,"column":0},"end":{"line":62,"column":9}},"63":{"start":{"line":64,"column":0},"end":{"line":64,"column":19}},"64":{"start":{"line":65,"column":0},"end":{"line":65,"column":67}},"65":{"start":{"line":66,"column":0},"end":{"line":66,"column":62}},"67":{"start":{"line":68,"column":0},"end":{"line":68,"column":79}},"68":{"start":{"line":69,"column":0},"end":{"line":69,"column":45}},"71":{"start":{"line":72,"column":0},"end":{"line":72,"column":19}},"72":{"start":{"line":73,"column":0},"end":{"line":73,"column":53}},"73":{"start":{"line":74,"column":0},"end":{"line":74,"column":36}},"75":{"start":{"line":76,"column":0},"end":{"line":76,"column":53}},"76":{"start":{"line":77,"column":0},"end":{"line":77,"column":31}},"77":{"start":{"line":78,"column":0},"end":{"line":78,"column":88}},"78":{"start":{"line":79,"column":0},"end":{"line":79,"column":12}},"79":{"start":{"line":80,"column":0},"end":{"line":80,"column":75}},"80":{"start":{"line":81,"column":0},"end":{"line":81,"column":5}},"81":{"start":{"line":82,"column":0},"end":{"line":82,"column":17}},"83":{"start":{"line":84,"column":0},"end":{"line":84,"column":23}},"84":{"start":{"line":85,"column":0},"end":{"line":85,"column":84}},"86":{"start":{"line":87,"column":0},"end":{"line":87,"column":66}},"87":{"start":{"line":88,"column":0},"end":{"line":88,"column":47}},"88":{"start":{"line":89,"column":0},"end":{"line":89,"column":36}},"89":{"start":{"line":90,"column":0},"end":{"line":90,"column":98}},"90":{"start":{"line":91,"column":0},"end":{"line":91,"column":5}},"91":{"start":{"line":92,"column":0},"end":{"line":92,"column":3}},"93":{"start":{"line":94,"column":0},"end":{"line":94,"column":58}},"94":{"start":{"line":95,"column":0},"end":{"line":95,"column":70}},"95":{"start":{"line":96,"column":0},"end":{"line":96,"column":19}},"96":{"start":{"line":97,"column":0},"end":{"line":97,"column":43}},"97":{"start":{"line":98,"column":0},"end":{"line":98,"column":22}},"99":{"start":{"line":100,"column":0},"end":{"line":100,"column":59}},"100":{"start":{"line":101,"column":0},"end":{"line":101,"column":73}},"101":{"start":{"line":102,"column":0},"end":{"line":102,"column":20}},"102":{"start":{"line":103,"column":0},"end":{"line":103,"column":42}},"103":{"start":{"line":104,"column":0},"end":{"line":104,"column":22}},"105":{"start":{"line":106,"column":0},"end":{"line":106,"column":10}},"106":{"start":{"line":107,"column":0},"end":{"line":107,"column":36}},"107":{"start":{"line":108,"column":0},"end":{"line":108,"column":79}},"108":{"start":{"line":109,"column":0},"end":{"line":109,"column":19}},"109":{"start":{"line":110,"column":0},"end":{"line":110,"column":85}},"110":{"start":{"line":111,"column":0},"end":{"line":111,"column":31}},"111":{"start":{"line":112,"column":0},"end":{"line":112,"column":8}},"112":{"start":{"line":113,"column":0},"end":{"line":113,"column":38}},"113":{"start":{"line":114,"column":0},"end":{"line":114,"column":47}},"114":{"start":{"line":115,"column":0},"end":{"line":115,"column":115}},"115":{"start":{"line":116,"column":0},"end":{"line":116,"column":52}},"116":{"start":{"line":117,"column":0},"end":{"line":117,"column":58}},"117":{"start":{"line":118,"column":0},"end":{"line":118,"column":28}},"118":{"start":{"line":119,"column":0},"end":{"line":119,"column":23}},"119":{"start":{"line":120,"column":0},"end":{"line":120,"column":56}},"120":{"start":{"line":121,"column":0},"end":{"line":121,"column":39}},"121":{"start":{"line":122,"column":0},"end":{"line":122,"column":27}},"122":{"start":{"line":123,"column":0},"end":{"line":123,"column":16}},"123":{"start":{"line":124,"column":0},"end":{"line":124,"column":15}},"124":{"start":{"line":125,"column":0},"end":{"line":125,"column":14}},"125":{"start":{"line":126,"column":0},"end":{"line":126,"column":53}},"126":{"start":{"line":127,"column":0},"end":{"line":127,"column":30}},"127":{"start":{"line":128,"column":0},"end":{"line":128,"column":26}},"128":{"start":{"line":129,"column":0},"end":{"line":129,"column":64}},"129":{"start":{"line":130,"column":0},"end":{"line":130,"column":37}},"130":{"start":{"line":131,"column":0},"end":{"line":131,"column":12}},"131":{"start":{"line":132,"column":0},"end":{"line":132,"column":14}},"132":{"start":{"line":133,"column":0},"end":{"line":133,"column":13}},"133":{"start":{"line":134,"column":0},"end":{"line":134,"column":19}},"134":{"start":{"line":135,"column":0},"end":{"line":135,"column":85}},"135":{"start":{"line":136,"column":0},"end":{"line":136,"column":32}},"136":{"start":{"line":137,"column":0},"end":{"line":137,"column":8}},"137":{"start":{"line":138,"column":0},"end":{"line":138,"column":89}},"138":{"start":{"line":139,"column":0},"end":{"line":139,"column":10}},"140":{"start":{"line":141,"column":0},"end":{"line":141,"column":1}}},"s":{"0":1,"2":1,"3":1,"4":1,"5":1,"6":1,"7":1,"8":1,"9":1,"10":1,"11":1,"12":1,"13":1,"15":1,"16":1,"17":1,"18":1,"19":1,"21":0,"22":0,"23":0,"25":28,"26":28,"27":28,"28":28,"29":0,"30":0,"31":0,"32":0,"33":0,"34":0,"35":28,"37":0,"38":28,"39":28,"43":28,"44":28,"45":28,"47":28,"48":28,"49":28,"52":28,"53":28,"55":28,"56":0,"57":0,"58":0,"60":0,"61":28,"63":28,"64":9,"65":9,"67":9,"68":28,"71":28,"72":9,"73":9,"75":9,"76":9,"77":9,"78":9,"79":0,"80":0,"81":28,"83":28,"84":28,"86":28,"87":28,"88":31,"89":31,"90":31,"91":31,"93":28,"94":0,"95":0,"96":0,"97":28,"99":28,"100":0,"101":0,"102":0,"103":28,"105":28,"106":28,"107":28,"108":28,"109":28,"110":28,"111":28,"112":28,"113":28,"114":28,"115":28,"116":28,"117":28,"118":31,"119":31,"120":31,"121":31,"122":31,"123":28,"124":28,"125":28,"126":28,"127":28,"128":28,"129":28,"130":28,"131":28,"132":28,"133":28,"134":28,"135":28,"136":28,"137":28,"138":28,"140":28},"branchMap":{"0":{"type":"branch","line":26,"loc":{"start":{"line":26,"column":0},"end":{"line":40,"column":1}},"locations":[{"start":{"line":26,"column":0},"end":{"line":40,"column":1}}]},"1":{"type":"branch","line":29,"loc":{"start":{"line":29,"column":13},"end":{"line":35,"column":5}},"locations":[{"start":{"line":29,"column":13},"end":{"line":35,"column":5}}]},"2":{"type":"branch","line":36,"loc":{"start":{"line":36,"column":2},"end":{"line":38,"column":3}},"locations":[{"start":{"line":36,"column":2},"end":{"line":38,"column":3}}]},"3":{"type":"branch","line":44,"loc":{"start":{"line":44,"column":0},"end":{"line":141,"column":1}},"locations":[{"start":{"line":44,"column":0},"end":{"line":141,"column":1}}]},"4":{"type":"branch","line":85,"loc":{"start":{"line":85,"column":58},"end":{"line":85,"column":84}},"locations":[{"start":{"line":85,"column":58},"end":{"line":85,"column":84}}]},"5":{"type":"branch","line":88,"loc":{"start":{"line":88,"column":33},"end":{"line":88,"column":46}},"locations":[{"start":{"line":88,"column":33},"end":{"line":88,"column":46}}]},"6":{"type":"branch","line":88,"loc":{"start":{"line":88,"column":46},"end":{"line":92,"column":3}},"locations":[{"start":{"line":88,"column":46},"end":{"line":92,"column":3}}]},"7":{"type":"branch","line":64,"loc":{"start":{"line":64,"column":12},"end":{"line":69,"column":5}},"locations":[{"start":{"line":64,"column":12},"end":{"line":69,"column":5}}]},"8":{"type":"branch","line":68,"loc":{"start":{"line":68,"column":69},"end":{"line":68,"column":79}},"locations":[{"start":{"line":68,"column":69},"end":{"line":68,"column":79}}]},"9":{"type":"branch","line":72,"loc":{"start":{"line":72,"column":12},"end":{"line":82,"column":5}},"locations":[{"start":{"line":72,"column":12},"end":{"line":82,"column":5}}]},"10":{"type":"branch","line":73,"loc":{"start":{"line":73,"column":42},"end":{"line":73,"column":53}},"locations":[{"start":{"line":73,"column":42},"end":{"line":73,"column":53}}]},"11":{"type":"branch","line":79,"loc":{"start":{"line":79,"column":4},"end":{"line":81,"column":5}},"locations":[{"start":{"line":79,"column":4},"end":{"line":81,"column":5}}]},"12":{"type":"branch","line":85,"loc":{"start":{"line":85,"column":27},"end":{"line":85,"column":58}},"locations":[{"start":{"line":85,"column":27},"end":{"line":85,"column":58}}]},"13":{"type":"branch","line":117,"loc":{"start":{"line":117,"column":18},"end":{"line":117,"column":57}},"locations":[{"start":{"line":117,"column":18},"end":{"line":117,"column":57}}]},"14":{"type":"branch","line":118,"loc":{"start":{"line":118,"column":17},"end":{"line":123,"column":16}},"locations":[{"start":{"line":118,"column":17},"end":{"line":123,"column":16}}]}},"b":{"0":[28],"1":[0],"2":[0],"3":[28],"4":[18],"5":[0],"6":[31],"7":[9],"8":[0],"9":[9],"10":[0],"11":[0],"12":[47],"13":[3],"14":[31]},"fnMap":{"0":{"name":"clamp","decl":{"start":{"line":22,"column":0},"end":{"line":24,"column":1}},"loc":{"start":{"line":22,"column":0},"end":{"line":24,"column":1}},"line":22},"1":{"name":"loadWidths","decl":{"start":{"line":26,"column":0},"end":{"line":40,"column":1}},"loc":{"start":{"line":26,"column":0},"end":{"line":40,"column":1}},"line":26},"2":{"name":"AnalysisView","decl":{"start":{"line":44,"column":0},"end":{"line":141,"column":1}},"loc":{"start":{"line":44,"column":0},"end":{"line":141,"column":1}},"line":44},"3":{"name":"onDragStart","decl":{"start":{"line":110,"column":21},"end":{"line":110,"column":85}},"loc":{"start":{"line":110,"column":21},"end":{"line":110,"column":85}},"line":110},"4":{"name":"onChange","decl":{"start":{"line":129,"column":22},"end":{"line":129,"column":64}},"loc":{"start":{"line":129,"column":22},"end":{"line":129,"column":64}},"line":129},"5":{"name":"onDragStart","decl":{"start":{"line":135,"column":21},"end":{"line":135,"column":85}},"loc":{"start":{"line":135,"column":21},"end":{"line":135,"column":85}},"line":135}},"f":{"0":0,"1":28,"2":28,"3":0,"4":0,"5":0}}
,"/Users/jgoai/pr-triage-bot/.worktrees/2026-04-03-task-43/frontend/src/components/AnnotationFilterBar.tsx": {"path":"/Users/jgoai/pr-triage-bot/.worktrees/2026-04-03-task-43/frontend/src/components/AnnotationFilterBar.tsx","all":false,"statementMap":{"12":{"start":{"line":13,"column":0},"end":{"line":13,"column":79}},"14":{"start":{"line":15,"column":0},"end":{"line":15,"column":81}},"15":{"start":{"line":16,"column":0},"end":{"line":16,"column":10}},"16":{"start":{"line":17,"column":0},"end":{"line":17,"column":79}},"17":{"start":{"line":18,"column":0},"end":{"line":18,"column":54}},"18":{"start":{"line":19,"column":0},"end":{"line":19,"column":25}},"19":{"start":{"line":20,"column":0},"end":{"line":20,"column":15}},"20":{"start":{"line":21,"column":0},"end":{"line":21,"column":17}},"21":{"start":{"line":22,"column":0},"end":{"line":22,"column":23}},"22":{"start":{"line":23,"column":0},"end":{"line":23,"column":70}},"23":{"start":{"line":24,"column":0},"end":{"line":24,"column":33}},"24":{"start":{"line":25,"column":0},"end":{"line":25,"column":64}},"26":{"start":{"line":27,"column":0},"end":{"line":27,"column":13}},"27":{"start":{"line":28,"column":0},"end":{"line":28,"column":22}},"28":{"start":{"line":29,"column":0},"end":{"line":29,"column":60}},"30":{"start":{"line":31,"column":0},"end":{"line":31,"column":17}},"31":{"start":{"line":32,"column":0},"end":{"line":32,"column":9}},"32":{"start":{"line":33,"column":0},"end":{"line":33,"column":10}},"34":{"start":{"line":35,"column":0},"end":{"line":35,"column":1}}},"s":{"12":1,"14":30,"15":30,"16":30,"17":30,"18":30,"19":90,"20":90,"21":90,"22":90,"23":90,"24":90,"26":90,"27":90,"28":84,"30":90,"31":30,"32":30,"34":30},"branchMap":{"0":{"type":"branch","line":15,"loc":{"start":{"line":15,"column":0},"end":{"line":35,"column":1}},"locations":[{"start":{"line":15,"column":0},"end":{"line":35,"column":1}}]},"1":{"type":"branch","line":19,"loc":{"start":{"line":19,"column":17},"end":{"line":31,"column":17}},"locations":[{"start":{"line":19,"column":17},"end":{"line":31,"column":17}}]},"2":{"type":"branch","line":23,"loc":{"start":{"line":23,"column":47},"end":{"line":23,"column":65}},"locations":[{"start":{"line":23,"column":47},"end":{"line":23,"column":65}}]},"3":{"type":"branch","line":23,"loc":{"start":{"line":23,"column":51},"end":{"line":23,"column":67}},"locations":[{"start":{"line":23,"column":51},"end":{"line":23,"column":67}}]},"4":{"type":"branch","line":28,"loc":{"start":{"line":28,"column":11},"end":{"line":29,"column":60}},"locations":[{"start":{"line":28,"column":11},"end":{"line":29,"column":60}}]},"5":{"type":"branch","line":25,"loc":{"start":{"line":25,"column":19},"end":{"line":25,"column":64}},"locations":[{"start":{"line":25,"column":19},"end":{"line":25,"column":64}}]}},"b":{"0":[30],"1":[90],"2":[89],"3":[1],"4":[84],"5":[1]},"fnMap":{"0":{"name":"AnnotationFilterBar","decl":{"start":{"line":15,"column":0},"end":{"line":35,"column":1}},"loc":{"start":{"line":15,"column":0},"end":{"line":35,"column":1}},"line":15},"1":{"name":"onClick","decl":{"start":{"line":25,"column":19},"end":{"line":25,"column":64}},"loc":{"start":{"line":25,"column":19},"end":{"line":25,"column":64}},"line":25}},"f":{"0":30,"1":1}}
,"/Users/jgoai/pr-triage-bot/.worktrees/2026-04-03-task-43/frontend/src/components/ChatPanel.tsx": {"path":"/Users/jgoai/pr-triage-bot/.worktrees/2026-04-03-task-43/frontend/src/components/ChatPanel.tsx","all":false,"statementMap":{"0":{"start":{"line":1,"column":0},"end":{"line":1,"column":33}},"1":{"start":{"line":2,"column":0},"end":{"line":2,"column":48}},"11":{"start":{"line":12,"column":0},"end":{"line":12,"column":71}},"12":{"start":{"line":13,"column":0},"end":{"line":13,"column":58}},"13":{"start":{"line":14,"column":0},"end":{"line":14,"column":41}},"14":{"start":{"line":15,"column":0},"end":{"line":15,"column":48}},"15":{"start":{"line":16,"column":0},"end":{"line":16,"column":58}},"17":{"start":{"line":18,"column":0},"end":{"line":18,"column":28}},"18":{"start":{"line":19,"column":0},"end":{"line":19,"column":30}},"19":{"start":{"line":20,"column":0},"end":{"line":20,"column":33}},"20":{"start":{"line":21,"column":0},"end":{"line":21,"column":19}},"21":{"start":{"line":22,"column":0},"end":{"line":22,"column":34}},"22":{"start":{"line":23,"column":0},"end":{"line":23,"column":75}},"23":{"start":{"line":24,"column":0},"end":{"line":24,"column":22}},"24":{"start":{"line":25,"column":0},"end":{"line":25,"column":17}},"25":{"start":{"line":26,"column":0},"end":{"line":26,"column":21}},"26":{"start":{"line":27,"column":0},"end":{"line":27,"column":9}},"27":{"start":{"line":28,"column":0},"end":{"line":28,"column":44}},"28":{"start":{"line":29,"column":0},"end":{"line":29,"column":23}},"29":{"start":{"line":30,"column":0},"end":{"line":30,"column":56}},"30":{"start":{"line":31,"column":0},"end":{"line":31,"column":82}},"31":{"start":{"line":32,"column":0},"end":{"line":32,"column":9}},"32":{"start":{"line":33,"column":0},"end":{"line":33,"column":20}},"33":{"start":{"line":34,"column":0},"end":{"line":34,"column":81}},"34":{"start":{"line":35,"column":0},"end":{"line":35,"column":56}},"35":{"start":{"line":36,"column":0},"end":{"line":36,"column":7}},"36":{"start":{"line":37,"column":0},"end":{"line":37,"column":36}},"37":{"start":{"line":38,"column":0},"end":{"line":38,"column":73}},"38":{"start":{"line":39,"column":0},"end":{"line":39,"column":22}},"39":{"start":{"line":40,"column":0},"end":{"line":40,"column":43}},"40":{"start":{"line":41,"column":0},"end":{"line":41,"column":15}},"41":{"start":{"line":42,"column":0},"end":{"line":42,"column":24}},"42":{"start":{"line":43,"column":0},"end":{"line":43,"column":5}},"43":{"start":{"line":44,"column":0},"end":{"line":44,"column":4}},"45":{"start":{"line":46,"column":0},"end":{"line":46,"column":10}},"46":{"start":{"line":47,"column":0},"end":{"line":47,"column":32}},"47":{"start":{"line":48,"column":0},"end":{"line":48,"column":39}},"48":{"start":{"line":49,"column":0},"end":{"line":49,"column":101}},"49":{"start":{"line":50,"column":0},"end":{"line":50,"column":33}},"50":{"start":{"line":51,"column":0},"end":{"line":51,"column":74}},"51":{"start":{"line":52,"column":0},"end":{"line":52,"column":63}},"52":{"start":{"line":53,"column":0},"end":{"line":53,"column":43}},"53":{"start":{"line":54,"column":0},"end":{"line":54,"column":16}},"54":{"start":{"line":55,"column":0},"end":{"line":55,"column":11}},"55":{"start":{"line":56,"column":0},"end":{"line":56,"column":99}},"56":{"start":{"line":57,"column":0},"end":{"line":57,"column":12}},"57":{"start":{"line":58,"column":0},"end":{"line":58,"column":41}},"58":{"start":{"line":59,"column":0},"end":{"line":59,"column":17}},"59":{"start":{"line":60,"column":0},"end":{"line":60,"column":23}},"60":{"start":{"line":61,"column":0},"end":{"line":61,"column":44}},"61":{"start":{"line":62,"column":0},"end":{"line":62,"column":52}},"62":{"start":{"line":63,"column":0},"end":{"line":63,"column":29}},"63":{"start":{"line":64,"column":0},"end":{"line":64,"column":94}},"64":{"start":{"line":65,"column":0},"end":{"line":65,"column":12}},"65":{"start":{"line":66,"column":0},"end":{"line":66,"column":18}},"66":{"start":{"line":67,"column":0},"end":{"line":67,"column":28}},"67":{"start":{"line":68,"column":0},"end":{"line":68,"column":10}},"68":{"start":{"line":69,"column":0},"end":{"line":69,"column":87}},"69":{"start":{"line":70,"column":0},"end":{"line":70,"column":12}},"70":{"start":{"line":71,"column":0},"end":{"line":71,"column":57}},"71":{"start":{"line":72,"column":0},"end":{"line":72,"column":10}},"73":{"start":{"line":74,"column":0},"end":{"line":74,"column":1}}},"s":{"0":1,"1":1,"11":7,"12":7,"13":7,"14":7,"15":7,"17":7,"18":2,"19":2,"20":1,"21":1,"22":1,"23":1,"24":1,"25":1,"26":1,"27":1,"28":1,"29":1,"30":1,"31":1,"32":2,"33":0,"34":0,"35":0,"36":1,"37":1,"38":2,"39":0,"40":2,"41":1,"42":1,"43":2,"45":7,"46":7,"47":7,"48":7,"49":7,"50":3,"51":3,"52":3,"53":3,"54":7,"55":7,"56":7,"57":7,"58":7,"59":7,"60":7,"61":7,"62":7,"63":0,"64":0,"65":7,"66":7,"67":7,"68":7,"69":7,"70":7,"71":7,"73":7},"branchMap":{"0":{"type":"branch","line":12,"loc":{"start":{"line":12,"column":0},"end":{"line":74,"column":1}},"locations":[{"start":{"line":12,"column":0},"end":{"line":74,"column":1}}]},"1":{"type":"branch","line":49,"loc":{"start":{"line":49,"column":29},"end":{"line":49,"column":101}},"locations":[{"start":{"line":49,"column":29},"end":{"line":49,"column":101}}]},"2":{"type":"branch","line":56,"loc":{"start":{"line":56,"column":9},"end":{"line":56,"column":99}},"locations":[{"start":{"line":56,"column":9},"end":{"line":56,"column":99}}]},"3":{"type":"branch","line":71,"loc":{"start":{"line":71,"column":7},"end":{"line":71,"column":57}},"locations":[{"start":{"line":71,"column":7},"end":{"line":71,"column":57}}]},"4":{"type":"branch","line":18,"loc":{"start":{"line":18,"column":15},"end":{"line":44,"column":4}},"locations":[{"start":{"line":18,"column":15},"end":{"line":44,"column":4}}]},"5":{"type":"branch","line":20,"loc":{"start":{"line":20,"column":9},"end":{"line":20,"column":26}},"locations":[{"start":{"line":20,"column":9},"end":{"line":20,"column":26}}]},"6":{"type":"branch","line":20,"loc":{"start":{"line":20,"column":26},"end":{"line":33,"column":19}},"locations":[{"start":{"line":20,"column":26},"end":{"line":33,"column":19}}]},"7":{"type":"branch","line":33,"loc":{"start":{"line":33,"column":19},"end":{"line":36,"column":7}},"locations":[{"start":{"line":33,"column":19},"end":{"line":36,"column":7}}]},"8":{"type":"branch","line":36,"loc":{"start":{"line":36,"column":6},"end":{"line":39,"column":13}},"locations":[{"start":{"line":36,"column":6},"end":{"line":39,"column":13}}]},"9":{"type":"branch","line":39,"loc":{"start":{"line":39,"column":4},"end":{"line":41,"column":6}},"locations":[{"start":{"line":39,"column":4},"end":{"line":41,"column":6}}]},"10":{"type":"branch","line":41,"loc":{"start":{"line":41,"column":4},"end":{"line":43,"column":5}},"locations":[{"start":{"line":41,"column":4},"end":{"line":43,"column":5}}]},"11":{"type":"branch","line":50,"loc":{"start":{"line":50,"column":22},"end":{"line":54,"column":16}},"locations":[{"start":{"line":50,"column":22},"end":{"line":54,"column":16}}]},"12":{"type":"branch","line":52,"loc":{"start":{"line":52,"column":32},"end":{"line":52,"column":49}},"locations":[{"start":{"line":52,"column":32},"end":{"line":52,"column":49}}]},"13":{"type":"branch","line":52,"loc":{"start":{"line":52,"column":41},"end":{"line":52,"column":54}},"locations":[{"start":{"line":52,"column":41},"end":{"line":52,"column":54}}]},"14":{"type":"branch","line":62,"loc":{"start":{"line":62,"column":20},"end":{"line":62,"column":52}},"locations":[{"start":{"line":62,"column":20},"end":{"line":62,"column":52}}]}},"b":{"0":[7],"1":[5],"2":[1],"3":[0],"4":[2],"5":[1],"6":[1],"7":[0],"8":[1],"9":[0],"10":[1],"11":[3],"12":[2],"13":[1],"14":[1]},"fnMap":{"0":{"name":"ChatPanel","decl":{"start":{"line":12,"column":0},"end":{"line":74,"column":1}},"loc":{"start":{"line":12,"column":0},"end":{"line":74,"column":1}},"line":12},"1":{"name":"send","decl":{"start":{"line":18,"column":15},"end":{"line":44,"column":4}},"loc":{"start":{"line":18,"column":15},"end":{"line":44,"column":4}},"line":18},"2":{"name":"onChange","decl":{"start":{"line":62,"column":20},"end":{"line":62,"column":52}},"loc":{"start":{"line":62,"column":20},"end":{"line":62,"column":52}},"line":62},"3":{"name":"onKeyDown","decl":{"start":{"line":63,"column":21},"end":{"line":65,"column":12}},"loc":{"start":{"line":63,"column":21},"end":{"line":65,"column":12}},"line":63}},"f":{"0":7,"1":2,"2":1,"3":0}}
,"/Users/jgoai/pr-triage-bot/.worktrees/2026-04-03-task-43/frontend/src/components/CommentBox.tsx": {"path":"/Users/jgoai/pr-triage-bot/.worktrees/2026-04-03-task-43/frontend/src/components/CommentBox.tsx","all":false,"statementMap":{"0":{"start":{"line":1,"column":0},"end":{"line":1,"column":33}},"10":{"start":{"line":11,"column":0},"end":{"line":11,"column":36}},"11":{"start":{"line":12,"column":0},"end":{"line":12,"column":11}},"12":{"start":{"line":13,"column":0},"end":{"line":13,"column":35}},"13":{"start":{"line":14,"column":0},"end":{"line":14,"column":20}},"14":{"start":{"line":15,"column":0},"end":{"line":15,"column":30}},"15":{"start":{"line":16,"column":0},"end":{"line":16,"column":11}},"16":{"start":{"line":17,"column":0},"end":{"line":17,"column":11}},"17":{"start":{"line":18,"column":0},"end":{"line":18,"column":49}},"18":{"start":{"line":19,"column":0},"end":{"line":19,"column":24}},"19":{"start":{"line":20,"column":0},"end":{"line":20,"column":32}},"20":{"start":{"line":21,"column":0},"end":{"line":21,"column":25}},"21":{"start":{"line":22,"column":0},"end":{"line":22,"column":22}},"22":{"start":{"line":23,"column":0},"end":{"line":23,"column":16}},"23":{"start":{"line":24,"column":0},"end":{"line":24,"column":4}},"24":{"start":{"line":25,"column":0},"end":{"line":25,"column":10}},"25":{"start":{"line":26,"column":0},"end":{"line":26,"column":33}},"26":{"start":{"line":27,"column":0},"end":{"line":27,"column":15}},"27":{"start":{"line":28,"column":0},"end":{"line":28,"column":38}},"28":{"start":{"line":29,"column":0},"end":{"line":29,"column":20}},"29":{"start":{"line":30,"column":0},"end":{"line":30,"column":33}},"30":{"start":{"line":31,"column":0},"end":{"line":31,"column":49}},"31":{"start":{"line":32,"column":0},"end":{"line":32,"column":16}},"32":{"start":{"line":33,"column":0},"end":{"line":33,"column":8}},"33":{"start":{"line":34,"column":0},"end":{"line":34,"column":44}},"34":{"start":{"line":35,"column":0},"end":{"line":35,"column":99}},"35":{"start":{"line":36,"column":0},"end":{"line":36,"column":93}},"36":{"start":{"line":37,"column":0},"end":{"line":37,"column":12}},"37":{"start":{"line":38,"column":0},"end":{"line":38,"column":10}},"39":{"start":{"line":40,"column":0},"end":{"line":40,"column":1}}},"s":{"0":1,"10":10,"11":10,"12":10,"13":10,"14":10,"15":10,"16":10,"17":10,"18":10,"19":4,"20":4,"21":3,"22":3,"23":4,"24":10,"25":10,"26":10,"27":10,"28":10,"29":10,"30":10,"31":10,"32":10,"33":10,"34":10,"35":10,"36":10,"37":10,"39":10},"branchMap":{"0":{"type":"branch","line":11,"loc":{"start":{"line":11,"column":0},"end":{"line":40,"column":1}},"locations":[{"start":{"line":11,"column":0},"end":{"line":40,"column":1}}]},"1":{"type":"branch","line":35,"loc":{"start":{"line":35,"column":9},"end":{"line":35,"column":99}},"locations":[{"start":{"line":35,"column":9},"end":{"line":35,"column":99}}]},"2":{"type":"branch","line":19,"loc":{"start":{"line":19,"column":17},"end":{"line":24,"column":4}},"locations":[{"start":{"line":19,"column":17},"end":{"line":24,"column":4}}]},"3":{"type":"branch","line":21,"loc":{"start":{"line":21,"column":18},"end":{"line":23,"column":16}},"locations":[{"start":{"line":21,"column":18},"end":{"line":23,"column":16}}]},"4":{"type":"branch","line":21,"loc":{"start":{"line":21,"column":18},"end":{"line":21,"column":25}},"locations":[{"start":{"line":21,"column":18},"end":{"line":21,"column":25}}]},"5":{"type":"branch","line":31,"loc":{"start":{"line":31,"column":18},"end":{"line":31,"column":49}},"locations":[{"start":{"line":31,"column":18},"end":{"line":31,"column":49}}]}},"b":{"0":[10],"1":[6],"2":[4],"3":[3],"4":[1],"5":[3]},"fnMap":{"0":{"name":"CommentBox","decl":{"start":{"line":11,"column":0},"end":{"line":40,"column":1}},"loc":{"start":{"line":11,"column":0},"end":{"line":40,"column":1}},"line":11},"1":{"name":"submit","decl":{"start":{"line":19,"column":17},"end":{"line":24,"column":4}},"loc":{"start":{"line":19,"column":17},"end":{"line":24,"column":4}},"line":19},"2":{"name":"onChange","decl":{"start":{"line":31,"column":18},"end":{"line":31,"column":49}},"loc":{"start":{"line":31,"column":18},"end":{"line":31,"column":49}},"line":31}},"f":{"0":10,"1":4,"2":3}}
,"/Users/jgoai/pr-triage-bot/.worktrees/2026-04-03-task-43/frontend/src/components/CommentThread.tsx": {"path":"/Users/jgoai/pr-triage-bot/.worktrees/2026-04-03-task-43/frontend/src/components/CommentThread.tsx","all":false,"statementMap":{"0":{"start":{"line":1,"column":0},"end":{"line":1,"column":33}},"2":{"start":{"line":3,"column":0},"end":{"line":3,"column":59}},"3":{"start":{"line":4,"column":0},"end":{"line":4,"column":60}},"4":{"start":{"line":5,"column":0},"end":{"line":5,"column":41}},"5":{"start":{"line":6,"column":0},"end":{"line":6,"column":48}},"12":{"start":{"line":13,"column":0},"end":{"line":13,"column":65}},"13":{"start":{"line":14,"column":0},"end":{"line":14,"column":48}},"14":{"start":{"line":15,"column":0},"end":{"line":15,"column":66}},"15":{"start":{"line":16,"column":0},"end":{"line":16,"column":46}},"16":{"start":{"line":17,"column":0},"end":{"line":17,"column":56}},"18":{"start":{"line":19,"column":0},"end":{"line":19,"column":10}},"19":{"start":{"line":20,"column":0},"end":{"line":20,"column":36}},"20":{"start":{"line":21,"column":0},"end":{"line":21,"column":69}},"21":{"start":{"line":22,"column":0},"end":{"line":22,"column":28}},"22":{"start":{"line":23,"column":0},"end":{"line":23,"column":44}},"23":{"start":{"line":24,"column":0},"end":{"line":24,"column":33}},"24":{"start":{"line":25,"column":0},"end":{"line":25,"column":23}},"25":{"start":{"line":26,"column":0},"end":{"line":26,"column":35}},"26":{"start":{"line":27,"column":0},"end":{"line":27,"column":32}},"27":{"start":{"line":28,"column":0},"end":{"line":28,"column":102}},"28":{"start":{"line":29,"column":0},"end":{"line":29,"column":49}},"29":{"start":{"line":30,"column":0},"end":{"line":30,"column":14}},"31":{"start":{"line":32,"column":0},"end":{"line":32,"column":14}},"32":{"start":{"line":33,"column":0},"end":{"line":33,"column":42}},"33":{"start":{"line":34,"column":0},"end":{"line":34,"column":48}},"34":{"start":{"line":35,"column":0},"end":{"line":35,"column":93}},"35":{"start":{"line":36,"column":0},"end":{"line":36,"column":113}},"36":{"start":{"line":37,"column":0},"end":{"line":37,"column":20}},"37":{"start":{"line":38,"column":0},"end":{"line":38,"column":15}},"39":{"start":{"line":40,"column":0},"end":{"line":40,"column":14}},"40":{"start":{"line":41,"column":0},"end":{"line":41,"column":9}},"41":{"start":{"line":42,"column":0},"end":{"line":42,"column":17}},"42":{"start":{"line":43,"column":0},"end":{"line":43,"column":19}},"43":{"start":{"line":44,"column":0},"end":{"line":44,"column":95}},"44":{"start":{"line":45,"column":0},"end":{"line":45,"column":43}},"45":{"start":{"line":46,"column":0},"end":{"line":46,"column":10}},"47":{"start":{"line":48,"column":0},"end":{"line":48,"column":91}},"49":{"start":{"line":50,"column":0},"end":{"line":50,"column":10}},"51":{"start":{"line":52,"column":0},"end":{"line":52,"column":1}}},"s":{"0":1,"2":1,"3":1,"4":1,"5":1,"12":37,"13":37,"14":37,"15":37,"16":37,"18":37,"19":37,"20":37,"21":37,"22":10,"23":10,"24":2,"25":2,"26":2,"27":2,"28":2,"29":2,"31":8,"32":8,"33":8,"34":8,"35":8,"36":8,"37":8,"39":10,"40":37,"41":37,"42":2,"43":2,"44":2,"45":2,"47":35,"49":37,"51":37},"branchMap":{"0":{"type":"branch","line":13,"loc":{"start":{"line":13,"column":0},"end":{"line":52,"column":1}},"locations":[{"start":{"line":13,"column":0},"end":{"line":52,"column":1}}]},"1":{"type":"branch","line":21,"loc":{"start":{"line":21,"column":7},"end":{"line":21,"column":69}},"locations":[{"start":{"line":21,"column":7},"end":{"line":21,"column":69}}]},"2":{"type":"branch","line":42,"loc":{"start":{"line":42,"column":7},"end":{"line":46,"column":10}},"locations":[{"start":{"line":42,"column":7},"end":{"line":46,"column":10}}]},"3":{"type":"branch","line":46,"loc":{"start":{"line":46,"column":8},"end":{"line":48,"column":91}},"locations":[{"start":{"line":46,"column":8},"end":{"line":48,"column":91}}]},"4":{"type":"branch","line":22,"loc":{"start":{"line":22,"column":20},"end":{"line":40,"column":14}},"locations":[{"start":{"line":22,"column":20},"end":{"line":40,"column":14}}]},"5":{"type":"branch","line":24,"loc":{"start":{"line":24,"column":27},"end":{"line":30,"column":14}},"locations":[{"start":{"line":24,"column":27},"end":{"line":30,"column":14}}]},"6":{"type":"branch","line":30,"loc":{"start":{"line":30,"column":12},"end":{"line":38,"column":15}},"locations":[{"start":{"line":30,"column":12},"end":{"line":38,"column":15}}]},"7":{"type":"branch","line":28,"loc":{"start":{"line":28,"column":24},"end":{"line":28,"column":102}},"locations":[{"start":{"line":28,"column":24},"end":{"line":28,"column":102}}]},"8":{"type":"branch","line":29,"loc":{"start":{"line":29,"column":24},"end":{"line":29,"column":49}},"locations":[{"start":{"line":29,"column":24},"end":{"line":29,"column":49}}]},"9":{"type":"branch","line":35,"loc":{"start":{"line":35,"column":54},"end":{"line":35,"column":80}},"locations":[{"start":{"line":35,"column":54},"end":{"line":35,"column":80}}]},"10":{"type":"branch","line":36,"loc":{"start":{"line":36,"column":54},"end":{"line":36,"column":98}},"locations":[{"start":{"line":36,"column":54},"end":{"line":36,"column":98}}]},"11":{"type":"branch","line":44,"loc":{"start":{"line":44,"column":20},"end":{"line":44,"column":95}},"locations":[{"start":{"line":44,"column":20},"end":{"line":44,"column":95}}]},"12":{"type":"branch","line":45,"loc":{"start":{"line":45,"column":20},"end":{"line":45,"column":43}},"locations":[{"start":{"line":45,"column":20},"end":{"line":45,"column":43}}]},"13":{"type":"branch","line":48,"loc":{"start":{"line":48,"column":46},"end":{"line":48,"column":69}},"locations":[{"start":{"line":48,"column":46},"end":{"line":48,"column":69}}]}},"b":{"0":[37],"1":[11],"2":[2],"3":[35],"4":[10],"5":[2],"6":[8],"7":[1],"8":[1],"9":[2],"10":[1],"11":[1],"12":[1],"13":[2]},"fnMap":{"0":{"name":"CommentThread","decl":{"start":{"line":13,"column":0},"end":{"line":52,"column":1}},"loc":{"start":{"line":13,"column":0},"end":{"line":52,"column":1}},"line":13},"1":{"name":"onSubmit","decl":{"start":{"line":28,"column":24},"end":{"line":28,"column":102}},"loc":{"start":{"line":28,"column":24},"end":{"line":28,"column":102}},"line":28},"2":{"name":"onCancel","decl":{"start":{"line":29,"column":24},"end":{"line":29,"column":49}},"loc":{"start":{"line":29,"column":24},"end":{"line":29,"column":49}},"line":29},"3":{"name":"onClick","decl":{"start":{"line":35,"column":54},"end":{"line":35,"column":80}},"loc":{"start":{"line":35,"column":54},"end":{"line":35,"column":80}},"line":35},"4":{"name":"onClick","decl":{"start":{"line":36,"column":54},"end":{"line":36,"column":98}},"loc":{"start":{"line":36,"column":54},"end":{"line":36,"column":98}},"line":36},"5":{"name":"onSubmit","decl":{"start":{"line":44,"column":20},"end":{"line":44,"column":95}},"loc":{"start":{"line":44,"column":20},"end":{"line":44,"column":95}},"line":44},"6":{"name":"onCancel","decl":{"start":{"line":45,"column":20},"end":{"line":45,"column":43}},"loc":{"start":{"line":45,"column":20},"end":{"line":45,"column":43}},"line":45},"7":{"name":"onClick","decl":{"start":{"line":48,"column":46},"end":{"line":48,"column":69}},"loc":{"start":{"line":48,"column":46},"end":{"line":48,"column":69}},"line":48}},"f":{"0":37,"1":1,"2":1,"3":2,"4":1,"5":1,"6":1,"7":2}}
,"/Users/jgoai/pr-triage-bot/.worktrees/2026-04-03-task-43/frontend/src/components/DiffLineAnnotation.tsx": {"path":"/Users/jgoai/pr-triage-bot/.worktrees/2026-04-03-task-43/frontend/src/components/DiffLineAnnotation.tsx","all":false,"statementMap":{"1":{"start":{"line":2,"column":0},"end":{"line":2,"column":47}},"12":{"start":{"line":13,"column":0},"end":{"line":13,"column":101}},"13":{"start":{"line":14,"column":0},"end":{"line":14,"column":79}},"14":{"start":{"line":15,"column":0},"end":{"line":15,"column":10}},"15":{"start":{"line":16,"column":0},"end":{"line":16,"column":83}},"16":{"start":{"line":17,"column":0},"end":{"line":17,"column":47}},"17":{"start":{"line":18,"column":0},"end":{"line":18,"column":104}},"18":{"start":{"line":19,"column":0},"end":{"line":19,"column":121}},"19":{"start":{"line":20,"column":0},"end":{"line":20,"column":12}},"20":{"start":{"line":21,"column":0},"end":{"line":21,"column":70}},"21":{"start":{"line":22,"column":0},"end":{"line":22,"column":89}},"22":{"start":{"line":23,"column":0},"end":{"line":23,"column":10}},"24":{"start":{"line":25,"column":0},"end":{"line":25,"column":1}}},"s":{"1":1,"12":11,"13":11,"14":11,"15":11,"16":11,"17":11,"18":11,"19":11,"20":11,"21":11,"22":11,"24":11},"branchMap":{"0":{"type":"branch","line":13,"loc":{"start":{"line":13,"column":0},"end":{"line":25,"column":1}},"locations":[{"start":{"line":13,"column":0},"end":{"line":25,"column":1}}]},"1":{"type":"branch","line":19,"loc":{"start":{"line":19,"column":72},"end":{"line":19,"column":111}},"locations":[{"start":{"line":19,"column":72},"end":{"line":19,"column":111}}]},"2":{"type":"branch","line":19,"loc":{"start":{"line":19,"column":106},"end":{"line":19,"column":114}},"locations":[{"start":{"line":19,"column":106},"end":{"line":19,"column":114}}]}},"b":{"0":[11],"1":[5],"2":[6]},"fnMap":{"0":{"name":"DiffLineAnnotation","decl":{"start":{"line":13,"column":0},"end":{"line":25,"column":1}},"loc":{"start":{"line":13,"column":0},"end":{"line":25,"column":1}},"line":13}},"f":{"0":11}}
,"/Users/jgoai/pr-triage-bot/.worktrees/2026-04-03-task-43/frontend/src/components/DiffViewer.tsx": {"path":"/Users/jgoai/pr-triage-bot/.worktrees/2026-04-03-task-43/frontend/src/components/DiffViewer.tsx","all":false,"statementMap":{"0":{"start":{"line":1,"column":0},"end":{"line":1,"column":58}},"1":{"start":{"line":2,"column":0},"end":{"line":2,"column":66}},"2":{"start":{"line":3,"column":0},"end":{"line":3,"column":38}},"3":{"start":{"line":4,"column":0},"end":{"line":4,"column":36}},"4":{"start":{"line":5,"column":0},"end":{"line":5,"column":36}},"5":{"start":{"line":6,"column":0},"end":{"line":6,"column":41}},"6":{"start":{"line":7,"column":0},"end":{"line":7,"column":34}},"8":{"start":{"line":9,"column":0},"end":{"line":9,"column":28}},"9":{"start":{"line":10,"column":0},"end":{"line":10,"column":28}},"13":{"start":{"line":14,"column":0},"end":{"line":14,"column":23}},"14":{"start":{"line":15,"column":0},"end":{"line":15,"column":46}},"15":{"start":{"line":16,"column":0},"end":{"line":16,"column":56}},"16":{"start":{"line":17,"column":0},"end":{"line":17,"column":32}},"17":{"start":{"line":18,"column":0},"end":{"line":18,"column":4}},"18":{"start":{"line":19,"column":0},"end":{"line":19,"column":2}},"21":{"start":{"line":22,"column":0},"end":{"line":22,"column":48}},"22":{"start":{"line":23,"column":0},"end":{"line":23,"column":57}},"23":{"start":{"line":24,"column":0},"end":{"line":24,"column":47}},"24":{"start":{"line":25,"column":0},"end":{"line":25,"column":41}},"25":{"start":{"line":26,"column":0},"end":{"line":26,"column":59}},"26":{"start":{"line":27,"column":0},"end":{"line":27,"column":60}},"35":{"start":{"line":36,"column":0},"end":{"line":36,"column":47}},"36":{"start":{"line":37,"column":0},"end":{"line":37,"column":42}},"37":{"start":{"line":38,"column":0},"end":{"line":38,"column":39}},"38":{"start":{"line":39,"column":0},"end":{"line":39,"column":63}},"39":{"start":{"line":40,"column":0},"end":{"line":40,"column":65}},"40":{"start":{"line":41,"column":0},"end":{"line":41,"column":88}},"41":{"start":{"line":42,"column":0},"end":{"line":42,"column":4}},"42":{"start":{"line":43,"column":0},"end":{"line":43,"column":28}},"43":{"start":{"line":44,"column":0},"end":{"line":44,"column":1}},"45":{"start":{"line":46,"column":0},"end":{"line":46,"column":82}},"46":{"start":{"line":47,"column":0},"end":{"line":47,"column":135}},"47":{"start":{"line":48,"column":0},"end":{"line":48,"column":65}},"49":{"start":{"line":50,"column":0},"end":{"line":50,"column":31}},"50":{"start":{"line":51,"column":0},"end":{"line":51,"column":104}},"51":{"start":{"line":52,"column":0},"end":{"line":52,"column":9}},"52":{"start":{"line":53,"column":0},"end":{"line":53,"column":43}},"53":{"start":{"line":54,"column":0},"end":{"line":54,"column":13}},"54":{"start":{"line":55,"column":0},"end":{"line":55,"column":16}},"55":{"start":{"line":56,"column":0},"end":{"line":56,"column":5}},"56":{"start":{"line":57,"column":0},"end":{"line":57,"column":29}},"58":{"start":{"line":59,"column":0},"end":{"line":59,"column":32}},"59":{"start":{"line":60,"column":0},"end":{"line":60,"column":36}},"60":{"start":{"line":61,"column":0},"end":{"line":61,"column":9}},"61":{"start":{"line":62,"column":0},"end":{"line":62,"column":122}},"62":{"start":{"line":63,"column":0},"end":{"line":63,"column":33}},"63":{"start":{"line":64,"column":0},"end":{"line":64,"column":25}},"69":{"start":{"line":70,"column":0},"end":{"line":70,"column":71}},"70":{"start":{"line":71,"column":0},"end":{"line":71,"column":87}},"71":{"start":{"line":72,"column":0},"end":{"line":72,"column":90}},"72":{"start":{"line":73,"column":0},"end":{"line":73,"column":40}},"73":{"start":{"line":74,"column":0},"end":{"line":74,"column":50}},"74":{"start":{"line":75,"column":0},"end":{"line":75,"column":30}},"75":{"start":{"line":76,"column":0},"end":{"line":76,"column":48}},"76":{"start":{"line":77,"column":0},"end":{"line":77,"column":59}},"77":{"start":{"line":78,"column":0},"end":{"line":78,"column":7}},"78":{"start":{"line":79,"column":0},"end":{"line":79,"column":19}},"79":{"start":{"line":80,"column":0},"end":{"line":80,"column":6}},"80":{"start":{"line":81,"column":0},"end":{"line":81,"column":44}},"81":{"start":{"line":82,"column":0},"end":{"line":82,"column":54}},"82":{"start":{"line":83,"column":0},"end":{"line":83,"column":54}},"83":{"start":{"line":84,"column":0},"end":{"line":84,"column":64}},"84":{"start":{"line":85,"column":0},"end":{"line":85,"column":56}},"85":{"start":{"line":86,"column":0},"end":{"line":86,"column":7}},"86":{"start":{"line":87,"column":0},"end":{"line":87,"column":78}},"87":{"start":{"line":88,"column":0},"end":{"line":88,"column":32}},"89":{"start":{"line":90,"column":0},"end":{"line":90,"column":33}},"90":{"start":{"line":91,"column":0},"end":{"line":91,"column":44}},"93":{"start":{"line":94,"column":0},"end":{"line":94,"column":50}},"94":{"start":{"line":95,"column":0},"end":{"line":95,"column":36}},"95":{"start":{"line":96,"column":0},"end":{"line":96,"column":36}},"96":{"start":{"line":97,"column":0},"end":{"line":97,"column":30}},"97":{"start":{"line":98,"column":0},"end":{"line":98,"column":20}},"98":{"start":{"line":99,"column":0},"end":{"line":99,"column":27}},"99":{"start":{"line":100,"column":0},"end":{"line":100,"column":19}},"100":{"start":{"line":101,"column":0},"end":{"line":101,"column":26}},"101":{"start":{"line":102,"column":0},"end":{"line":102,"column":31}},"102":{"start":{"line":103,"column":0},"end":{"line":103,"column":26}},"103":{"start":{"line":104,"column":0},"end":{"line":104,"column":31}},"104":{"start":{"line":105,"column":0},"end":{"line":105,"column":10}},"106":{"start":{"line":107,"column":0},"end":{"line":107,"column":55}},"107":{"start":{"line":108,"column":0},"end":{"line":108,"column":7}},"110":{"start":{"line":111,"column":0},"end":{"line":111,"column":35}},"111":{"start":{"line":112,"column":0},"end":{"line":112,"column":43}},"112":{"start":{"line":113,"column":0},"end":{"line":113,"column":82}},"113":{"start":{"line":114,"column":0},"end":{"line":114,"column":38}},"114":{"start":{"line":115,"column":0},"end":{"line":115,"column":61}},"115":{"start":{"line":116,"column":0},"end":{"line":116,"column":92}},"116":{"start":{"line":117,"column":0},"end":{"line":117,"column":20}},"117":{"start":{"line":118,"column":0},"end":{"line":118,"column":68}},"118":{"start":{"line":119,"column":0},"end":{"line":119,"column":38}},"119":{"start":{"line":120,"column":0},"end":{"line":120,"column":44}},"120":{"start":{"line":121,"column":0},"end":{"line":121,"column":109}},"121":{"start":{"line":122,"column":0},"end":{"line":122,"column":16}},"122":{"start":{"line":123,"column":0},"end":{"line":123,"column":14}},"124":{"start":{"line":125,"column":0},"end":{"line":125,"column":30}},"125":{"start":{"line":126,"column":0},"end":{"line":126,"column":55}},"126":{"start":{"line":127,"column":0},"end":{"line":127,"column":7}},"129":{"start":{"line":130,"column":0},"end":{"line":130,"column":28}},"130":{"start":{"line":131,"column":0},"end":{"line":131,"column":46}},"131":{"start":{"line":132,"column":0},"end":{"line":132,"column":28}},"132":{"start":{"line":133,"column":0},"end":{"line":133,"column":72}},"133":{"start":{"line":134,"column":0},"end":{"line":134,"column":21}},"134":{"start":{"line":135,"column":0},"end":{"line":135,"column":33}},"135":{"start":{"line":136,"column":0},"end":{"line":136,"column":42}},"136":{"start":{"line":137,"column":0},"end":{"line":137,"column":121}},"137":{"start":{"line":138,"column":0},"end":{"line":138,"column":21}},"138":{"start":{"line":139,"column":0},"end":{"line":139,"column":16}},"139":{"start":{"line":140,"column":0},"end":{"line":140,"column":41}},"140":{"start":{"line":141,"column":0},"end":{"line":141,"column":14}},"141":{"start":{"line":142,"column":0},"end":{"line":142,"column":55}},"142":{"start":{"line":143,"column":0},"end":{"line":143,"column":12}},"143":{"start":{"line":144,"column":0},"end":{"line":144,"column":14}},"145":{"start":{"line":146,"column":0},"end":{"line":146,"column":36}},"146":{"start":{"line":147,"column":0},"end":{"line":147,"column":77}},"147":{"start":{"line":148,"column":0},"end":{"line":148,"column":5}},"149":{"start":{"line":150,"column":0},"end":{"line":150,"column":13}},"150":{"start":{"line":151,"column":0},"end":{"line":151,"column":92}},"153":{"start":{"line":154,"column":0},"end":{"line":154,"column":63}},"154":{"start":{"line":155,"column":0},"end":{"line":155,"column":45}},"155":{"start":{"line":156,"column":0},"end":{"line":156,"column":94}},"156":{"start":{"line":157,"column":0},"end":{"line":157,"column":66}},"158":{"start":{"line":159,"column":0},"end":{"line":159,"column":10}},"159":{"start":{"line":160,"column":0},"end":{"line":160,"column":33}},"160":{"start":{"line":161,"column":0},"end":{"line":161,"column":105}},"162":{"start":{"line":163,"column":0},"end":{"line":163,"column":66}},"163":{"start":{"line":164,"column":0},"end":{"line":164,"column":13}},"164":{"start":{"line":165,"column":0},"end":{"line":165,"column":29}},"165":{"start":{"line":166,"column":0},"end":{"line":166,"column":34}},"166":{"start":{"line":167,"column":0},"end":{"line":167,"column":32}},"167":{"start":{"line":168,"column":0},"end":{"line":168,"column":25}},"168":{"start":{"line":169,"column":0},"end":{"line":169,"column":27}},"169":{"start":{"line":170,"column":0},"end":{"line":170,"column":25}},"170":{"start":{"line":171,"column":0},"end":{"line":171,"column":49}},"171":{"start":{"line":172,"column":0},"end":{"line":172,"column":47}},"172":{"start":{"line":173,"column":0},"end":{"line":173,"column":36}},"173":{"start":{"line":174,"column":0},"end":{"line":174,"column":61}},"174":{"start":{"line":175,"column":0},"end":{"line":175,"column":62}},"175":{"start":{"line":176,"column":0},"end":{"line":176,"column":32}},"176":{"start":{"line":177,"column":0},"end":{"line":177,"column":68}},"177":{"start":{"line":178,"column":0},"end":{"line":178,"column":92}},"178":{"start":{"line":179,"column":0},"end":{"line":179,"column":14}},"179":{"start":{"line":180,"column":0},"end":{"line":180,"column":12}},"181":{"start":{"line":182,"column":0},"end":{"line":182,"column":84}},"182":{"start":{"line":183,"column":0},"end":{"line":183,"column":15}},"184":{"start":{"line":185,"column":0},"end":{"line":185,"column":64}},"187":{"start":{"line":188,"column":0},"end":{"line":188,"column":42}},"188":{"start":{"line":189,"column":0},"end":{"line":189,"column":59}},"189":{"start":{"line":190,"column":0},"end":{"line":190,"column":32}},"190":{"start":{"line":191,"column":0},"end":{"line":191,"column":59}},"192":{"start":{"line":193,"column":0},"end":{"line":193,"column":18}},"194":{"start":{"line":195,"column":0},"end":{"line":195,"column":54}},"195":{"start":{"line":196,"column":0},"end":{"line":196,"column":31}},"196":{"start":{"line":197,"column":0},"end":{"line":197,"column":23}},"197":{"start":{"line":198,"column":0},"end":{"line":198,"column":30}},"198":{"start":{"line":199,"column":0},"end":{"line":199,"column":35}},"199":{"start":{"line":200,"column":0},"end":{"line":200,"column":30}},"200":{"start":{"line":201,"column":0},"end":{"line":201,"column":35}},"201":{"start":{"line":202,"column":0},"end":{"line":202,"column":14}},"202":{"start":{"line":203,"column":0},"end":{"line":203,"column":13}},"203":{"start":{"line":204,"column":0},"end":{"line":204,"column":14}},"206":{"start":{"line":207,"column":0},"end":{"line":207,"column":10}},"208":{"start":{"line":209,"column":0},"end":{"line":209,"column":1}}},"s":{"0":1,"1":1,"2":1,"3":1,"4":1,"5":1,"6":1,"8":1,"9":1,"13":1,"14":1,"15":12,"16":12,"17":12,"18":1,"21":1,"22":1,"23":1,"24":1,"25":1,"26":1,"35":6,"36":6,"37":6,"38":6,"39":6,"40":6,"41":6,"42":6,"43":6,"45":10,"46":10,"47":10,"49":10,"50":9,"51":9,"52":9,"53":9,"54":3,"55":3,"56":10,"58":10,"59":9,"60":6,"61":6,"62":6,"63":10,"69":10,"70":9,"71":9,"72":9,"73":9,"74":9,"75":9,"76":9,"77":9,"78":1,"79":9,"80":9,"81":13,"82":13,"83":13,"84":13,"85":9,"86":9,"87":10,"89":10,"90":9,"93":9,"94":8,"95":7,"96":7,"97":7,"98":7,"99":7,"100":7,"101":7,"102":7,"103":7,"104":7,"106":8,"107":9,"110":9,"111":1,"112":1,"113":1,"114":1,"115":1,"116":1,"117":1,"118":1,"119":1,"120":1,"121":1,"122":1,"124":1,"125":1,"126":9,"129":9,"130":0,"131":0,"132":0,"133":0,"134":0,"135":0,"136":0,"137":0,"138":0,"139":0,"140":0,"141":0,"142":0,"143":0,"145":0,"146":0,"147":0,"149":9,"150":10,"153":10,"154":10,"155":5,"156":5,"158":10,"159":10,"160":10,"162":10,"163":5,"164":5,"165":5,"166":5,"167":5,"168":5,"169":5,"170":5,"171":0,"172":0,"173":0,"174":0,"175":0,"176":0,"177":0,"178":0,"179":5,"181":5,"182":5,"184":5,"187":10,"188":6,"189":6,"190":1,"192":1,"194":6,"195":6,"196":6,"197":6,"198":6,"199":6,"200":6,"201":6,"202":6,"203":6,"206":10,"208":10},"branchMap":{"0":{"type":"branch","line":15,"loc":{"start":{"line":15,"column":13},"end":{"line":18,"column":4}},"locations":[{"start":{"line":15,"column":13},"end":{"line":18,"column":4}}]},"1":{"type":"branch","line":17,"loc":{"start":{"line":17,"column":17},"end":{"line":17,"column":32}},"locations":[{"start":{"line":17,"column":17},"end":{"line":17,"column":32}}]},"2":{"type":"branch","line":36,"loc":{"start":{"line":36,"column":0},"end":{"line":44,"column":1}},"locations":[{"start":{"line":36,"column":0},"end":{"line":44,"column":1}}]},"3":{"type":"branch","line":37,"loc":{"start":{"line":37,"column":34},"end":{"line":37,"column":42}},"locations":[{"start":{"line":37,"column":34},"end":{"line":37,"column":42}}]},"4":{"type":"branch","line":43,"loc":{"start":{"line":43,"column":16},"end":{"line":43,"column":28}},"locations":[{"start":{"line":43,"column":16},"end":{"line":43,"column":28}}]},"5":{"type":"branch","line":46,"loc":{"start":{"line":46,"column":0},"end":{"line":209,"column":1}},"locations":[{"start":{"line":46,"column":0},"end":{"line":209,"column":1}}]},"6":{"type":"branch","line":154,"loc":{"start":{"line":154,"column":34},"end":{"line":154,"column":63}},"locations":[{"start":{"line":154,"column":34},"end":{"line":154,"column":63}}]},"7":{"type":"branch","line":155,"loc":{"start":{"line":155,"column":30},"end":{"line":156,"column":94}},"locations":[{"start":{"line":155,"column":30},"end":{"line":156,"column":94}}]},"8":{"type":"branch","line":156,"loc":{"start":{"line":156,"column":93},"end":{"line":157,"column":66}},"locations":[{"start":{"line":156,"column":93},"end":{"line":157,"column":66}}]},"9":{"type":"branch","line":163,"loc":{"start":{"line":163,"column":14},"end":{"line":163,"column":37}},"locations":[{"start":{"line":163,"column":14},"end":{"line":163,"column":37}}]},"10":{"type":"branch","line":163,"loc":{"start":{"line":163,"column":28},"end":{"line":163,"column":66}},"locations":[{"start":{"line":163,"column":28},"end":{"line":163,"column":66}}]},"11":{"type":"branch","line":163,"loc":{"start":{"line":163,"column":61},"end":{"line":183,"column":15}},"locations":[{"start":{"line":163,"column":61},"end":{"line":183,"column":15}}]},"12":{"type":"branch","line":183,"loc":{"start":{"line":183,"column":8},"end":{"line":185,"column":64}},"locations":[{"start":{"line":183,"column":8},"end":{"line":185,"column":64}}]},"13":{"type":"branch","line":188,"loc":{"start":{"line":188,"column":36},"end":{"line":204,"column":14}},"locations":[{"start":{"line":188,"column":36},"end":{"line":204,"column":14}}]},"14":{"type":"branch","line":190,"loc":{"start":{"line":190,"column":12},"end":{"line":193,"column":18}},"locations":[{"start":{"line":190,"column":12},"end":{"line":193,"column":18}}]},"15":{"type":"branch","line":50,"loc":{"start":{"line":50,"column":24},"end":{"line":57,"column":5}},"locations":[{"start":{"line":50,"column":24},"end":{"line":57,"column":5}}]},"16":{"type":"branch","line":54,"loc":{"start":{"line":54,"column":4},"end":{"line":56,"column":5}},"locations":[{"start":{"line":54,"column":4},"end":{"line":56,"column":5}}]},"17":{"type":"branch","line":59,"loc":{"start":{"line":59,"column":25},"end":{"line":64,"column":5}},"locations":[{"start":{"line":59,"column":25},"end":{"line":64,"column":5}}]},"18":{"type":"branch","line":60,"loc":{"start":{"line":60,"column":19},"end":{"line":60,"column":36}},"locations":[{"start":{"line":60,"column":19},"end":{"line":60,"column":36}}]},"19":{"type":"branch","line":60,"loc":{"start":{"line":60,"column":26},"end":{"line":63,"column":33}},"locations":[{"start":{"line":60,"column":26},"end":{"line":63,"column":33}}]},"20":{"type":"branch","line":63,"loc":{"start":{"line":63,"column":4},"end":{"line":63,"column":33}},"locations":[{"start":{"line":63,"column":4},"end":{"line":63,"column":33}}]},"21":{"type":"branch","line":70,"loc":{"start":{"line":70,"column":64},"end":{"line":88,"column":5}},"locations":[{"start":{"line":70,"column":64},"end":{"line":88,"column":5}}]},"22":{"type":"branch","line":73,"loc":{"start":{"line":73,"column
[...]
:15},"1":{"name":"targetKey","decl":{"start":{"line":19,"column":0},"end":{"line":26,"column":1}},"loc":{"start":{"line":19,"column":0},"end":{"line":26,"column":1}},"line":19},"2":{"name":"readManifest","decl":{"start":{"line":28,"column":0},"end":{"line":36,"column":1}},"loc":{"start":{"line":28,"column":0},"end":{"line":36,"column":1}},"line":28},"3":{"name":"writeManifest","decl":{"start":{"line":38,"column":0},"end":{"line":44,"column":1}},"loc":{"start":{"line":38,"column":0},"end":{"line":44,"column":1}},"line":38},"4":{"name":"upsertManifest","decl":{"start":{"line":46,"column":0},"end":{"line":56,"column":1}},"loc":{"start":{"line":46,"column":0},"end":{"line":56,"column":1}},"line":46},"5":{"name":"removeFromManifest","decl":{"start":{"line":58,"column":0},"end":{"line":67,"column":1}},"loc":{"start":{"line":58,"column":0},"end":{"line":67,"column":1}},"line":58},"6":{"name":"persistDraft","decl":{"start":{"line":69,"column":0},"end":{"line":78,"column":1}},"loc":{"start":{"line":69,"column":0},"end":{"line":78,"column":1}},"line":69},"7":{"name":"loadDraft","decl":{"start":{"line":80,"column":0},"end":{"line":88,"column":1}},"loc":{"start":{"line":80,"column":0},"end":{"line":88,"column":1}},"line":80},"8":{"name":"createStore","decl":{"start":{"line":90,"column":0},"end":{"line":171,"column":1}},"loc":{"start":{"line":90,"column":0},"end":{"line":171,"column":1}},"line":90},"9":{"name":"notify","decl":{"start":{"line":94,"column":17},"end":{"line":94,"column":58}},"loc":{"start":{"line":94,"column":17},"end":{"line":94,"column":58}},"line":94},"10":{"name":"persist","decl":{"start":{"line":96,"column":18},"end":{"line":96,"column":60}},"loc":{"start":{"line":96,"column":18},"end":{"line":96,"column":60}},"line":96},"11":{"name":"setPrUrl","decl":{"start":{"line":99,"column":4},"end":{"line":99,"column":74}},"loc":{"start":{"line":99,"column":4},"end":{"line":99,"column":74}},"line":99},"12":{"name":"setEvent","decl":{"start":{"line":100,"column":4},"end":{"line":100,"column":96}},"loc":{"start":{"line":100,"column":4},"end":{"line":100,"column":96}},"line":100},"13":{"name":"setSummary","decl":{"start":{"line":101,"column":4},"end":{"line":101,"column":88}},"loc":{"start":{"line":101,"column":4},"end":{"line":101,"column":88}},"line":101},"14":{"name":"addComment","decl":{"start":{"line":102,"column":4},"end":{"line":108,"column":6}},"loc":{"start":{"line":102,"column":4},"end":{"line":108,"column":6}},"line":102},"15":{"name":"updateComment","decl":{"start":{"line":109,"column":4},"end":{"line":113,"column":6}},"loc":{"start":{"line":109,"column":4},"end":{"line":113,"column":6}},"line":109},"16":{"name":"removeComment","decl":{"start":{"line":114,"column":4},"end":{"line":118,"column":6}},"loc":{"start":{"line":114,"column":4},"end":{"line":118,"column":6}},"line":114},"17":{"name":"getComments","decl":{"start":{"line":119,"column":4},"end":{"line":122,"column":6}},"loc":{"start":{"line":119,"column":4},"end":{"line":122,"column":6}},"line":119},"18":{"name":"all","decl":{"start":{"line":123,"column":4},"end":{"line":123,"column":54}},"loc":{"start":{"line":123,"column":4},"end":{"line":123,"column":54}},"line":123},"19":{"name":"snapshot","decl":{"start":{"line":124,"column":4},"end":{"line":124,"column":46}},"loc":{"start":{"line":124,"column":4},"end":{"line":124,"column":46}},"line":124},"20":{"name":"reset","decl":{"start":{"line":125,"column":4},"end":{"line":140,"column":6}},"loc":{"start":{"line":125,"column":4},"end":{"line":140,"column":6}},"line":125},"21":{"name":"loadFor","decl":{"start":{"line":141,"column":4},"end":{"line":168,"column":6}},"loc":{"start":{"line":141,"column":4},"end":{"line":168,"column":6}},"line":141},"22":{"name":"subscribe","decl":{"start":{"line":169,"column":4},"end":{"line":169,"column":83}},"loc":{"start":{"line":169,"column":4},"end":{"line":169,"column":83}},"line":169}},"f":{"0":29,"1":61,"2":25,"3":9,"4":4,"5":5,"6":37,"7":19,"8":10,"9":126,"10":37,"11":0,"12":0,"13":0,"14":31,"15":2,"16":4,"17":44,"18":5,"19":573,"20":71,"21":18,"22":183}}
,"/Users/jgoai/pr-triage-bot/.worktrees/2026-04-03-task-43/frontend/src/state/viewedStore.ts": {"path":"/Users/jgoai/pr-triage-bot/.worktrees/2026-04-03-task-43/frontend/src/state/viewedStore.ts","all":false,"statementMap":{"6":{"start":{"line":7,"column":0},"end":{"line":7,"column":60}},"7":{"start":{"line":8,"column":0},"end":{"line":8,"column":48}},"8":{"start":{"line":9,"column":0},"end":{"line":9,"column":1}},"10":{"start":{"line":11,"column":0},"end":{"line":11,"column":63}},"11":{"start":{"line":12,"column":0},"end":{"line":12,"column":36}},"12":{"start":{"line":13,"column":0},"end":{"line":13,"column":1}},"14":{"start":{"line":15,"column":0},"end":{"line":15,"column":88}},"15":{"start":{"line":16,"column":0},"end":{"line":16,"column":33}},"16":{"start":{"line":17,"column":0},"end":{"line":17,"column":7}},"17":{"start":{"line":18,"column":0},"end":{"line":18,"column":42}},"18":{"start":{"line":19,"column":0},"end":{"line":19,"column":71}},"19":{"start":{"line":20,"column":0},"end":{"line":20,"column":11}},"21":{"start":{"line":22,"column":0},"end":{"line":22,"column":3}},"22":{"start":{"line":23,"column":0},"end":{"line":23,"column":1}},"24":{"start":{"line":25,"column":0},"end":{"line":25,"column":66}},"25":{"start":{"line":26,"column":0},"end":{"line":26,"column":7}},"26":{"start":{"line":27,"column":0},"end":{"line":27,"column":71}},"27":{"start":{"line":28,"column":0},"end":{"line":28,"column":31}},"28":{"start":{"line":29,"column":0},"end":{"line":29,"column":44}},"29":{"start":{"line":30,"column":0},"end":{"line":30,"column":46}},"30":{"start":{"line":31,"column":0},"end":{"line":31,"column":24}},"31":{"start":{"line":32,"column":0},"end":{"line":32,"column":11}},"32":{"start":{"line":33,"column":0},"end":{"line":33,"column":21}},"33":{"start":{"line":34,"column":0},"end":{"line":34,"column":3}},"34":{"start":{"line":35,"column":0},"end":{"line":35,"column":1}},"36":{"start":{"line":37,"column":0},"end":{"line":37,"column":30}},"37":{"start":{"line":38,"column":0},"end":{"line":38,"column":54}},"38":{"start":{"line":39,"column":0},"end":{"line":39,"column":24}},"39":{"start":{"line":40,"column":0},"end":{"line":40,"column":26}},"40":{"start":{"line":41,"column":0},"end":{"line":41,"column":40}},"41":{"start":{"line":42,"column":0},"end":{"line":42,"column":70}},"43":{"start":{"line":44,"column":0},"end":{"line":44,"column":87}},"45":{"start":{"line":46,"column":0},"end":{"line":46,"column":10}},"46":{"start":{"line":47,"column":0},"end":{"line":47,"column":51}},"47":{"start":{"line":48,"column":0},"end":{"line":48,"column":27}},"48":{"start":{"line":49,"column":0},"end":{"line":49,"column":31}},"49":{"start":{"line":50,"column":0},"end":{"line":50,"column":58}},"50":{"start":{"line":51,"column":0},"end":{"line":51,"column":15}},"51":{"start":{"line":52,"column":0},"end":{"line":52,"column":6}},"53":{"start":{"line":54,"column":0},"end":{"line":54,"column":59}},"54":{"start":{"line":55,"column":0},"end":{"line":55,"column":47}},"55":{"start":{"line":56,"column":0},"end":{"line":56,"column":45}},"56":{"start":{"line":57,"column":0},"end":{"line":57,"column":68}},"57":{"start":{"line":58,"column":0},"end":{"line":58,"column":15}},"58":{"start":{"line":59,"column":0},"end":{"line":59,"column":16}},"59":{"start":{"line":60,"column":0},"end":{"line":60,"column":6}},"61":{"start":{"line":62,"column":0},"end":{"line":62,"column":61}},"62":{"start":{"line":63,"column":0},"end":{"line":63,"column":47}},"63":{"start":{"line":64,"column":0},"end":{"line":64,"column":46}},"64":{"start":{"line":65,"column":0},"end":{"line":65,"column":46}},"65":{"start":{"line":66,"column":0},"end":{"line":66,"column":23}},"66":{"start":{"line":67,"column":0},"end":{"line":67,"column":36}},"67":{"start":{"line":68,"column":0},"end":{"line":68,"column":15}},"68":{"start":{"line":69,"column":0},"end":{"line":69,"column":16}},"69":{"start":{"line":70,"column":0},"end":{"line":70,"column":6}},"71":{"start":{"line":72,"column":0},"end":{"line":72,"column":60}},"72":{"start":{"line":73,"column":0},"end":{"line":73,"column":65}},"73":{"start":{"line":74,"column":0},"end":{"line":74,"column":6}},"75":{"start":{"line":76,"column":0},"end":{"line":76,"column":24}},"76":{"start":{"line":77,"column":0},"end":{"line":77,"column":31}},"77":{"start":{"line":78,"column":0},"end":{"line":78,"column":6}},"79":{"start":{"line":80,"column":0},"end":{"line":80,"column":29}},"80":{"start":{"line":81,"column":0},"end":{"line":81,"column":19}},"81":{"start":{"line":82,"column":0},"end":{"line":82,"column":6}},"83":{"start":{"line":84,"column":0},"end":{"line":84,"column":28}},"84":{"start":{"line":85,"column":0},"end":{"line":85,"column":23}},"85":{"start":{"line":86,"column":0},"end":{"line":86,"column":39}},"86":{"start":{"line":87,"column":0},"end":{"line":87,"column":6}},"87":{"start":{"line":88,"column":0},"end":{"line":88,"column":4}},"88":{"start":{"line":89,"column":0},"end":{"line":89,"column":1}},"90":{"start":{"line":91,"column":0},"end":{"line":91,"column":47}}},"s":{"6":63,"7":63,"8":63,"10":259,"11":259,"12":259,"14":20,"15":20,"16":20,"17":20,"18":20,"19":20,"21":1,"22":20,"24":43,"25":43,"26":43,"27":43,"28":8,"29":14,"30":7,"31":14,"32":2,"33":2,"34":43,"36":5,"37":5,"38":5,"39":5,"40":5,"41":5,"43":5,"45":5,"46":5,"47":43,"48":43,"49":43,"50":43,"51":43,"53":5,"54":20,"55":20,"56":17,"57":17,"58":17,"59":20,"61":5,"62":3,"63":3,"64":3,"65":3,"66":3,"67":3,"68":3,"69":3,"71":5,"72":236,"73":236,"75":5,"76":2,"77":2,"79":5,"80":352,"81":352,"83":5,"84":112,"85":112,"86":112,"87":5,"88":5,"90":1},"branchMap":{"0":{"type":"branch","line":7,"loc":{"start":{"line":7,"column":0},"end":{"line":9,"column":1}},"locations":[{"start":{"line":7,"column":0},"end":{"line":9,"column":1}}]},"1":{"type":"branch","line":11,"loc":{"start":{"line":11,"column":0},"end":{"line":13,"column":1}},"locations":[{"start":{"line":11,"column":0},"end":{"line":13,"column":1}}]},"2":{"type":"branch","line":15,"loc":{"start":{"line":15,"column":0},"end":{"line":23,"column":1}},"locations":[{"start":{"line":15,"column":0},"end":{"line":23,"column":1}}]},"3":{"type":"branch","line":16,"loc":{"start":{"line":16,"column":26},"end":{"line":16,"column":33}},"locations":[{"start":{"line":16,"column":26},"end":{"line":16,"column":33}}]},"4":{"type":"branch","line":20,"loc":{"start":{"line":20,"column":2},"end":{"line":22,"column":3}},"locations":[{"start":{"line":20,"column":2},"end":{"line":22,"column":3}}]},"5":{"type":"branch","line":25,"loc":{"start":{"line":25,"column":0},"end":{"line":35,"column":1}},"locations":[{"start":{"line":25,"column":0},"end":{"line":35,"column":1}}]},"6":{"type":"branch","line":28,"loc":{"start":{"line":28,"column":14},"end":{"line":28,"column":31}},"locations":[{"start":{"line":28,"column":14},"end":{"line":28,"column":31}}]},"7":{"type":"branch","line":28,"loc":{"start":{"line":28,"column":29},"end":{"line":34,"column":3}},"locations":[{"start":{"line":28,"column":29},"end":{"line":34,"column":3}}]},"8":{"type":"branch","line":28,"loc":{"start":{"line":28,"column":29},"end":{"line":30,"column":36}},"locations":[{"start":{"line":28,"column":29},"end":{"line":30,"column":36}}]},"9":{"type":"branch","line":30,"loc":{"start":{"line":30,"column":29},"end":{"line":30,"column":46}},"locations":[{"start":{"line":30,"column":29},"end":{"line":30,"column":46}}]},"10":{"type":"branch","line":30,"loc":{"start":{"line":30,"column":44},"end":{"line":32,"column":10}},"locations":[{"start":{"line":30,"column":44},"end":{"line":32,"column":10}}]},"11":{"type":"branch","line":32,"loc":{"start":{"line":32,"column":2},"end":{"line":34,"column":3}},"locations":[{"start":{"line":32,"column":2},"end":{"line":34,"column":3}}]},"12":{"type":"branch","line":37,"loc":{"start":{"line":37,"column":0},"end":{"line":89,"column":1}},"locations":[{"start":{"line":37,"column":0},"end":{"line":89,"column":1}}]},"13":{"type":"branch","line":42,"loc":{"start":{"line":42,"column":17},"end":{"line":42,"column":70}},"locations":[{"start":{"line":42,"column":17},"end":{"line":42,"column":70}}]},"14":{"type":"branch","line":42,"loc":{"start":{"line":42,"column":41},"end":{"line":42,"column":68}},"locations":[{"start":{"line":42,"column":41},"end":{"line":42,"column":68}}]},"15":{"type":"branch","line":44,"loc":{"start":{"line":44,"column":18},"end":{"line":44,"column":87}},"locations":[{"start":{"line":44,"column":18},"end":{"line":44,"column":87}}]},"16":{"type":"branch","line":47,"loc":{"start":{"line":47,"column":4},"end":{"line":52,"column":6}},"locations":[{"start":{"line":47,"column":4},"end":{"line":52,"column":6}}]},"17":{"type":"branch","line":54,"loc":{"start":{"line":54,"column":4},"end":{"line":60,"column":6}},"locations":[{"start":{"line":54,"column":4},"end":{"line":60,"column":6}}]},"18":{"type":"branch","line":56,"loc":{"start":{"line":56,"column":38},"end":{"line":56,"column":45}},"locations":[{"start":{"line":56,"column":38},"end":{"line":56,"column":45}}]},"19":{"type":"branch","line":56,"loc":{"start":{"line":56,"column":38},"end":{"line":59,"column":16}},"locations":[{"start":{"line":56,"column":38},"end":{"line":59,"column":16}}]},"20":{"type":"branch","line":62,"loc":{"start":{"line":62,"column":4},"end":{"line":70,"column":6}},"locations":[{"start":{"line":62,"column":4},"end":{"line":70,"column":6}}]},"21":{"type":"branch","line":64,"loc":{"start":{"line":64,"column":39},"end":{"line":64,"column":46}},"locations":[{"start":{"line":64,"column":39},"end":{"line":64,"column":46}}]},"22":{"type":"branch","line":72,"loc":{"start":{"line":72,"column":4},"end":{"line":74,"column":6}},"locations":[{"start":{"line":72,"column":4},"end":{"line":74,"column":6}}]},"23":{"type":"branch","line":76,"loc":{"start":{"line":76,"column":4},"end":{"line":78,"column":6}},"locations":[{"start":{"line":76,"column":4},"end":{"line":78,"column":6}}]},"24":{"type":"branch","line":80,"loc":{"start":{"line":80,"column":4},"end":{"line":82,"column":6}},"locations":[{"start":{"line":80,"column":4},"end":{"line":82,"column":6}}]},"25":{"type":"branch","line":84,"loc":{"start":{"line":84,"column":4},"end":{"line":87,"column":6}},"locations":[{"start":{"line":84,"column":4},"end":{"line":87,"column":6}}]},"26":{"type":"branch","line":86,"loc":{"start":{"line":86,"column":13},"end":{"line":86,"column":39}},"locations":[{"start":{"line":86,"column":13},"end":{"line":86,"column":39}}]}},"b":{"0":[63],"1":[259],"2":[20],"3":[0],"4":[1],"5":[43],"6":[34],"7":[14],"8":[8],"9":[0],"10":[7],"11":[2],"12":[5],"13":[63],"14":[27],"15":[20],"16":[43],"17":[20],"18":[3],"19":[17],"20":[3],"21":[0],"22":[236],"23":[2],"24":[352],"25":[112],"26":[112]},"fnMap":{"0":{"name":"viewedKey","decl":{"start":{"line":7,"column":0},"end":{"line":9,"column":1}},"loc":{"start":{"line":7,"column":0},"end":{"line":9,"column":1}},"line":7},"1":{"name":"fileKey","decl":{"start":{"line":11,"column":0},"end":{"line":13,"column":1}},"loc":{"start":{"line":11,"column":0},"end":{"line":13,"column":1}},"line":11},"2":{"name":"persistViewed","decl":{"start":{"line":15,"column":0},"end":{"line":23,"column":1}},"loc":{"start":{"line":15,"column":0},"end":{"line":23,"column":1}},"line":15},"3":{"name":"loadViewed","decl":{"start":{"line":25,"column":0},"end":{"line":35,"column":1}},"loc":{"start":{"line":25,"column":0},"end":{"line":35,"column":1}},"line":25},"4":{"name":"createViewedStore","decl":{"start":{"line":37,"column":0},"end":{"line":89,"column":1}},"loc":{"start":{"line":37,"column":0},"end":{"line":89,"column":1}},"line":37},"5":{"name":"notify","decl":{"start":{"line":42,"column":17},"end":{"line":42,"column":70}},"loc":{"start":{"line":42,"column":17},"end":{"line":42,"column":70}},"line":42},"6":{"name":"persist","decl":{"start":{"line":44,"column":18},"end":{"line":44,"column":87}},"loc":{"start":{"line":44,"column":18},"end":{"line":44,"column":87}},"line":44},"7":{"name":"loadFor","decl":{"start":{"line":47,"column":4},"end":{"line":52,"column":6}},"loc":{"start":{"line":47,"column":4},"end":{"line":52,"column":6}},"line":47},"8":{"name":"markViewed","decl":{"start":{"line":54,"column":4},"end":{"line":60,"column":6}},"loc":{"start":{"line":54,"column":4},"end":{"line":60,"column":6}},"line":54},"9":{"name":"unmarkViewed","decl":{"start":{"line":62,"column":4},"end":{"line":70,"column":6}},"loc":{"start":{"line":62,"column":4},"end":{"line":70,"column":6}},"line":62},"10":{"name":"isViewed","decl":{"start":{"line":72,"column":4},"end":{"line":74,"column":6}},"loc":{"start":{"line":72,"column":4},"end":{"line":74,"column":6}},"line":72},"11":{"name":"all","decl":{"start":{"line":76,"column":4},"end":{"line":78,"column":6}},"loc":{"start":{"line":76,"column":4},"end":{"line":78,"column":6}},"line":76},"12":{"name":"snapshot","decl":{"start":{"line":80,"column":4},"end":{"line":82,"column":6}},"loc":{"start":{"line":80,"column":4},"end":{"line":82,"column":6}},"line":80},"13":{"name":"subscribe","decl":{"start":{"line":84,"column":4},"end":{"line":87,"column":6}},"loc":{"start":{"line":84,"column":4},"end":{"line":87,"column":6}},"line":84}},"f":{"0":63,"1":259,"2":20,"3":43,"4":5,"5":63,"6":20,"7":43,"8":20,"9":3,"10":236,"11":2,"12":352,"13":112}}
,"/Users/jgoai/pr-triage-bot/.worktrees/2026-04-03-task-43/frontend/src/utils/emoji.ts": {"path":"/Users/jgoai/pr-triage-bot/.worktrees/2026-04-03-task-43/frontend/src/utils/emoji.ts","all":false,"statementMap":{"0":{"start":{"line":1,"column":0},"end":{"line":1,"column":37}},"4":{"start":{"line":5,"column":0},"end":{"line":5,"column":48}},"5":{"start":{"line":6,"column":0},"end":{"line":6,"column":17}},"6":{"start":{"line":7,"column":0},"end":{"line":7,"column":19}},"7":{"start":{"line":8,"column":0},"end":{"line":8,"column":18}},"8":{"start":{"line":9,"column":0},"end":{"line":9,"column":20}},"9":{"start":{"line":10,"column":0},"end":{"line":10,"column":2}},"11":{"start":{"line":12,"column":0},"end":{"line":12,"column":45}},"12":{"start":{"line":13,"column":0},"end":{"line":13,"column":64}},"13":{"start":{"line":14,"column":0},"end":{"line":14,"column":39}},"14":{"start":{"line":15,"column":0},"end":{"line":15,"column":40}},"15":{"start":{"line":16,"column":0},"end":{"line":16,"column":5}},"16":{"start":{"line":17,"column":0},"end":{"line":17,"column":1}},"18":{"start":{"line":19,"column":0},"end":{"line":19,"column":51}},"19":{"start":{"line":20,"column":0},"end":{"line":20,"column":37}},"20":{"start":{"line":21,"column":0},"end":{"line":21,"column":1}}},"s":{"0":1,"4":1,"5":1,"6":1,"7":1,"8":1,"9":1,"11":27,"12":27,"13":2,"14":2,"15":27,"16":27,"18":1,"19":27,"20":27},"branchMap":{"0":{"type":"branch","line":12,"loc":{"start":{"line":12,"column":0},"end":{"line":17,"column":1}},"locations":[{"start":{"line":12,"column":0},"end":{"line":17,"column":1}}]},"1":{"type":"branch","line":13,"loc":{"start":{"line":13,"column":46},"end":{"line":16,"column":3}},"locations":[{"start":{"line":13,"column":46},"end":{"line":16,"column":3}}]},"2":{"type":"branch","line":15,"loc":{"start":{"line":15,"column":11},"end":{"line":15,"column":34}},"locations":[{"start":{"line":15,"column":11},"end":{"line":15,"column":34}}]},"3":{"type":"branch","line":15,"loc":{"start":{"line":15,"column":28},"end":{"line":15,"column":40}},"locations":[{"start":{"line":15,"column":28},"end":{"line":15,"column":40}}]},"4":{"type":"branch","line":19,"loc":{"start":{"line":19,"column":7},"end":{"line":21,"column":1}},"locations":[{"start":{"line":19,"column":7},"end":{"line":21,"column":1}}]}},"b":{"0":[27],"1":[2],"2":[1],"3":[1],"4":[27]},"fnMap":{"0":{"name":"applyAliases","decl":{"start":{"line":12,"column":0},"end":{"line":17,"column":1}},"loc":{"start":{"line":12,"column":0},"end":{"line":17,"column":1}},"line":12},"1":{"name":"renderEmoji","decl":{"start":{"line":19,"column":7},"end":{"line":21,"column":1}},"loc":{"start":{"line":19,"column":7},"end":{"line":21,"column":1}},"line":19}},"f":{"0":27,"1":27}}
}
