{"/Users/jgoai/pr-triage-bot/.worktrees/2026-04-03-task-43/frontend/src/App.tsx": {"path":"/Users/jgoai/pr-triage-bot/.worktrees/2026-04-03-task-43/frontend/src/App.tsx","all":false,"statementMap":{"0":{"start":{"line":1,"column":0},"end":{"line":1,"column":33}},"2":{"start":{"line":3,"column":0},"end":{"line":3,"column":54}},"3":{"start":{"line":4,"column":0},"end":{"line":4,"column":56}},"5":{"start":{"line":6,"column":0},"end":{"line":6,"column":31}},"6":{"start":{"line":7,"column":0},"end":{"line":7,"column":68}},"8":{"start":{"line":9,"column":0},"end":{"line":9,"column":17}},"9":{"start":{"line":10,"column":0},"end":{"line":10,"column":12}},"10":{"start":{"line":11,"column":0},"end":{"line":11,"column":19}},"11":{"start":{"line":12,"column":0},"end":{"line":12,"column":27}},"12":{"start":{"line":13,"column":0},"end":{"line":13,"column":40}},"13":{"start":{"line":14,"column":0},"end":{"line":14,"column":8}},"15":{"start":{"line":16,"column":0},"end":{"line":16,"column":3}},"17":{"start":{"line":18,"column":0},"end":{"line":18,"column":10}},"18":{"start":{"line":19,"column":0},"end":{"line":19,"column":16}},"19":{"start":{"line":20,"column":0},"end":{"line":20,"column":58}},"20":{"start":{"line":21,"column":0},"end":{"line":21,"column":6}},"22":{"start":{"line":23,"column":0},"end":{"line":23,"column":1}}},"s":{"0":1,"2":1,"3":1,"5":1,"6":1,"8":1,"9":0,"10":0,"11":0,"12":0,"13":0,"15":0,"17":1,"18":1,"19":1,"20":1,"22":1},"branchMap":{"0":{"type":"branch","line":6,"loc":{"start":{"line":6,"column":0},"end":{"line":23,"column":1}},"locations":[{"start":{"line":6,"column":0},"end":{"line":23,"column":1}}]},"1":{"type":"branch","line":9,"loc":{"start":{"line":9,"column":16},"end":{"line":16,"column":3}},"locations":[{"start":{"line":9,"column":16},"end":{"line":16,"column":3}}]}},"b":{"0":[1],"1":[0]},"fnMap":{"0":{"name":"App","decl":{"start":{"line":6,"column":0},"end":{"line":23,"column":1}},"loc":{"start":{"line":6,"column":0},"end":{"line":23,"column":1}},"line":6},"1":{"name":"onBack","decl":{"start":{"line":13,"column":16},"end":{"line":13,"column":40}},"loc":{"start":{"line":13,"column":16},"end":{"line":13,"column":40}},"line":13},"2":{"name":"onAnalysisComplete","decl":{"start":{"line":20,"column":26},"end":{"line":20,"column":58}},"loc":{"start":{"line":20,"column":26},"end":{"line":20,"column":58}},"line":20}},"f":{"0":1,"1":0,"2":0}}
,"/Users/jgoai/pr-triage-bot/.worktrees/2026-04-03-task-43/frontend/src/main.tsx": {"path":"/Users/jgoai/pr-triage-bot/.worktrees/2026-04-03-task-43/frontend/src/main.tsx","all":true,"statementMap":{"0":{"start":{"line":1,"column":0},"end":{"line":1,"column":35}},"1":{"start":{"line":2,"column":0},"end":{"line":2,"column":46}},"2":{"start":{"line":3,"column":0},"end":{"line":3,"column":27}},"4":{"start":{"line":5,"column":0},"end":{"line":5,"column":52}},"5":{"start":{"line":6,"column":0},"end":{"line":6,"column":14}},"6":{"start":{"line":7,"column":0},"end":{"line":7,"column":11}},"7":{"start":{"line":8,"column":0},"end":{"line":8,"column":15}},"8":{"start":{"line":9,"column":0},"end":{"line":9,"column":2}}},"s":{"0":0,"1":0,"2":0,"4":0,"5":0,"6":0,"7":0,"8":0},"branchMap":{"0":{"type":"branch","line":1,"loc":{"start":{"line":1,"column":184},"end":{"line":9,"column":-173}},"locations":[{"start":{"line":1,"column":184},"end":{"line":9,"column":-173}}]}},"b":{"0":[0]},"fnMap":{"0":{"name":"(empty-report)","decl":{"start":{"line":1,"column":184},"end":{"line":9,"column":-173}},"loc":{"start":{"line":1,"column":184},"end":{"line":9,"column":-173}},"line":1}},"f":{"0":0}}
,"/Users/jgoai/pr-triage-bot/.worktrees/2026-04-03-task-43/frontend/src/types.ts": {"path":"/Users/jgoai/pr-triage-bot/.worktrees/2026-04-03-task-43/frontend/src/types.ts","all":true,"statementMap":{},"s":{},"branchMap":{"0":{"type":"branch","line":1,"loc":{"start":{"line":1,"column":1237},"end":{"line":61,"column":1}},"locations":[{"start":{"line":1,"column":1237},"end":{"line":61,"column":1}}]}},"b":{"0":[1]},"fnMap":{"0":{"name":"(empty-report)","decl":{"start":{"line":1,"column":1237},"end":{"line":61,"column":1}},"loc":{"start":{"line":1,"column":1237},"end":{"line":61,"column":1}},"line":1}},"f":{"0":1}}
,"/Users/jgoai/pr-triage-bot/.worktrees/2026-04-03-task-43/frontend/src/components/AnalysisView.tsx": {"path":"/Users/jgoai/pr-triage-bot/.worktrees/2026-04-03-task-43/frontend/src/components/AnalysisView.tsx","all":false,"statementMap":{"0":{"start":{"line":1,"column":0},"end":{"line":1,"column":33}},"2":{"start":{"line":3,"column":0},"end":{"line":3,"column":43}},"3":{"start":{"line":4,"column":0},"end":{"line":4,"column":53}},"4":{"start":{"line":5,"column":0},"end":{"line":5,"column":43}},"5":{"start":{"line":6,"column":0},"end":{"line":6,"column":47}},"17":{"start":{"line":18,"column":0},"end":{"line":18,"column":67}},"18":{"start":{"line":19,"column":0},"end":{"line":19,"column":85}},"20":{"start":{"line":21,"column":0},"end":{"line":21,"column":27}},"21":{"start":{"line":22,"column":0},"end":{"line":22,"column":47}},"22":{"start":{"line":23,"column":0},"end":{"line":23,"column":5}},"23":{"start":{"line":24,"column":0},"end":{"line":24,"column":26}},"24":{"start":{"line":25,"column":0},"end":{"line":25,"column":76}},"25":{"start":{"line":26,"column":0},"end":{"line":26,"column":6}},"26":{"start":{"line":27,"column":0},"end":{"line":27,"column":4}},"28":{"start":{"line":29,"column":0},"end":{"line":29,"column":24}},"29":{"start":{"line":30,"column":0},"end":{"line":30,"column":49}},"30":{"start":{"line":31,"column":0},"end":{"line":31,"column":3}},"32":{"start":{"line":33,"column":0},"end":{"line":33,"column":10}},"33":{"start":{"line":34,"column":0},"end":{"line":34,"column":75}},"34":{"start":{"line":35,"column":0},"end":{"line":35,"column":37}},"35":{"start":{"line":36,"column":0},"end":{"line":36,"column":46}},"37":{"start":{"line":38,"column":0},"end":{"line":38,"column":26}},"38":{"start":{"line":39,"column":0},"end":{"line":39,"column":51}},"40":{"start":{"line":41,"column":0},"end":{"line":41,"column":20}},"41":{"start":{"line":42,"column":0},"end":{"line":42,"column":38}},"42":{"start":{"line":43,"column":0},"end":{"line":43,"column":46}},"43":{"start":{"line":44,"column":0},"end":{"line":44,"column":10}},"45":{"start":{"line":46,"column":0},"end":{"line":46,"column":10}},"47":{"start":{"line":48,"column":0},"end":{"line":48,"column":1}}},"s":{"0":1,"2":1,"3":1,"4":1,"5":1,"17":9,"18":9,"20":9,"21":9,"22":9,"23":9,"24":9,"25":9,"26":9,"28":9,"29":3,"30":3,"32":9,"33":9,"34":9,"35":9,"37":9,"38":3,"40":6,"41":6,"42":6,"43":6,"45":9,"47":9},"branchMap":{"0":{"type":"branch","line":18,"loc":{"start":{"line":18,"column":0},"end":{"line":48,"column":1}},"locations":[{"start":{"line":18,"column":0},"end":{"line":48,"column":1}}]},"1":{"type":"branch","line":25,"loc":{"start":{"line":25,"column":15},"end":{"line":25,"column":66}},"locations":[{"start":{"line":25,"column":15},"end":{"line":25,"column":66}}]},"2":{"type":"branch","line":25,"loc":{"start":{"line":25,"column":62},"end":{"line":25,"column":76}},"locations":[{"start":{"line":25,"column":62},"end":{"line":25,"column":76}}]},"3":{"type":"branch","line":29,"loc":{"start":{"line":29,"column":23},"end":{"line":31,"column":3}},"locations":[{"start":{"line":29,"column":23},"end":{"line":31,"column":3}}]},"4":{"type":"branch","line":38,"loc":{"start":{"line":38,"column":7},"end":{"line":39,"column":51}},"locations":[{"start":{"line":38,"column":7},"end":{"line":39,"column":51}}]},"5":{"type":"branch","line":39,"loc":{"start":{"line":39,"column":49},"end":{"line":44,"column":10}},"locations":[{"start":{"line":39,"column":49},"end":{"line":44,"column":10}}]},"6":{"type":"branch","line":25,"loc":{"start":{"line":25,"column":33},"end":{"line":25,"column":66}},"locations":[{"start":{"line":25,"column":33},"end":{"line":25,"column":66}}]}},"b":{"0":[9],"1":[3],"2":[6],"3":[3],"4":[3],"5":[6],"6":[1]},"fnMap":{"0":{"name":"AnalysisView","decl":{"start":{"line":18,"column":0},"end":{"line":48,"column":1}},"loc":{"start":{"line":18,"column":0},"end":{"line":48,"column":1}},"line":18},"1":{"name":"AnalysisView.crumbs.onClick","decl":{"start":{"line":25,"column":33},"end":{"line":25,"column":66}},"loc":{"start":{"line":25,"column":33},"end":{"line":25,"column":66}},"line":25}},"f":{"0":9,"1":1}}
,"/Users/jgoai/pr-triage-bot/.worktrees/2026-04-03-task-43/frontend/src/components/Breadcrumbs.tsx": {"path":"/Users/jgoai/pr-triage-bot/.worktrees/2026-04-03-task-43/frontend/src/components/Breadcrumbs.tsx","all":false,"statementMap":{"9":{"start":{"line":10,"column":0},"end":{"line":10,"column":56}},"10":{"start":{"line":11,"column":0},"end":{"line":11,"column":10}},"11":{"start":{"line":12,"column":0},"end":{"line":12,"column":76}},"12":{"start":{"line":13,"column":0},"end":{"line":13,"column":33}},"13":{"start":{"line":14,"column":0},"end":{"line":14,"column":22}},"14":{"start":{"line":15,"column":0},"end":{"line":15,"column":26}},"15":{"start":{"line":16,"column":0},"end":{"line":16,"column":28}},"16":{"start":{"line":17,"column":0},"end":{"line":17,"column":19}},"17":{"start":{"line":18,"column":0},"end":{"line":18,"column":37}},"18":{"start":{"line":19,"column":0},"end":{"line":19,"column":22}},"19":{"start":{"line":20,"column":0},"end":{"line":20,"column":35}},"20":{"start":{"line":21,"column":0},"end":{"line":21,"column":31}},"21":{"start":{"line":22,"column":0},"end":{"line":22,"column":33}},"22":{"start":{"line":23,"column":0},"end":{"line":23,"column":34}},"23":{"start":{"line":24,"column":0},"end":{"line":24,"column":27}},"24":{"start":{"line":25,"column":0},"end":{"line":25,"column":32}},"25":{"start":{"line":26,"column":0},"end":{"line":26,"column":44}},"26":{"start":{"line":27,"column":0},"end":{"line":27,"column":16}},"28":{"start":{"line":29,"column":0},"end":{"line":29,"column":27}},"29":{"start":{"line":30,"column":0},"end":{"line":30,"column":21}},"31":{"start":{"line":32,"column":0},"end":{"line":32,"column":62}},"33":{"start":{"line":34,"column":0},"end":{"line":34,"column":15}},"34":{"start":{"line":35,"column":0},"end":{"line":35,"column":9}},"35":{"start":{"line":36,"column":0},"end":{"line":36,"column":10}},"37":{"start":{"line":38,"column":0},"end":{"line":38,"column":1}}},"s":{"9":14,"10":14,"11":14,"12":14,"13":28,"14":28,"15":28,"16":16,"17":16,"18":16,"19":16,"20":16,"21":16,"22":16,"23":16,"24":16,"25":16,"26":16,"28":16,"29":16,"31":12,"33":28,"34":14,"35":14,"37":14},"branchMap":{"0":{"type":"branch","line":10,"loc":{"start":{"line":10,"column":0},"end":{"line":38,"column":1}},"locations":[{"start":{"line":10,"column":0},"end":{"line":38,"column":1}}]},"1":{"type":"branch","line":13,"loc":{"start":{"line":13,"column":18},"end":{"line":34,"column":15}},"locations":[{"start":{"line":13,"column":18},"end":{"line":34,"column":15}}]},"2":{"type":"branch","line":15,"loc":{"start":{"line":15,"column":15},"end":{"line":15,"column":26}},"locations":[{"start":{"line":15,"column":15},"end":{"line":15,"column":26}}]},"3":{"type":"branch","line":16,"loc":{"start":{"line":16,"column":17},"end":{"line":30,"column":21}},"locations":[{"start":{"line":16,"column":17},"end":{"line":30,"column":21}}]},"4":{"type":"branch","line":30,"loc":{"start":{"line":30,"column":12},"end":{"line":32,"column":62}},"locations":[{"start":{"line":30,"column":12},"end":{"line":32,"column":62}}]}},"b":{"0":[14],"1":[28],"2":[14],"3":[16],"4":[12]},"fnMap":{"0":{"name":"Breadcrumbs","decl":{"start":{"line":10,"column":0},"end":{"line":38,"column":1}},"loc":{"start":{"line":10,"column":0},"end":{"line":38,"column":1}},"line":10}},"f":{"0":14}}
,"/Users/jgoai/pr-triage-bot/.worktrees/2026-04-03-task-43/frontend/src/components/ClusterDetail.tsx": {"path":"/Users/jgoai/pr-triage-bot/.worktrees/2026-04-03-task-43/frontend/src/components/ClusterDetail.tsx","all":false,"statementMap":{"1":{"start":{"line":2,"column":0},"end":{"line":2,"column":37}},"7":{"start":{"line":8,"column":0},"end":{"line":8,"column":59}},"8":{"start":{"line":9,"column":0},"end":{"line":9,"column":10}},"9":{"start":{"line":10,"column":0},"end":{"line":10,"column":9}},"10":{"start":{"line":11,"column":0},"end":{"line":11,"column":29}},"11":{"start":{"line":12,"column":0},"end":{"line":12,"column":30}},"12":{"start":{"line":13,"column":0},"end":{"line":13,"column":49}},"13":{"start":{"line":14,"column":0},"end":{"line":14,"column":68}},"14":{"start":{"line":15,"column":0},"end":{"line":15,"column":10}},"16":{"start":{"line":17,"column":0},"end":{"line":17,"column":36}},"17":{"start":{"line":18,"column":0},"end":{"line":18,"column":100}},"18":{"start":{"line":19,"column":0},"end":{"line":19,"column":34}},"19":{"start":{"line":20,"column":0},"end":{"line":20,"column":14}},"20":{"start":{"line":21,"column":0},"end":{"line":21,"column":9}},"21":{"start":{"line":22,"column":0},"end":{"line":22,"column":10}},"23":{"start":{"line":24,"column":0},"end":{"line":24,"column":1}}},"s":{"1":1,"7":6,"8":6,"9":6,"10":6,"11":6,"12":6,"13":6,"14":6,"16":6,"17":9,"18":9,"19":9,"20":6,"21":6,"23":6},"branchMap":{"0":{"type":"branch","line":8,"loc":{"start":{"line":8,"column":0},"end":{"line":24,"column":1}},"locations":[{"start":{"line":8,"column":0},"end":{"line":24,"column":1}}]},"1":{"type":"branch","line":17,"loc":{"start":{"line":17,"column":25},"end":{"line":20,"column":14}},"locations":[{"start":{"line":17,"column":25},"end":{"line":20,"column":14}}]}},"b":{"0":[6],"1":[9]},"fnMap":{"0":{"name":"ClusterDetail","decl":{"start":{"line":8,"column":0},"end":{"line":24,"column":1}},"loc":{"start":{"line":8,"column":0},"end":{"line":24,"column":1}},"line":8}},"f":{"0":6}}
,"/Users/jgoai/pr-triage-bot/.worktrees/2026-04-03-task-43/frontend/src/components/ClusterList.tsx": {"path":"/Users/jgoai/pr-triage-bot/.worktrees/2026-04-03-task-43/frontend/src/components/ClusterList.tsx","all":false,"statementMap":{"7":{"start":{"line":8,"column":0},"end":{"line":8,"column":44}},"8":{"start":{"line":9,"column":0},"end":{"line":9,"column":28}},"9":{"start":{"line":10,"column":0},"end":{"line":10,"column":24}},"10":{"start":{"line":11,"column":0},"end":{"line":11,"column":22}},"11":{"start":{"line":12,"column":0},"end":{"line":12,"column":23}},"12":{"start":{"line":13,"column":0},"end":{"line":13,"column":2}},"14":{"start":{"line":15,"column":0},"end":{"line":15,"column":75}},"15":{"start":{"line":16,"column":0},"end":{"line":16,"column":10}},"16":{"start":{"line":17,"column":0},"end":{"line":17,"column":9}},"17":{"start":{"line":18,"column":0},"end":{"line":18,"column":30}},"18":{"start":{"line":19,"column":0},"end":{"line":19,"column":34}},"19":{"start":{"line":20,"column":0},"end":{"line":20,"column":12}},"20":{"start":{"line":21,"column":0},"end":{"line":21,"column":26}},"21":{"start":{"line":22,"column":0},"end":{"line":22,"column":23}},"22":{"start":{"line":23,"column":0},"end":{"line":23,"column":22}},"23":{"start":{"line":24,"column":0},"end":{"line":24,"column":50}},"24":{"start":{"line":25,"column":0},"end":{"line":25,"column":29}},"25":{"start":{"line":26,"column":0},"end":{"line":26,"column":53}},"26":{"start":{"line":27,"column":0},"end":{"line":27,"column":33}},"27":{"start":{"line":28,"column":0},"end":{"line":28,"column":39}},"28":{"start":{"line":29,"column":0},"end":{"line":29,"column":13}},"29":{"start":{"line":30,"column":0},"end":{"line":30,"column":12}},"30":{"start":{"line":31,"column":0},"end":{"line":31,"column":18}},"31":{"start":{"line":32,"column":0},"end":{"line":32,"column":37}},"32":{"start":{"line":33,"column":0},"end":{"line":33,"column":28}},"33":{"start":{"line":34,"column":0},"end":{"line":34,"column":24}},"34":{"start":{"line":35,"column":0},"end":{"line":35,"column":28}},"35":{"start":{"line":36,"column":0},"end":{"line":36,"column":30}},"36":{"start":{"line":37,"column":0},"end":{"line":37,"column":12}},"38":{"start":{"line":39,"column":0},"end":{"line":39,"column":98}},"39":{"start":{"line":40,"column":0},"end":{"line":40,"column":43}},"40":{"start":{"line":41,"column":0},"end":{"line":41,"column":17}},"41":{"start":{"line":42,"column":0},"end":{"line":42,"column":22}},"42":{"start":{"line":43,"column":0},"end":{"line":43,"column":29}},"43":{"start":{"line":44,"column":0},"end":{"line":44,"column":35}},"44":{"start":{"line":45,"column":0},"end":{"line":45,"column":32}},"45":{"start":{"line":46,"column":0},"end":{"line":46,"column":31}},"46":{"start":{"line":47,"column":0},"end":{"line":47,"column":62}},"47":{"start":{"line":48,"column":0},"end":{"line":48,"column":16}},"49":{"start":{"line":50,"column":0},"end":{"line":50,"column":27}},"50":{"start":{"line":51,"column":0},"end":{"line":51,"column":19}},"51":{"start":{"line":52,"column":0},"end":{"line":52,"column":16}},"52":{"start":{"line":53,"column":0},"end":{"line":53,"column":72}},"53":{"start":{"line":54,"column":0},"end":{"line":54,"column":29}},"54":{"start":{"line":55,"column":0},"end":{"line":55,"column":14}},"55":{"start":{"line":56,"column":0},"end":{"line":56,"column":72}},"56":{"start":{"line":57,"column":0},"end":{"line":57,"column":72}},"57":{"start":{"line":58,"column":0},"end":{"line":58,"column":14}},"58":{"start":{"line":59,"column":0},"end":{"line":59,"column":14}},"59":{"start":{"line":60,"column":0},"end":{"line":60,"column":9}},"60":{"start":{"line":61,"column":0},"end":{"line":61,"column":10}},"62":{"start":{"line":63,"column":0},"end":{"line":63,"column":1}}},"s":{"7":1,"8":1,"9":1,"10":1,"11":1,"12":1,"14":12,"15":12,"16":12,"17":12,"18":12,"19":30,"20":30,"21":30,"22":30,"23":30,"24":30,"25":2,"26":2,"27":2,"28":2,"29":2,"30":30,"31":30,"32":30,"33":30,"34":30,"35":30,"36":30,"38":30,"39":30,"40":30,"41":30,"42":30,"43":30,"44":30,"45":30,"46":30,"47":30,"49":30,"50":30,"51":30,"52":30,"53":30,"54":30,"55":30,"56":30,"57":30,"58":30,"59":12,"60":12,"62":12},"branchMap":{"0":{"type":"branch","line":15,"loc":{"start":{"line":15,"column":0},"end":{"line":63,"column":1}},"locations":[{"start":{"line":15,"column":0},"end":{"line":63,"column":1}}]},"1":{"type":"branch","line":19,"loc":{"start":{"line":19,"column":20},"end":{"line":59,"column":14}},"locations":[{"start":{"line":19,"column":20},"end":{"line":59,"column":14}}]},"2":{"type":"branch","line":47,"loc":{"start":{"line":47,"column":50},"end":{"line":47,"column":62}},"locations":[{"start":{"line":47,"column":50},"end":{"line":47,"column":62}}]},"3":{"type":"branch","line":24,"loc":{"start":{"line":24,"column":19},"end":{"line":24,"column":50}},"locations":[{"start":{"line":24,"column":19},"end":{"line":24,"column":50}}]},"4":{"type":"branch","line":25,"loc":{"start":{"line":25,"column":21},"end":{"line":30,"column":12}},"locations":[{"start":{"line":25,"column":21},"end":{"line":30,"column":12}}]},"5":{"type":"branch","line":26,"loc":{"start":{"line":26,"column":26},"end":{"line":26,"column":52}},"locations":[{"start":{"line":26,"column":26},"end":{"line":26,"column":52}}]}},"b":{"0":[12],"1":[30],"2":[0],"3":[4],"4":[2],"5":[1]},"fnMap":{"0":{"name":"ClusterList","decl":{"start":{"line":15,"column":0},"end":{"line":63,"column":1}},"loc":{"start":{"line":15,"column":0},"end":{"line":63,"column":1}},"line":15},"1":{"name":"onClick","decl":{"start":{"line":24,"column":19},"end":{"line":24,"column":50}},"loc":{"start":{"line":24,"column":19},"end":{"line":24,"column":50}},"line":24},"2":{"name":"onKeyDown","decl":{"start":{"line":25,"column":21},"end":{"line":30,"column":12}},"loc":{"start":{"line":25,"column":21},"end":{"line":30,"column":12}},"line":25}},"f":{"0":12,"1":4,"2":2}}
,"/Users/jgoai/pr-triage-bot/.worktrees/2026-04-03-task-43/frontend/src/components/DiffView.tsx": {"path":"/Users/jgoai/pr-triage-bot/.worktrees/2026-04-03-task-43/frontend/src/components/DiffView.tsx","all":false,"statementMap":{"6":{"start":{"line":7,"column":0},"end":{"line":7,"column":51}},"7":{"start":{"line":8,"column":0},"end":{"line":8,"column":38}},"9":{"start":{"line":10,"column":0},"end":{"line":10,"column":10}},"10":{"start":{"line":11,"column":0},"end":{"line":11,"column":9}},"11":{"start":{"line":12,"column":0},"end":{"line":12,"column":26}},"12":{"start":{"line":13,"column":0},"end":{"line":13,"column":49}},"13":{"start":{"line":14,"column":0},"end":{"line":14,"column":71}},"14":{"start":{"line":15,"column":0},"end":{"line":15,"column":10}},"16":{"start":{"line":17,"column":0},"end":{"line":17,"column":39}},"17":{"start":{"line":18,"column":0},"end":{"line":18,"column":42}},"18":{"start":{"line":19,"column":0},"end":{"line":19,"column":39}},"19":{"start":{"line":20,"column":0},"end":{"line":20,"column":14}},"20":{"start":{"line":21,"column":0},"end":{"line":21,"column":47}},"21":{"start":{"line":22,"column":0},"end":{"line":22,"column":51}},"22":{"start":{"line":23,"column":0},"end":{"line":23,"column":21}},"23":{"start":{"line":24,"column":0},"end":{"line":24,"column":26}},"24":{"start":{"line":25,"column":0},"end":{"line":25,"column":26}},"25":{"start":{"line":26,"column":0},"end":{"line":26,"column":44}},"26":{"start":{"line":27,"column":0},"end":{"line":27,"column":35}},"27":{"start":{"line":28,"column":0},"end":{"line":28,"column":51}},"28":{"start":{"line":29,"column":0},"end":{"line":29,"column":37}},"29":{"start":{"line":30,"column":0},"end":{"line":30,"column":35}},"30":{"start":{"line":31,"column":0},"end":{"line":31,"column":20}},"31":{"start":{"line":32,"column":0},"end":{"line":32,"column":17}},"32":{"start":{"line":33,"column":0},"end":{"line":33,"column":30}},"33":{"start":{"line":34,"column":0},"end":{"line":34,"column":28}},"34":{"start":{"line":35,"column":0},"end":{"line":35,"column":61}},"35":{"start":{"line":36,"column":0},"end":{"line":36,"column":19}},"36":{"start":{"line":37,"column":0},"end":{"line":37,"column":15}},"37":{"start":{"line":38,"column":0},"end":{"line":38,"column":15}},"38":{"start":{"line":39,"column":0},"end":{"line":39,"column":14}},"41":{"start":{"line":42,"column":0},"end":{"line":42,"column":10}},"42":{"start":{"line":43,"column":0},"end":{"line":43,"column":16}},"43":{"start":{"line":44,"column":0},"end":{"line":44,"column":32}},"44":{"start":{"line":45,"column":0},"end":{"line":45,"column":22}},"45":{"start":{"line":46,"column":0},"end":{"line":46,"column":26}},"46":{"start":{"line":47,"column":0},"end":{"line":47,"column":27}},"47":{"start":{"line":48,"column":0},"end":{"line":48,"column":23}},"48":{"start":{"line":49,"column":0},"end":{"line":49,"column":26}},"49":{"start":{"line":50,"column":0},"end":{"line":50,"column":10}},"51":{"start":{"line":52,"column":0},"end":{"line":52,"column":33}},"52":{"start":{"line":53,"column":0},"end":{"line":53,"column":33}},"53":{"start":{"line":54,"column":0},"end":{"line":54,"column":90}},"54":{"start":{"line":55,"column":0},"end":{"line":55,"column":61}},"55":{"start":{"line":56,"column":0},"end":{"line":56,"column":44}},"56":{"start":{"line":57,"column":0},"end":{"line":57,"column":27}},"57":{"start":{"line":58,"column":0},"end":{"line":58,"column":44}},"58":{"start":{"line":59,"column":0},"end":{"line":59,"column":27}},"59":{"start":{"line":60,"column":0},"end":{"line":60,"column":11}},"60":{"start":{"line":61,"column":0},"end":{"line":61,"column":18}},"61":{"start":{"line":62,"column":0},"end":{"line":62,"column":52}},"62":{"start":{"line":63,"column":0},"end":{"line":63,"column":20}},"63":{"start":{"line":64,"column":0},"end":{"line":64,"column":18}},"65":{"start":{"line":66,"column":0},"end":{"line":66,"column":11}},"66":{"start":{"line":67,"column":0},"end":{"line":67,"column":12}},"67":{"start":{"line":68,"column":0},"end":{"line":68,"column":10}},"69":{"start":{"line":70,"column":0},"end":{"line":70,"column":1}}},"s":{"6":16,"7":16,"9":16,"10":16,"11":16,"12":16,"13":16,"14":16,"16":16,"17":11,"18":11,"19":11,"20":11,"21":13,"22":13,"23":13,"24":13,"25":13,"26":11,"27":2,"28":1,"29":1,"30":13,"31":13,"32":13,"33":13,"34":13,"35":13,"36":11,"37":11,"38":11,"41":16,"42":16,"43":16,"44":16,"45":16,"46":16,"47":16,"48":16,"49":16,"51":16,"52":90,"53":90,"54":39,"55":90,"56":25,"57":33,"58":13,"59":13,"60":90,"61":90,"62":90,"63":90,"65":16,"66":16,"67":16,"69":16},"branchMap":{"0":{"type":"branch","line":7,"loc":{"start":{"line":7,"column":0},"end":{"line":70,"column":1}},"locations":[{"start":{"line":7,"column":0},"end":{"line":70,"column":1}}]},"1":{"type":"branch","line":17,"loc":{"start":{"line":17,"column":33},"end":{"line":39,"column":14}},"locations":[{"start":{"line":17,"column":33},"end":{"line":39,"column":14}}]},"2":{"type":"branch","line":21,"loc":{"start":{"line":21,"column":34},"end":{"line":36,"column":19}},"locations":[{"start":{"line":21,"column":34},"end":{"line":36,"column":19}}]},"3":{"type":"branch","line":26,"loc":{"start":{"line":26,"column":35},"end":{"line":27,"column":35}},"locations":[{"start":{"line":26,"column":35},"end":{"line":27,"column":35}}]},"4":{"type":"branch","line":27,"loc":{"start":{"line":27,"column":26},"end":{"line":30,"column":35}},"locations":[{"start":{"line":27,"column":26},"end":{"line":30,"column":35}}]},"5":{"type":"branch","line":28,"loc":{"start":{"line":28,"column":39},"end":{"line":29,"column":37}},"locations":[{"start":{"line":28,"column":39},"end":{"line":29,"column":37}}]},"6":{"type":"branch","line":29,"loc":{"start":{"line":29,"column":28},"end":{"line":30,"column":35}},"locations":[{"start":{"line":29,"column":28},"end":{"line":30,"column":35}}]},"7":{"type":"branch","line":52,"loc":{"start":{"line":52,"column":19},"end":{"line":66,"column":9}},"locations":[{"start":{"line":52,"column":19},"end":{"line":66,"column":9}}]},"8":{"type":"branch","line":54,"loc":{"start":{"line":54,"column":35},"end":{"line":54,"column":66}},"locations":[{"start":{"line":54,"column":35},"end":{"line":54,"column":66}}]},"9":{"type":"branch","line":54,"loc":{"start":{"line":54,"column":61},"end":{"line":54,"column":89}},"locations":[{"start":{"line":54,"column":61},"end":{"line":54,"column":89}}]},"10":{"type":"branch","line":54,"loc":{"start":{"line":54,"column":89},"end":{"line":56,"column":21}},"locations":[{"start":{"line":54,"column":89},"end":{"line":56,"column":21}}]},"11":{"type":"branch","line":56,"loc":{"start":{"line":56,"column":10},"end":{"line":60,"column":11}},"locations":[{"start":{"line":56,"column":10},"end":{"line":60,"column":11}}]},"12":{"type":"branch","line":56,"loc":{"start":{"line":56,"column":43},"end":{"line":60,"column":11}},"locations":[{"start":{"line":56,"column":43},"end":{"line":60,"column":11}}]},"13":{"type":"branch","line":56,"loc":{"start":{"line":56,"column":43},"end":{"line":58,"column":21}},"locations":[{"start":{"line":56,"column":43},"end":{"line":58,"column":21}}]},"14":{"type":"branch","line":58,"loc":{"start":{"line":58,"column":10},"end":{"line":60,"column":11}},"locations":[{"start":{"line":58,"column":10},"end":{"line":60,"column":11}}]},"15":{"type":"branch","line":58,"loc":{"start":{"line":58,"column":43},"end":{"line":60,"column":11}},"locations":[{"start":{"line":58,"column":43},"end":{"line":60,"column":11}}]}},"b":{"0":[16],"1":[11],"2":[13],"3":[11],"4":[2],"5":[1],"6":[1],"7":[90],"8":[77],"9":[64],"10":[39],"11":[51],"12":[33],"13":[25],"14":[26],"15":[13]},"fnMap":{"0":{"name":"DiffView","decl":{"start":{"line":7,"column":0},"end":{"line":70,"column":1}},"loc":{"start":{"line":7,"column":0},"end":{"line":70,"column":1}},"line":7}},"f":{"0":16}}
,"/Users/jgoai/pr-triage-bot/.worktrees/2026-04-03-task-43/frontend/src/components/ExecutiveSummary.tsx": {"path":"/Users/jgoai/pr-triage-bot/.worktrees/2026-04-03-task-43/frontend/src/components/ExecutiveSummary.tsx","all":false,"statementMap":{"6":{"start":{"line":7,"column":0},"end":{"line":7,"column":63}},"7":{"start":{"line":8,"column":0},"end":{"line":8,"column":55}},"9":{"start":{"line":10,"column":0},"end":{"line":10,"column":10}},"10":{"start":{"line":11,"column":0},"end":{"line":11,"column":38}},"11":{"start":{"line":12,"column":0},"end":{"line":12,"column":25}},"12":{"start":{"line":13,"column":0},"end":{"line":13,"column":49}},"13":{"start":{"line":14,"column":0},"end":{"line":14,"column":65}},"14":{"start":{"line":15,"column":0},"end":{"line":15,"column":68}},"15":{"start":{"line":16,"column":0},"end":{"line":16,"column":89}},"16":{"start":{"line":17,"column":0},"end":{"line":17,"column":10}},"17":{"start":{"line":18,"column":0},"end":{"line":18,"column":31}},"18":{"start":{"line":19,"column":0},"end":{"line":19,"column":21}},"19":{"start":{"line":20,"column":0},"end":{"line":20,"column":51}},"20":{"start":{"line":21,"column":0},"end":{"line":21,"column":43}},"21":{"start":{"line":22,"column":0},"end":{"line":22,"column":12}},"23":{"start":{"line":24,"column":0},"end":{"line":24,"column":10}},"25":{"start":{"line":26,"column":0},"end":{"line":26,"column":1}}},"s":{"6":14,"7":14,"9":14,"10":14,"11":14,"12":14,"13":14,"14":14,"15":14,"16":14,"17":14,"18":14,"19":13,"20":13,"21":13,"23":14,"25":14},"branchMap":{"0":{"type":"branch","line":7,"loc":{"start":{"line":7,"column":0},"end":{"line":26,"column":1}},"locations":[{"start":{"line":7,"column":0},"end":{"line":26,"column":1}}]},"1":{"type":"branch","line":19,"loc":{"start":{"line":19,"column":7},"end":{"line":22,"column":12}},"locations":[{"start":{"line":19,"column":7},"end":{"line":22,"column":12}}]}},"b":{"0":[14],"1":[13]},"fnMap":{"0":{"name":"ExecutiveSummary","decl":{"start":{"line":7,"column":0},"end":{"line":26,"column":1}},"loc":{"start":{"line":7,"column":0},"end":{"line":26,"column":1}},"line":7}},"f":{"0":14}}
,"/Users/jgoai/pr-triage-bot/.worktrees/2026-04-03-task-43/frontend/src/components/LandingPage.tsx": {"path":"/Users/jgoai/pr-triage-bot/.worktrees/2026-04-03-task-43/frontend/src/components/LandingPage.tsx","all":false,"statementMap":{"0":{"start":{"line":1,"column":0},"end":{"line":1,"column":44}},"2":{"start":{"line":3,"column":0},"end":{"line":3,"column":54}},"8":{"start":{"line":9,"column":0},"end":{"line":9,"column":68}},"9":{"start":{"line":10,"column":0},"end":{"line":10,"column":41}},"10":{"start":{"line":11,"column":0},"end":{"line":11,"column":55}},"11":{"start":{"line":12,"column":0},"end":{"line":12,"column":53}},"12":{"start":{"line":13,"column":0},"end":{"line":13,"column":56}},"15":{"start":{"line":16,"column":0},"end":{"line":16,"column":18}},"17":{"start":{"line":18,"column":0},"end":{"line":18,"column":84}},"19":{"start":{"line":20,"column":0},"end":{"line":20,"column":19}},"20":{"start":{"line":21,"column":0},"end":{"line":21,"column":31}},"21":{"start":{"line":22,"column":0},"end":{"line":22,"column":32}},"22":{"start":{"line":23,"column":0},"end":{"line":23,"column":23}},"23":{"start":{"line":24,"column":0},"end":{"line":24,"column":27}},"24":{"start":{"line":25,"column":0},"end":{"line":25,"column":49}},"25":{"start":{"line":26,"column":0},"end":{"line":26,"column":45}},"26":{"start":{"line":27,"column":0},"end":{"line":27,"column":11}},"27":{"start":{"line":28,"column":0},"end":{"line":28,"column":8}},"28":{"start":{"line":29,"column":0},"end":{"line":29,"column":20}},"29":{"start":{"line":30,"column":0},"end":{"line":30,"column":63}},"30":{"start":{"line":31,"column":0},"end":{"line":31,"column":9}},"31":{"start":{"line":32,"column":0},"end":{"line":32,"column":9}},"33":{"start":{"line":34,"column":0},"end":{"line":34,"column":48}},"34":{"start":{"line":35,"column":0},"end":{"line":35,"column":23}},"35":{"start":{"line":36,"column":0},"end":{"line":36,"column":18}},"36":{"start":{"line":37,"column":0},"end":{"line":37,"column":12}},"37":{"start":{"line":38,"column":0},"end":{"line":38,"column":59}},"38":{"start":{"line":39,"column":0},"end":{"line":39,"column":54}},"39":{"start":{"line":40,"column":0},"end":{"line":40,"column":6}},"40":{"start":{"line":41,"column":0},"end":{"line":41,"column":4}},"42":{"start":{"line":43,"column":0},"end":{"line":43,"column":80}},"44":{"start":{"line":45,"column":0},"end":{"line":45,"column":10}},"45":{"start":{"line":46,"column":0},"end":{"line":46,"column":75}},"46":{"start":{"line":47,"column":0},"end":{"line":47,"column":28}},"47":{"start":{"line":48,"column":0},"end":{"line":48,"column":71}},"49":{"start":{"line":50,"column":0},"end":{"line":50,"column":36}},"50":{"start":{"line":51,"column":0},"end":{"line":51,"column":14}},"51":{"start":{"line":52,"column":0},"end":{"line":52,"column":20}},"52":{"start":{"line":53,"column":0},"end":{"line":53,"column":62}},"53":{"start":{"line":54,"column":0},"end":{"line":54,"column":23}},"54":{"start":{"line":55,"column":0},"end":{"line":55,"column":52}},"55":{"start":{"line":56,"column":0},"end":{"line":56,"column":18}},"56":{"start":{"line":57,"column":0},"end":{"line":57,"column":30}},"57":{"start":{"line":58,"column":0},"end":{"line":58,"column":90}},"58":{"start":{"line":59,"column":0},"end":{"line":59,"column":10}},"60":{"start":{"line":61,"column":0},"end":{"line":61,"column":57}},"61":{"start":{"line":62,"column":0},"end":{"line":62,"column":16}},"62":{"start":{"line":63,"column":0},"end":{"line":63,"column":27}},"63":{"start":{"line":64,"column":0},"end":{"line":64,"column":43}},"64":{"start":{"line":65,"column":0},"end":{"line":65,"column":32}},"65":{"start":{"line":66,"column":0},"end":{"line":66,"column":61}},"66":{"start":{"line":67,"column":0},"end":{"line":67,"column":20}},"67":{"start":{"line":68,"column":0},"end":{"line":68,"column":32}},"68":{"start":{"line":69,"column":0},"end":{"line":69,"column":92}},"69":{"start":{"line":70,"column":0},"end":{"line":70,"column":12}},"72":{"start":{"line":73,"column":0},"end":{"line":73,"column":54}},"73":{"start":{"line":74,"column":0},"end":{"line":74,"column":16}},"74":{"start":{"line":75,"column":0},"end":{"line":75,"column":27}},"75":{"start":{"line":76,"column":0},"end":{"line":76,"column":38}},"76":{"start":{"line":77,"column":0},"end":{"line":77,"column":31}},"77":{"start":{"line":78,"column":0},"end":{"line":78,"column":60}},"78":{"start":{"line":79,"column":0},"end":{"line":79,"column":20}},"79":{"start":{"line":80,"column":0},"end":{"line":80,"column":32}},"80":{"start":{"line":81,"column":0},"end":{"line":81,"column":92}},"81":{"start":{"line":82,"column":0},"end":{"line":82,"column":12}},"84":{"start":{"line":85,"column":0},"end":{"line":85,"column":83}},"85":{"start":{"line":86,"column":0},"end":{"line":86,"column":53}},"86":{"start":{"line":87,"column":0},"end":{"line":87,"column":17}},"87":{"start":{"line":88,"column":0},"end":{"line":88,"column":13}},"89":{"start":{"line":90,"column":0},"end":{"line":90,"column":38}},"90":{"start":{"line":91,"column":0},"end":{"line":91,"column":39}},"91":{"start":{"line":92,"column":0},"end":{"line":92,"column":13}},"92":{"start":{"line":93,"column":0},"end":{"line":93,"column":43}},"93":{"start":{"line":94,"column":0},"end":{"line":94,"column":14}},"94":{"start":{"line":95,"column":0},"end":{"line":95,"column":41}},"95":{"start":{"line":96,"column":0},"end":{"line":96,"column":14}},"98":{"start":{"line":99,"column":0},"end":{"line":99,"column":17}},"99":{"start":{"line":100,"column":0},"end":{"line":100,"column":53}},"100":{"start":{"line":101,"column":0},"end":{"line":101,"column":41}},"101":{"start":{"line":102,"column":0},"end":{"line":102,"column":14}},"103":{"start":{"line":104,"column":0},"end":{"line":104,"column":10}},"105":{"start":{"line":106,"column":0},"end":{"line":106,"column":1}}},"s":{"0":1,"2":1,"8":9,"9":9,"10":9,"11":9,"12":9,"15":9,"17":9,"19":9,"20":6,"21":6,"22":6,"23":6,"24":6,"25":6,"26":6,"27":6,"28":6,"29":0,"30":6,"31":9,"33":9,"34":0,"35":0,"36":0,"37":0,"38":0,"39":0,"40":0,"42":9,"44":9,"45":9,"46":9,"47":9,"49":9,"50":9,"51":9,"52":9,"53":9,"54":9,"55":9,"56":9,"57":9,"58":9,"60":9,"61":1,"62":1,"63":1,"64":1,"65":1,"66":1,"67":1,"68":1,"69":1,"72":9,"73":1,"74":1,"75":1,"76":1,"77":1,"78":1,"79":1,"80":1,"81":1,"84":9,"85":9,"86":9,"87":9,"89":9,"90":1,"91":1,"92":1,"93":1,"94":1,"95":1,"98":9,"99":0,"100":0,"101":0,"103":9,"105":9},"branchMap":{"0":{"type":"branch","line":9,"loc":{"start":{"line":9,"column":0},"end":{"line":106,"column":1}},"locations":[{"start":{"line":9,"column":0},"end":{"line":106,"column":1}}]},"1":{"type":"branch","line":43,"loc":{"start":{"line":43,"column":30},"end":{"line":43,"column":59}},"locations":[{"start":{"line":43,"column":30},"end":{"line":43,"column":59}}]},"2":{"type":"branch","line":43,"loc":{"start":{"line":43,"column":48},"end":{"line":43,"column":80}},"locations":[{"start":{"line":43,"column":48},"end":{"line":43,"column":80}}]},"3":{"type":"branch","line":61,"loc":{"start":{"line":61,"column":9},"end":{"line":61,"column":57}},"locations":[{"start":{"line":61,"column":9},"end":{"line":61,"column":57}}]},"4":{"type":"branch","line":61,"loc":{"start":{"line":61,"column":43},"end":{"line":70,"column":12}},"locations":[{"start":{"line":61,"column":43},"end":{"line":70,"column":12}}]},"5":{"type":"branch","line":73,"loc":{"start":{"line":73,"column":9},"end":{"line":73,"column":54}},"locations":[{"start":{"line":73,"column":9},"end":{"line":73,"column":54}}]},"6":{"type":"branch","line":73,"loc":{"start":{"line":73,"column":43},"end":{"line":82,"column":12}},"locations":[{"start":{"line":73,"column":43},"end":{"line":82,"column":12}}]},"7":{"type":"branch","line":86,"loc":{"start":{"line":86,"column":11},"end":{"line":86,"column":40}},"locations":[{"start":{"line":86,"column":11},"end":{"line":86,"column":40}}]},"8":{"type":"branch","line":86,"loc":{"start":{"line":86,"column":23},"end":{"line":86,"column":53}},"locations":[{"start":{"line":86,"column":23},"end":{"line":86,"column":53}}]},"9":{"type":"branch","line":90,"loc":{"start":{"line":90,"column":7},"end":{"line":90,"column":38}},"locations":[{"start":{"line":90,"column":7},"end":{"line":90,"column":38}}]},"10":{"type":"branch","line":90,"loc":{"start":{"line":90,"column":26},"end":{"line":96,"column":14}},"locations":[{"start":{"line":90,"column":26},"end":{"line":96,"column":14}}]},"11":{"type":"branch","line":99,"loc":{"start":{"line":99,"column":7},"end":{"line":102,"column":14}},"locations":[{"start":{"line":99,"column":7},"end":{"line":102,"column":14}}]},"12":{"type":"branch","line":20,"loc":{"start":{"line":20,"column":12},"end":{"line":32,"column":5}},"locations":[{"start":{"line":20,"column":12},"end":{"line":32,"column":5}}]},"13":{"type":"branch","line":22,"loc":{"start":{"line":22,"column":12},"end":{"line":22,"column":31}},"locations":[{"start":{"line":22,"column":12},"end":{"line":22,"column":31}}]},"14":{"type":"branch","line":23,"loc":{"start":{"line":23,"column":12},"end":{"line":28,"column":7}},"locations":[{"start":{"line":23,"column":12},"end":{"line":28,"column":7}}]}},"b":{"0":[9],"1":[1],"2":[1],"3":[3],"4":[1],"5":[3],"6":[1],"7":[1],"8":[8],"9":[1],"10":[1],"11":[0],"12":[6],"13":[6],"14":[6]},"fnMap":{"0":{"name":"LandingPage","decl":{"start":{"line":9,"column":0},"end":{"line":106,"column":1}},"loc":{"start":{"line":9,"column":0},"end":{"line":106,"column":1}},"line":9},"1":{"name":"handleSubmit","decl":{"start":{"line":34,"column":23},"end":{"line":41,"column":4}},"loc":{"start":{"line":34,"column":23},"end":{"line":41,"column":4}},"line":34},"2":{"name":"onChange","decl":{"start":{"line":55,"column":20},"end":{"line":55,"column":52}},"loc":{"start":{"line":55,"column":20},"end":{"line":55,"column":52}},"line":55},"3":{"name":"onChange","decl":{"start":{"line":66,"column":22},"end":{"line":66,"column":61}},"loc":{"start":{"line":66,"column":22},"end":{"line":66,"column":61}},"line":66},"4":{"name":"onChange","decl":{"start":{"line":78,"column":22},"end":{"line":78,"column":60}},"loc":{"start":{"line":78,"column":22},"end":{"line":78,"column":60}},"line":78}},"f":{"0":9,"1":0,"2":0,"3":0,"4":0}}
,"/Users/jgoai/pr-triage-bot/.worktrees/2026-04-03-task-43/frontend/src/hooks/useAnalysis.ts": {"path":"/Users/jgoai/pr-triage-bot/.worktrees/2026-04-03-task-43/frontend/src/hooks/useAnalysis.ts","all":false,"statementMap":{"0":{"start":{"line":1,"column":0},"end":{"line":1,"column":46}},"2":{"start":{"line":3,"column":0},"end":{"line":3,"column":49}},"12":{"start":{"line":13,"column":0},"end":{"line":13,"column":73}},"13":{"start":{"line":14,"column":0},"end":{"line":14,"column":68}},"14":{"start":{"line":15,"column":0},"end":{"line":15,"column":53}},"15":{"start":{"line":16,"column":0},"end":{"line":16,"column":16}},"16":{"start":{"line":17,"column":0},"end":{"line":17,"column":17}},"17":{"start":{"line":18,"column":0},"end":{"line":18,"column":24}},"18":{"start":{"line":19,"column":0},"end":{"line":19,"column":19}},"19":{"start":{"line":20,"column":0},"end":{"line":20,"column":16}},"20":{"start":{"line":21,"column":0},"end":{"line":21,"column":5}},"22":{"start":{"line":23,"column":0},"end":{"line":23,"column":36}},"23":{"start":{"line":24,"column":0},"end":{"line":24,"column":25}},"24":{"start":{"line":25,"column":0},"end":{"line":25,"column":25}},"25":{"start":{"line":26,"column":0},"end":{"line":26,"column":22}},"26":{"start":{"line":27,"column":0},"end":{"line":27,"column":31}},"27":{"start":{"line":28,"column":0},"end":{"line":28,"column":20}},"28":{"start":{"line":29,"column":0},"end":{"line":29,"column":43}},"29":{"start":{"line":30,"column":0},"end":{"line":30,"column":41}},"30":{"start":{"line":31,"column":0},"end":{"line":31,"column":14}},"31":{"start":{"line":32,"column":0},"end":{"line":32,"column":16}},"32":{"start":{"line":33,"column":0},"end":{"line":33,"column":23}},"33":{"start":{"line":34,"column":0},"end":{"line":34,"column":31}},"34":{"start":{"line":35,"column":0},"end":{"line":35,"column":20}},"35":{"start":{"line":36,"column":0},"end":{"line":36,"column":66}},"36":{"start":{"line":37,"column":0},"end":{"line":37,"column":14}},"37":{"start":{"line":38,"column":0},"end":{"line":38,"column":16}},"38":{"start":{"line":39,"column":0},"end":{"line":39,"column":24}},"39":{"start":{"line":40,"column":0},"end":{"line":40,"column":29}},"40":{"start":{"line":41,"column":0},"end":{"line":41,"column":33}},"41":{"start":{"line":42,"column":0},"end":{"line":42,"column":22}},"42":{"start":{"line":43,"column":0},"end":{"line":43,"column":32}},"43":{"start":{"line":44,"column":0},"end":{"line":44,"column":38}},"44":{"start":{"line":45,"column":0},"end":{"line":45,"column":16}},"45":{"start":{"line":46,"column":0},"end":{"line":46,"column":37}},"46":{"start":{"line":47,"column":0},"end":{"line":47,"column":11}},"47":{"start":{"line":48,"column":0},"end":{"line":48,"column":16}},"48":{"start":{"line":49,"column":0},"end":{"line":49,"column":21}},"49":{"start":{"line":50,"column":0},"end":{"line":50,"column":31}},"50":{"start":{"line":51,"column":0},"end":{"line":51,"column":20}},"51":{"start":{"line":52,"column":0},"end":{"line":52,"column":27}},"52":{"start":{"line":53,"column":0},"end":{"line":53,"column":48}},"53":{"start":{"line":54,"column":0},"end":{"line":54,"column":14}},"54":{"start":{"line":55,"column":0},"end":{"line":55,"column":16}},"55":{"start":{"line":56,"column":0},"end":{"line":56,"column":7}},"56":{"start":{"line":57,"column":0},"end":{"line":57,"column":6}},"57":{"start":{"line":58,"column":0},"end":{"line":58,"column":16}},"58":{"start":{"line":59,"column":0},"end":{"line":59,"column":4}},"60":{"start":{"line":61,"column":0},"end":{"line":61,"column":68}},"62":{"start":{"line":63,"column":0},"end":{"line":63,"column":36}},"63":{"start":{"line":64,"column":0},"end":{"line":64,"column":78}},"64":{"start":{"line":65,"column":0},"end":{"line":65,"column":16}},"65":{"start":{"line":66,"column":0},"end":{"line":66,"column":29}},"66":{"start":{"line":67,"column":0},"end":{"line":67,"column":34}},"67":{"start":{"line":68,"column":0},"end":{"line":68,"column":28}},"68":{"start":{"line":69,"column":0},"end":{"line":69,"column":23}},"69":{"start":{"line":70,"column":0},"end":{"line":70,"column":20}},"70":{"start":{"line":71,"column":0},"end":{"line":71,"column":9}},"72":{"start":{"line":73,"column":0},"end":{"line":73,"column":11}},"73":{"start":{"line":74,"column":0},"end":{"line":74,"column":49}},"74":{"start":{"line":75,"column":0},"end":{"line":75,"column":25}},"75":{"start":{"line":76,"column":0},"end":{"line":76,"column":58}},"76":{"start":{"line":77,"column":0},"end":{"line":77,"column":72}},"77":{"start":{"line":78,"column":0},"end":{"line":78,"column":11}},"79":{"start":{"line":80,"column":0},"end":{"line":80,"column":22}},"80":{"start":{"line":81,"column":0},"end":{"line":81,"column":68}},"81":{"start":{"line":82,"column":0},"end":{"line":82,"column":15}},"82":{"start":{"line":83,"column":0},"end":{"line":83,"column":42}},"83":{"start":{"line":84,"column":0},"end":{"line":84,"column":46}},"84":{"start":{"line":85,"column":0},"end":{"line":85,"column":19}},"86":{"start":{"line":87,"column":0},"end":{"line":87,"column":11}},"87":{"start":{"line":88,"column":0},"end":{"line":88,"column":77}},"88":{"start":{"line":89,"column":0},"end":{"line":89,"column":17}},"89":{"start":{"line":90,"column":0},"end":{"line":90,"column":9}},"91":{"start":{"line":92,"column":0},"end":{"line":92,"column":48}},"92":{"start":{"line":93,"column":0},"end":{"line":93,"column":34}},"93":{"start":{"line":94,"column":0},"end":{"line":94,"column":21}},"94":{"start":{"line":95,"column":0},"end":{"line":95,"column":77}},"95":{"start":{"line":96,"column":0},"end":{"line":96,"column":74}},"96":{"start":{"line":97,"column":0},"end":{"line":97,"column":7}},"97":{"start":{"line":98,"column":0},"end":{"line":98,"column":6}},"98":{"start":{"line":99,"column":0},"end":{"line":99,"column":6}},"99":{"start":{"line":100,"column":0},"end":{"line":100,"column":4}},"101":{"start":{"line":102,"column":0},"end":{"line":102,"column":37}},"102":{"start":{"line":103,"column":0},"end":{"line":103,"column":1}}},"s":{"0":1,"2":1,"12":1,"13":8,"14":8,"15":8,"16":8,"17":8,"18":8,"19":8,"20":8,"22":8,"23":8,"24":0,"25":0,"26":0,"27":0,"28":0,"29":0,"30":0,"31":0,"32":0,"33":0,"34":0,"35":0,"36":0,"37":0,"38":0,"39":0,"40":0,"41":0,"42":0,"43":0,"44":0,"45":0,"46":0,"47":0,"48":0,"49":0,"50":0,"51":0,"52":0,"53":0,"54":0,"55":0,"56":0,"57":8,"58":8,"60":8,"62":8,"63":8,"64":4,"65":4,"66":4,"67":4,"68":4,"69":4,"70":4,"72":4,"73":4,"74":4,"75":4,"76":4,"77":4,"79":4,"80":2,"81":2,"82":2,"83":2,"84":2,"86":1,"87":2,"88":2,"89":2,"91":1,"92":1,"93":1,"94":1,"95":1,"96":1,"97":4,"98":8,"99":8,"101":8,"102":8},"branchMap":{"0":{"type":"branch","line":13,"loc":{"start":{"line":13,"column":7},"end":{"line":103,"column":1}},"locations":[{"start":{"line":13,"column":7},"end":{"line":103,"column":1}}]},"1":{"type":"branch","line":64,"loc":{"start":{"line":64,"column":4},"end":{"line":98,"column":6}},"locations":[{"start":{"line":64,"column":4},"end":{"line":98,"column":6}}]},"2":{"type":"branch","line":78,"loc":{"start":{"line":78,"column":9},"end":{"line":80,"column":21}},"locations":[{"start":{"line":78,"column":9},"end":{"line":80,"column":21}}]},"3":{"type":"branch","line":80,"loc":{"start":{"line":80,"column":21},"end":{"line":90,"column":9}},"locations":[{"start":{"line":80,"column":21},"end":{"line":90,"column":9}}]},"4":{"type":"branch","line":83,"loc":{"start":{"line":83,"column":40},"end":{"line":84,"column":37}},"locations":[{"start":{"line":83,"column":40},"end":{"line":84,"column":37}}]},"5":{"type":"branch","line":84,"loc":{"start":{"line":84,"column":28},"end":{"line":84,"column":46}},"locations":[{"start":{"line":84,"column":28},"end":{"line":84,"column":46}}]},"6":{"type":"branch","line":85,"loc":{"start":{"line":85,"column":10},"end":{"line":87,"column":11}},"locations":[{"start":{"line":85,"column":10},"end":{"line":87,"column":11}}]},"7":{"type":"branch","line":90,"loc":{"start":{"line":90,"column":8},"end":{"line":97,"column":7}},"locations":[{"start":{"line":90,"column":8},"end":{"line":97,"column":7}}]},"8":{"type":"branch","line":95,"loc":{"start":{"line":95,"column":51},"end":{"line":95,"column":77}},"locations":[{"start":{"line":95,"column":51},"end":{"line":95,"column":77}}]},"9":{"type":"branch","line":88,"loc":{"start":{"line":88,"column":19},"end":{"line":88,"column":75}},"locations":[{"start":{"line":88,"column":19},"end":{"line":88,"column":75}}]},"10":{"type":"branch","line":96,"loc":{"start":{"line":96,"column":17},"end":{"line":96,"column":72}},"locations":[{"start":{"line":96,"column":17},"end":{"line":96,"column":72}}]}},"b":{"0":[8],"1":[4],"2":[3],"3":[2],"4":[1],"5":[0],"6":[1],"7":[1],"8":[0],"9":[2],"10":[1]},"fnMap":{"0":{"name":"useAnalysis","decl":{"start":{"line":13,"column":7},"end":{"line":103,"column":1}},"loc":{"start":{"line":13,"column":7},"end":{"line":103,"column":1}},"line":13}},"f":{"0":8}}
,"/Users/jgoai/pr-triage-bot/.worktrees/2026-04-03-task-43/frontend/src/hooks/useWebSocket.ts": {"path":"/Users/jgoai/pr-triage-bot/.worktrees/2026-04-03-task-43/frontend/src/hooks/useWebSocket.ts","all":false,"statementMap":{"0":{"start":{"line":1,"column":0},"end":{"line":1,"column":52}},"8":{"start":{"line":9,"column":0},"end":{"line":9,"column":82}},"9":{"start":{"line":10,"column":0},"end":{"line":10,"column":47}},"10":{"start":{"line":11,"column":0},"end":{"line":11,"column":41}},"11":{"start":{"line":12,"column":0},"end":{"line":12,"column":35}},"13":{"start":{"line":14,"column":0},"end":{"line":14,"column":52}},"15":{"start":{"line":16,"column":0},"end":{"line":16,"column":19}},"16":{"start":{"line":17,"column":0},"end":{"line":17,"column":25}},"18":{"start":{"line":19,"column":0},"end":{"line":19,"column":76}},"19":{"start":{"line":20,"column":0},"end":{"line":20,"column":72}},"20":{"start":{"line":21,"column":0},"end":{"line":21,"column":23}},"22":{"start":{"line":23,"column":0},"end":{"line":23,"column":41}},"24":{"start":{"line":25,"column":0},"end":{"line":25,"column":31}},"25":{"start":{"line":26,"column":0},"end":{"line":26,"column":11}},"26":{"start":{"line":27,"column":0},"end":{"line":27,"column":54}},"27":{"start":{"line":28,"column":0},"end":{"line":28,"column":34}},"28":{"start":{"line":29,"column":0},"end":{"line":29,"column":15}},"29":{"start":{"line":30,"column":0},"end":{"line":30,"column":72}},"30":{"start":{"line":31,"column":0},"end":{"line":31,"column":7}},"31":{"start":{"line":32,"column":0},"end":{"line":32,"column":6}},"33":{"start":{"line":34,"column":0},"end":{"line":34,"column":43}},"35":{"start":{"line":36,"column":0},"end":{"line":36,"column":18}},"36":{"start":{"line":37,"column":0},"end":{"line":37,"column":17}},"37":{"start":{"line":38,"column":0},"end":{"line":38,"column":27}},"38":{"start":{"line":39,"column":0},"end":{"line":39,"column":6}},"39":{"start":{"line":40,"column":0},"end":{"line":40,"column":16}},"41":{"start":{"line":42,"column":0},"end":{"line":42,"column":23}},"42":{"start":{"line":43,"column":0},"end":{"line":43,"column":1}}},"s":{"0":1,"8":1,"9":8,"10":8,"11":8,"13":8,"15":8,"16":5,"18":5,"19":5,"20":5,"22":5,"24":5,"25":0,"26":0,"27":0,"28":0,"29":0,"30":0,"31":0,"33":5,"35":5,"36":1,"37":1,"38":1,"39":8,"41":8,"42":8},"branchMap":{"0":{"type":"branch","line":9,"loc":{"start":{"line":9,"column":7},"end":{"line":43,"column":1}},"locations":[{"start":{"line":9,"column":7},"end":{"line":43,"column":1}}]},"1":{"type":"branch","line":16,"loc":{"start":{"line":16,"column":12},"end":{"line":40,"column":5}},"locations":[{"start":{"line":16,"column":12},"end":{"line":40,"column":5}}]},"2":{"type":"branch","line":17,"loc":{"start":{"line":17,"column":18},"end":{"line":17,"column":25}},"locations":[{"start":{"line":17,"column":18},"end":{"line":17,"column":25}}]},"3":{"type":"branch","line":17,"loc":{"start":{"line":17,"column":18},"end":{"line":19,"column":61}},"locations":[{"start":{"line":17,"column":18},"end":{"line":19,"column":61}}]},"4":{"type":"branch","line":19,"loc":{"start":{"line":19,"column":50},"end":{"line":19,"column":70}},"locations":[{"start":{"line":19,"column":50},"end":{"line":19,"column":70}}]},"5":{"type":"branch","line":19,"loc":{"start":{"line":19,"column":61},"end":{"line":19,"column":76}},"locations":[{"start":{"line":19,"column":61},"end":{"line":19,"column":76}}]},"6":{"type":"branch","line":36,"loc":{"start":{"line":36,"column":11},"end":{"line":39,"column":6}},"locations":[{"start":{"line":36,"column":11},"end":{"line":39,"column":6}}]}},"b":{"0":[8],"1":[5],"2":[4],"3":[1],"4":[0],"5":[1],"6":[1]},"fnMap":{"0":{"name":"useWebSocket","decl":{"start":{"line":9,"column":7},"end":{"line":43,"column":1}},"loc":{"start":{"line":9,"column":7},"end":{"line":43,"column":1}},"line":9},"1":{"name":"ws.onopen","decl":{"start":{"line":23,"column":16},"end":{"line":23,"column":41}},"loc":{"start":{"line":23,"column":16},"end":{"line":23,"column":41}},"line":23},"2":{"name":"ws.onmessage","decl":{"start":{"line":25,"column":19},"end":{"line":32,"column":6}},"loc":{"start":{"line":25,"column":19},"end":{"line":32,"column":6}},"line":25},"3":{"name":"ws.onclose","decl":{"start":{"line":34,"column":17},"end":{"line":34,"column":43}},"loc":{"start":{"line":34,"column":17},"end":{"line":34,"column":43}},"line":34}},"f":{"0":8,"1":0,"2":0,"3":0}}
}
