{"/Users/jgoai/pr-triage-bot/.worktrees/2026-04-03-task-43/backend/src/index.ts": {"path":"/Users/jgoai/pr-triage-bot/.worktrees/2026-04-03-task-43/backend/src/index.ts","all":false,"statementMap":{"0":{"start":{"line":1,"column":0},"end":{"line":1,"column":30}},"1":{"start":{"line":2,"column":0},"end":{"line":2,"column":24}},"2":{"start":{"line":3,"column":0},"end":{"line":3,"column":24}},"3":{"start":{"line":4,"column":0},"end":{"line":4,"column":36}},"4":{"start":{"line":5,"column":0},"end":{"line":5,"column":42}},"5":{"start":{"line":6,"column":0},"end":{"line":6,"column":46}},"6":{"start":{"line":7,"column":0},"end":{"line":7,"column":65}},"7":{"start":{"line":8,"column":0},"end":{"line":8,"column":52}},"8":{"start":{"line":9,"column":0},"end":{"line":9,"column":74}},"9":{"start":{"line":10,"column":0},"end":{"line":10,"column":65}},"10":{"start":{"line":11,"column":0},"end":{"line":11,"column":63}},"11":{"start":{"line":12,"column":0},"end":{"line":12,"column":65}},"12":{"start":{"line":13,"column":0},"end":{"line":13,"column":53}},"14":{"start":{"line":15,"column":0},"end":{"line":15,"column":22}},"15":{"start":{"line":16,"column":0},"end":{"line":16,"column":24}},"17":{"start":{"line":18,"column":0},"end":{"line":18,"column":37}},"18":{"start":{"line":19,"column":0},"end":{"line":19,"column":39}},"19":{"start":{"line":20,"column":0},"end":{"line":20,"column":40}},"21":{"start":{"line":22,"column":0},"end":{"line":22,"column":39}},"22":{"start":{"line":23,"column":0},"end":{"line":23,"column":29}},"23":{"start":{"line":24,"column":0},"end":{"line":24,"column":3}},"25":{"start":{"line":26,"column":0},"end":{"line":26,"column":79}},"26":{"start":{"line":27,"column":0},"end":{"line":27,"column":42}},"27":{"start":{"line":28,"column":0},"end":{"line":28,"column":39}},"30":{"start":{"line":31,"column":0},"end":{"line":31,"column":34}},"31":{"start":{"line":32,"column":0},"end":{"line":32,"column":21}},"32":{"start":{"line":33,"column":0},"end":{"line":33,"column":16}},"33":{"start":{"line":34,"column":0},"end":{"line":34,"column":23}},"34":{"start":{"line":35,"column":0},"end":{"line":35,"column":21}},"35":{"start":{"line":36,"column":0},"end":{"line":36,"column":6}},"36":{"start":{"line":37,"column":0},"end":{"line":37,"column":7}},"37":{"start":{"line":38,"column":0},"end":{"line":38,"column":59}},"38":{"start":{"line":39,"column":0},"end":{"line":39,"column":47}},"39":{"start":{"line":40,"column":0},"end":{"line":40,"column":36}},"41":{"start":{"line":42,"column":0},"end":{"line":42,"column":90}},"42":{"start":{"line":43,"column":0},"end":{"line":43,"column":49}},"44":{"start":{"line":45,"column":0},"end":{"line":45,"column":48}},"45":{"start":{"line":46,"column":0},"end":{"line":46,"column":55}},"46":{"start":{"line":47,"column":0},"end":{"line":47,"column":59}},"47":{"start":{"line":48,"column":0},"end":{"line":48,"column":48}},"48":{"start":{"line":49,"column":0},"end":{"line":49,"column":54}},"49":{"start":{"line":50,"column":0},"end":{"line":50,"column":46}},"50":{"start":{"line":51,"column":0},"end":{"line":51,"column":7}},"52":{"start":{"line":53,"column":0},"end":{"line":53,"column":38}},"53":{"start":{"line":54,"column":0},"end":{"line":54,"column":22}},"54":{"start":{"line":55,"column":0},"end":{"line":55,"column":69}},"55":{"start":{"line":56,"column":0},"end":{"line":56,"column":54}},"56":{"start":{"line":57,"column":0},"end":{"line":57,"column":65}},"57":{"start":{"line":58,"column":0},"end":{"line":58,"column":3}},"58":{"start":{"line":59,"column":0},"end":{"line":59,"column":2}},"60":{"start":{"line":61,"column":0},"end":{"line":61,"column":63}},"63":{"start":{"line":64,"column":0},"end":{"line":64,"column":44}},"64":{"start":{"line":65,"column":0},"end":{"line":65,"column":57}},"65":{"start":{"line":66,"column":0},"end":{"line":66,"column":37}},"66":{"start":{"line":67,"column":0},"end":{"line":67,"column":30}},"67":{"start":{"line":68,"column":0},"end":{"line":68,"column":39}},"68":{"start":{"line":69,"column":0},"end":{"line":69,"column":51}},"69":{"start":{"line":70,"column":0},"end":{"line":70,"column":13}},"70":{"start":{"line":71,"column":0},"end":{"line":71,"column":5}},"71":{"start":{"line":72,"column":0},"end":{"line":72,"column":53}},"72":{"start":{"line":73,"column":0},"end":{"line":73,"column":5}},"73":{"start":{"line":74,"column":0},"end":{"line":74,"column":1}},"75":{"start":{"line":76,"column":0},"end":{"line":76,"column":46}},"76":{"start":{"line":77,"column":0},"end":{"line":77,"column":51}},"77":{"start":{"line":78,"column":0},"end":{"line":78,"column":3}}},"s":{"0":1,"1":1,"2":1,"3":1,"4":1,"5":1,"6":1,"7":1,"8":1,"9":1,"10":1,"11":1,"12":1,"14":1,"15":1,"17":1,"18":1,"19":1,"21":1,"22":1,"23":1,"25":1,"26":1,"27":1,"30":1,"31":2,"32":2,"33":2,"34":2,"35":2,"36":2,"37":2,"38":2,"39":2,"41":2,"42":2,"44":0,"45":0,"46":0,"47":0,"48":0,"49":0,"50":0,"52":0,"53":0,"54":0,"55":0,"56":0,"57":0,"58":2,"60":1,"63":1,"64":0,"65":0,"66":0,"67":0,"68":0,"69":0,"70":0,"71":0,"72":0,"73":0,"75":1,"76":3,"77":3},"branchMap":{"0":{"type":"branch","line":26,"loc":{"start":{"line":26,"column":34},"end":{"line":26,"column":79}},"locations":[{"start":{"line":26,"column":34},"end":{"line":26,"column":79}}]},"1":{"type":"branch","line":64,"loc":{"start":{"line":64,"column":43},"end":{"line":74,"column":1}},"locations":[{"start":{"line":64,"column":43},"end":{"line":74,"column":1}}]},"2":{"type":"branch","line":22,"loc":{"start":{"line":22,"column":23},"end":{"line":24,"column":3}},"locations":[{"start":{"line":22,"column":23},"end":{"line":24,"column":3}}]},"3":{"type":"branch","line":31,"loc":{"start":{"line":31,"column":27},"end":{"line":59,"column":2}},"locations":[{"start":{"line":31,"column":27},"end":{"line":59,"column":2}}]},"4":{"type":"branch","line":43,"loc":{"start":{"line":43,"column":47},"end":{"line":58,"column":3}},"locations":[{"start":{"line":43,"column":47},"end":{"line":58,"column":3}}]},"5":{"type":"branch","line":76,"loc":{"start":{"line":76,"column":39},"end":{"line":78,"column":3}},"locations":[{"start":{"line":76,"column":39},"end":{"line":78,"column":3}}]}},"b":{"0":[0],"1":[0],"2":[1],"3":[2],"4":[0],"5":[3]},"fnMap":{"0":{"name":"app.locals.startPipeline","decl":{"start":{"line":31,"column":27},"end":{"line":59,"column":2}},"loc":{"start":{"line":31,"column":27},"end":{"line":59,"column":2}},"line":31},"1":{"name":"analyzeFile","decl":{"start":{"line":46,"column":19},"end":{"line":46,"column":55}},"loc":{"start":{"line":46,"column":19},"end":{"line":46,"column":55}},"line":46},"2":{"name":"clusterFiles","decl":{"start":{"line":47,"column":20},"end":{"line":47,"column":59}},"loc":{"start":{"line":47,"column":20},"end":{"line":47,"column":59}},"line":47},"3":{"name":"rankAndSynthesize","decl":{"start":{"line":48,"column":25},"end":{"line":49,"column":54}},"loc":{"start":{"line":48,"column":25},"end":{"line":49,"column":54}},"line":48},"4":{"name":"onMessage","decl":{"start":{"line":50,"column":17},"end":{"line":50,"column":46}},"loc":{"start":{"line":50,"column":17},"end":{"line":50,"column":46}},"line":50}},"f":{"0":2,"1":0,"2":0,"3":0,"4":0}}
,"/Users/jgoai/pr-triage-bot/.worktrees/2026-04-03-task-43/backend/src/types.ts": {"path":"/Users/jgoai/pr-triage-bot/.worktrees/2026-04-03-task-43/backend/src/types.ts","all":true,"statementMap":{},"s":{},"branchMap":{"0":{"type":"branch","line":1,"loc":{"start":{"line":1,"column":1343},"end":{"line":67,"column":1}},"locations":[{"start":{"line":1,"column":1343},"end":{"line":67,"column":1}}]}},"b":{"0":[1]},"fnMap":{"0":{"name":"(empty-report)","decl":{"start":{"line":1,"column":1343},"end":{"line":67,"column":1}},"loc":{"start":{"line":1,"column":1343},"end":{"line":67,"column":1}},"line":1}},"f":{"0":1}}
,"/Users/jgoai/pr-triage-bot/.worktrees/2026-04-03-task-43/backend/src/ws.ts": {"path":"/Users/jgoai/pr-triage-bot/.worktrees/2026-04-03-task-43/backend/src/ws.ts","all":false,"statementMap":{"0":{"start":{"line":1,"column":0},"end":{"line":1,"column":48}},"4":{"start":{"line":5,"column":0},"end":{"line":5,"column":65}},"5":{"start":{"line":6,"column":0},"end":{"line":6,"column":46}},"7":{"start":{"line":8,"column":0},"end":{"line":8,"column":32}},"8":{"start":{"line":9,"column":0},"end":{"line":9,"column":29}},"9":{"start":{"line":10,"column":0},"end":{"line":10,"column":53}},"10":{"start":{"line":11,"column":0},"end":{"line":11,"column":7}},"11":{"start":{"line":12,"column":0},"end":{"line":12,"column":5}},"13":{"start":{"line":14,"column":0},"end":{"line":14,"column":13}},"14":{"start":{"line":15,"column":0},"end":{"line":15,"column":1}},"16":{"start":{"line":17,"column":0},"end":{"line":17,"column":75}},"17":{"start":{"line":18,"column":0},"end":{"line":18,"column":39}},"18":{"start":{"line":19,"column":0},"end":{"line":19,"column":37}},"19":{"start":{"line":20,"column":0},"end":{"line":20,"column":47}},"20":{"start":{"line":21,"column":0},"end":{"line":21,"column":24}},"21":{"start":{"line":22,"column":0},"end":{"line":22,"column":5}},"22":{"start":{"line":23,"column":0},"end":{"line":23,"column":3}},"23":{"start":{"line":24,"column":0},"end":{"line":24,"column":1}}},"s":{"0":1,"4":1,"5":7,"7":7,"8":4,"9":0,"10":4,"11":7,"13":7,"14":7,"16":1,"17":6,"18":6,"19":4,"20":3,"21":3,"22":4,"23":6},"branchMap":{"0":{"type":"branch","line":5,"loc":{"start":{"line":5,"column":7},"end":{"line":15,"column":1}},"locations":[{"start":{"line":5,"column":7},"end":{"line":15,"column":1}}]},"1":{"type":"branch","line":8,"loc":{"start":{"line":8,"column":23},"end":{"line":12,"column":3}},"locations":[{"start":{"line":8,"column":23},"end":{"line":12,"column":3}}]},"2":{"type":"branch","line":17,"loc":{"start":{"line":17,"column":7},"end":{"line":24,"column":1}},"locations":[{"start":{"line":17,"column":7},"end":{"line":24,"column":1}}]},"3":{"type":"branch","line":19,"loc":{"start":{"line":19,"column":36},"end":{"line":23,"column":3}},"locations":[{"start":{"line":19,"column":36},"end":{"line":23,"column":3}}]},"4":{"type":"branch","line":20,"loc":{"start":{"line":20,"column":46},"end":{"line":22,"column":5}},"locations":[{"start":{"line":20,"column":46},"end":{"line":22,"column":5}}]}},"b":{"0":[7],"1":[4],"2":[6],"3":[4],"4":[3]},"fnMap":{"0":{"name":"setupWebSocket","decl":{"start":{"line":5,"column":7},"end":{"line":15,"column":1}},"loc":{"start":{"line":5,"column":7},"end":{"line":15,"column":1}},"line":5},"1":{"name":"broadcast","decl":{"start":{"line":17,"column":7},"end":{"line":24,"column":1}},"loc":{"start":{"line":17,"column":7},"end":{"line":24,"column":1}},"line":17}},"f":{"0":7,"1":6}}
,"/Users/jgoai/pr-triage-bot/.worktrees/2026-04-03-task-43/backend/src/routes/analyze.ts": {"path":"/Users/jgoai/pr-triage-bot/.worktrees/2026-04-03-task-43/backend/src/routes/analyze.ts","all":false,"statementMap":{"0":{"start":{"line":1,"column":0},"end":{"line":1,"column":33}},"1":{"start":{"line":2,"column":0},"end":{"line":2,"column":51}},"3":{"start":{"line":4,"column":0},"end":{"line":4,"column":36}},"5":{"start":{"line":6,"column":0},"end":{"line":6,"column":24}},"8":{"start":{"line":9,"column":0},"end":{"line":9,"column":108}},"10":{"start":{"line":11,"column":0},"end":{"line":11,"column":25}},"12":{"start":{"line":13,"column":0},"end":{"line":13,"column":32}},"13":{"start":{"line":14,"column":0},"end":{"line":14,"column":44}},"15":{"start":{"line":16,"column":0},"end":{"line":16,"column":48}},"16":{"start":{"line":17,"column":0},"end":{"line":17,"column":18}},"17":{"start":{"line":18,"column":0},"end":{"line":18,"column":38}},"18":{"start":{"line":19,"column":0},"end":{"line":19,"column":35}},"19":{"start":{"line":20,"column":0},"end":{"line":20,"column":25}},"20":{"start":{"line":21,"column":0},"end":{"line":21,"column":14}},"21":{"start":{"line":22,"column":0},"end":{"line":22,"column":3}},"22":{"start":{"line":23,"column":0},"end":{"line":23,"column":1}},"24":{"start":{"line":25,"column":0},"end":{"line":25,"column":126}},"25":{"start":{"line":26,"column":0},"end":{"line":26,"column":26}},"26":{"start":{"line":27,"column":0},"end":{"line":27,"column":1}},"28":{"start":{"line":29,"column":0},"end":{"line":29,"column":127}},"29":{"start":{"line":30,"column":0},"end":{"line":30,"column":26}},"30":{"start":{"line":31,"column":0},"end":{"line":31,"column":1}},"32":{"start":{"line":33,"column":0},"end":{"line":33,"column":32}},"33":{"start":{"line":34,"column":0},"end":{"line":34,"column":18}},"34":{"start":{"line":35,"column":0},"end":{"line":35,"column":77}},"36":{"start":{"line":37,"column":0},"end":{"line":37,"column":15}},"37":{"start":{"line":38,"column":0},"end":{"line":38,"column":57}},"38":{"start":{"line":39,"column":0},"end":{"line":39,"column":11}},"39":{"start":{"line":40,"column":0},"end":{"line":40,"column":3}},"41":{"start":{"line":42,"column":0},"end":{"line":42,"column":7}},"42":{"start":{"line":43,"column":0},"end":{"line":43,"column":22}},"43":{"start":{"line":44,"column":0},"end":{"line":44,"column":22}},"44":{"start":{"line":45,"column":0},"end":{"line":45,"column":49}},"45":{"start":{"line":46,"column":0},"end":{"line":46,"column":11}},"46":{"start":{"line":47,"column":0},"end":{"line":47,"column":3}},"48":{"start":{"line":49,"column":0},"end":{"line":49,"column":81}},"49":{"start":{"line":50,"column":0},"end":{"line":50,"column":71}},"51":{"start":{"line":52,"column":0},"end":{"line":52,"column":31}},"52":{"start":{"line":53,"column":0},"end":{"line":53,"column":114}},"53":{"start":{"line":54,"column":0},"end":{"line":54,"column":11}},"54":{"start":{"line":55,"column":0},"end":{"line":55,"column":3}},"56":{"start":{"line":57,"column":0},"end":{"line":57,"column":30}},"57":{"start":{"line":58,"column":0},"end":{"line":58,"column":100}},"58":{"start":{"line":59,"column":0},"end":{"line":59,"column":11}},"59":{"start":{"line":60,"column":0},"end":{"line":60,"column":3}},"61":{"start":{"line":62,"column":0},"end":{"line":62,"column":30}},"62":{"start":{"line":63,"column":0},"end":{"line":63,"column":50}},"65":{"start":{"line":66,"column":0},"end":{"line":66,"column":37}},"66":{"start":{"line":67,"column":0},"end":{"line":67,"column":97}},"67":{"start":{"line":68,"column":0},"end":{"line":68,"column":3}},"69":{"start":{"line":70,"column":0},"end":{"line":70,"column":39}},"70":{"start":{"line":71,"column":0},"end":{"line":71,"column":3}},"72":{"start":{"line":73,"column":0},"end":{"line":73,"column":34}},"73":{"start":{"line":74,"column":0},"end":{"line":74,"column":45}},"74":{"start":{"line":75,"column":0},"end":{"line":75,"column":16}},"75":{"start":{"line":76,"column":0},"end":{"line":76,"column":58}},"76":{"start":{"line":77,"column":0},"end":{"line":77,"column":11}},"77":{"start":{"line":78,"column":0},"end":{"line":78,"column":3}},"78":{"start":{"line":79,"column":0},"end":{"line":79,"column":19}},"79":{"start":{"line":80,"column":0},"end":{"line":80,"column":3}},"81":{"start":{"line":82,"column":0},"end":{"line":82,"column":22}}},"s":{"0":1,"1":1,"3":1,"5":1,"8":1,"10":1,"12":6,"13":6,"15":0,"16":0,"17":0,"18":0,"19":0,"20":0,"21":0,"22":0,"24":1,"25":0,"26":0,"28":1,"29":3,"30":3,"32":1,"33":6,"34":6,"36":6,"37":1,"38":1,"39":1,"41":5,"42":5,"43":6,"44":1,"45":1,"46":1,"48":6,"49":6,"51":6,"52":1,"53":1,"54":1,"56":6,"57":1,"58":1,"59":1,"61":2,"62":2,"65":2,"66":2,"67":2,"69":2,"70":2,"72":1,"73":4,"74":4,"75":1,"76":1,"77":1,"78":3,"79":3,"81":1},"branchMap":{"0":{"type":"branch","line":13,"loc":{"start":{"line":13,"column":0},"end":{"line":23,"column":1}},"locations":[{"start":{"line":13,"column":0},"end":{"line":23,"column":1}}]},"1":{"type":"branch","line":14,"loc":{"start":{"line":14,"column":37},"end":{"line":23,"column":1}},"locations":[{"start":{"line":14,"column":37},"end":{"line":23,"column":1}}]},"2":{"type":"branch","line":29,"loc":{"start":{"line":29,"column":7},"end":{"line":31,"column":1}},"locations":[{"start":{"line":29,"column":7},"end":{"line":31,"column":1}}]},"3":{"type":"branch","line":33,"loc":{"start":{"line":33,"column":17},"end":{"line":71,"column":3}},"locations":[{"start":{"line":33,"column":17},"end":{"line":71,"column":3}}]},"4":{"type":"branch","line":37,"loc":{"start":{"line":37,"column":14},"end":{"line":40,"column":3}},"locations":[{"start":{"line":37,"column":14},"end":{"line":40,"column":3}}]},"5":{"type":"branch","line":40,"loc":{"start":{"line":40,"column":2},"end":{"line":44,"column":11}},"locations":[{"start":{"line":40,"column":2},"end":{"line":44,"column":11}}]},"6":{"type":"branch","line":44,"loc":{"start":{"line":44,"column":2},"end":{"line":47,"column":3}},"locations":[{"start":{"line":44,"column":2},"end":{"line":47,"column":3}}]},"7":{"type":"branch","line":47,"loc":{"start":{"line":47,"column":2},"end":{"line":49,"column":51}},"locations":[{"start":{"line":47,"column":2},"end":{"line":49,"column":51}}]},"8":{"type":"branch","line":49,"loc":{"start":{"line":49,"column":32},"end":{"line":49,"column":81}},"locations":[{"start":{"line":49,"column":32},"end":{"line":49,"column":81}}]},"9":{"type":"branch","line":50,"loc":{"start":{"line":50,"column":31},"end":{"line":50,"column":71}},"locations":[{"start":{"line":50,"column":31},"end":{"line":50,"column":71}}]},"10":{"type":"branch","line":52,"loc":{"start":{"line":52,"column":30},"end":{"line":55,"column":3}},"locations":[{"start":{"line":52,"column":30},"end":{"line":55,"column":3}}]},"11":{"type":"branch","line":55,"loc":{"start":{"line":55,"column":2},"end":{"line":57,"column":29}},"locations":[{"start":{"line":55,"column":2},"end":{"line":57,"column":29}}]},"12":{"type":"branch","line":57,"loc":{"start":{"line":57,"column":29},"end":{"line":60,"column":3}},"locations":[{"start":{"line":57,"column":29},"end":{"line":60,"column":3}}]},"13":{"type":"branch","line":60,"loc":{"start":{"line":60,"column":2},"end":{"line":71,"column":3}},"locations":[{"start":{"line":60,"column":2},"end":{"line":71,"column":3}}]},"14":{"type":"branch","line":73,"loc":{"start":{"line":73,"column":19},"end":{"line":80,"column":3}},"locations":[{"start":{"line":73,"column":19},"end":{"line":80,"column":3}}]},"15":{"type":"branch","line":75,"loc":{"start":{"line":75,"column":15},"end":{"line":78,"column":3}},"locations":[{"start":{"line":75,"column":15},"end":{"line":78,"column":3}}]},"16":{"type":"branch","line":78,"loc":{"start":{"line":78,"column":2},"end":{"line":80,"column":3}},"locations":[{"start":{"line":78,"column":2},"end":{"line":80,"column":3}}]}},"b":{"0":[6],"1":[0],"2":[3],"3":[6],"4":[1],"5":[5],"6":[1],"7":[4],"8":[3],"9":[3],"10":[1],"11":[3],"12":[1],"13":[2],"14":[4],"15":[1],"16":[3]},"fnMap":{"0":{"name":"pruneAnalyses","decl":{"start":{"line":13,"column":0},"end":{"line":23,"column":1}},"loc":{"start":{"line":13,"column":0},"end":{"line":23,"column":1}},"line":13},"1":{"name":"getAnalysis","decl":{"start":{"line":25,"column":7},"end":{"line":27,"column":1}},"loc":{"start":{"line":25,"column":7},"end":{"line":27,"column":1}},"line":25},"2":{"name":"setAnalysis","decl":{"start":{"line":29,"column":7},"end":{"line":31,"column":1}},"loc":{"start":{"line":29,"column":7},"end":{"line":31,"column":1}},"line":29}},"f":{"0":6,"1":0,"2":3}}
,"/Users/jgoai/pr-triage-bot/.worktrees/2026-04-03-task-43/backend/src/routes/config.ts": {"path":"/Users/jgoai/pr-triage-bot/.worktrees/2026-04-03-task-43/backend/src/routes/config.ts","all":false,"statementMap":{"0":{"start":{"line":1,"column":0},"end":{"line":1,"column":33}},"2":{"start":{"line":3,"column":0},"end":{"line":3,"column":24}},"4":{"start":{"line":5,"column":0},"end":{"line":5,"column":38}},"5":{"start":{"line":6,"column":0},"end":{"line":6,"column":12}},"6":{"start":{"line":7,"column":0},"end":{"line":7,"column":60}},"7":{"start":{"line":8,"column":0},"end":{"line":8,"column":54}},"8":{"start":{"line":9,"column":0},"end":{"line":9,"column":5}},"9":{"start":{"line":10,"column":0},"end":{"line":10,"column":3}},"11":{"start":{"line":12,"column":0},"end":{"line":12,"column":22}}},"s":{"0":1,"2":1,"4":1,"5":2,"6":2,"7":2,"8":2,"9":2,"11":1},"branchMap":{"0":{"type":"branch","line":5,"loc":{"start":{"line":5,"column":22},"end":{"line":10,"column":3}},"locations":[{"start":{"line":5,"column":22},"end":{"line":10,"column":3}}]}},"b":{"0":[2]},"fnMap":{},"f":{}}
,"/Users/jgoai/pr-triage-bot/.worktrees/2026-04-03-task-43/backend/src/services/github.ts": {"path":"/Users/jgoai/pr-triage-bot/.worktrees/2026-04-03-task-43/backend/src/services/github.ts","all":false,"statementMap":{"0":{"start":{"line":1,"column":0},"end":{"line":1,"column":34}},"14":{"start":{"line":15,"column":0},"end":{"line":15,"column":77}},"16":{"start":{"line":17,"column":0},"end":{"line":17,"column":53}},"17":{"start":{"line":18,"column":0},"end":{"line":18,"column":40}},"18":{"start":{"line":19,"column":0},"end":{"line":19,"column":15}},"19":{"start":{"line":20,"column":0},"end":{"line":20,"column":95}},"20":{"start":{"line":21,"column":0},"end":{"line":21,"column":3}},"21":{"start":{"line":22,"column":0},"end":{"line":22,"column":81}},"22":{"start":{"line":23,"column":0},"end":{"line":23,"column":1}},"24":{"start":{"line":25,"column":0},"end":{"line":25,"column":30}},"25":{"start":{"line":26,"column":0},"end":{"line":26,"column":20}},"26":{"start":{"line":27,"column":0},"end":{"line":27,"column":18}},"27":{"start":{"line":28,"column":0},"end":{"line":28,"column":20}},"28":{"start":{"line":29,"column":0},"end":{"line":29,"column":44}},"30":{"start":{"line":31,"column":0},"end":{"line":31,"column":92}},"31":{"start":{"line":32,"column":0},"end":{"line":32,"column":29}},"34":{"start":{"line":35,"column":0},"end":{"line":35,"column":66}},"35":{"start":{"line":36,"column":0},"end":{"line":36,"column":15}},"36":{"start":{"line":37,"column":0},"end":{"line":37,"column":16}},"37":{"start":{"line":38,"column":0},"end":{"line":38,"column":62}},"38":{"start":{"line":39,"column":0},"end":{"line":39,"column":64}},"39":{"start":{"line":40,"column":0},"end":{"line":40,"column":7}},"40":{"start":{"line":41,"column":0},"end":{"line":41,"column":41}},"41":{"start":{"line":42,"column":0},"end":{"line":42,"column":20}},"42":{"start":{"line":43,"column":0},"end":{"line":43,"column":64}},"43":{"start":{"line":44,"column":0},"end":{"line":44,"column":7}},"44":{"start":{"line":45,"column":0},"end":{"line":45,"column":5}},"45":{"start":{"line":46,"column":0},"end":{"line":46,"column":47}},"46":{"start":{"line":47,"column":0},"end":{"line":47,"column":11}},"47":{"start":{"line":48,"column":0},"end":{"line":48,"column":3}},"49":{"start":{"line":50,"column":0},"end":{"line":50,"column":32}},"50":{"start":{"line":51,"column":0},"end":{"line":51,"column":66}},"51":{"start":{"line":52,"column":0},"end":{"line":52,"column":20}},"52":{"start":{"line":53,"column":0},"end":{"line":53,"column":40}},"53":{"start":{"line":54,"column":0},"end":{"line":54,"column":28}},"54":{"start":{"line":55,"column":0},"end":{"line":55,"column":28}},"55":{"start":{"line":56,"column":0},"end":{"line":56,"column":28}},"56":{"start":{"line":57,"column":0},"end":{"line":57,"column":28}},"57":{"start":{"line":58,"column":0},"end":{"line":58,"column":32}},"58":{"start":{"line":59,"column":0},"end":{"line":59,"column":4}},"60":{"start":{"line":61,"column":0},"end":{"line":61,"column":39}},"61":{"start":{"line":62,"column":0},"end":{"line":62,"column":1}},"63":{"start":{"line":64,"column":0},"end":{"line":64,"column":55}},"64":{"start":{"line":65,"column":0},"end":{"line":65,"column":38}},"65":{"start":{"line":66,"column":0},"end":{"line":66,"column":1}}},"s":{"0":1,"14":1,"16":1,"17":12,"18":12,"19":3,"20":3,"21":9,"22":9,"24":6,"25":6,"26":6,"27":6,"28":6,"30":6,"31":4,"34":4,"35":4,"36":4,"37":5,"38":5,"39":5,"40":5,"41":105,"42":104,"43":104,"44":105,"45":5,"46":1,"47":1,"49":4,"50":4,"51":4,"52":6,"53":6,"54":6,"55":6,"56":6,"57":6,"58":6,"60":6,"61":6,"63":1,"64":2,"65":2},"branchMap":{"0":{"type":"branch","line":17,"loc":{"start":{"line":17,"column":7},"end":{"line":23,"column":1}},"locations":[{"start":{"line":17,"column":7},"end":{"line":23,"column":1}}]},"1":{"type":"branch","line":19,"loc":{"start":{"line":19,"column":14},"end":{"line":21,"column":3}},"locations":[{"start":{"line":19,"column":14},"end":{"line":21,"column":3}}]},"2":{"type":"branch","line":21,"loc":{"start":{"line":21,"column":2},"end":{"line":23,"column":1}},"locations":[{"start":{"line":21,"column":2},"end":{"line":23,"column":1}}]},"3":{"type":"branch","line":25,"loc":{"start":{"line":25,"column":0},"end":{"line":62,"column":1}},"locations":[{"start":{"line":25,"column":0},"end":{"line":62,"column":1}}]},"4":{"type":"branch","line":31,"loc":{"start":{"line":31,"column":90},"end":{"line":53,"column":30}},"locations":[{"start":{"line":31,"column":90},"end":{"line":53,"column":30}}]},"5":{"type":"branch","line":37,"loc":{"start":{"line":37,"column":15},"end":{"line":48,"column":3}},"locations":[{"start":{"line":37,"column":15},"end":{"line":48,"column":3}}]},"6":{"type":"branch","line":41,"loc":{"start":{"line":41,"column":40},"end":{"line":45,"column":5}},"locations":[{"start":{"line":41,"column":40},"end":{"line":45,"column":5}}]},"7":{"type":"branch","line":42,"loc":{"start":{"line":42,"column":19},"end":{"line":44,"column":7}},"locations":[{"start":{"line":42,"column":19},"end":{"line":44,"column":7}}]},"8":{"type":"branch","line":46,"loc":{"start":{"line":46,"column":41},"end":{"line":46,"column":47}},"locations":[{"start":{"line":46,"column":41},"end":{"line":46,"column":47}}]},"9":{"type":"branch","line":46,"loc":{"start":{"line":46,"column":41},"end":{"line":48,"column":3}},"locations":[{"start":{"line":46,"column":41},"end":{"line":48,"column":3}}]},"10":{"type":"branch","line":53,"loc":{"start":{"line":53,"column":15},"end":{"line":53,"column":30}},"locations":[{"start":{"line":53,"column":15},"end":{"line":53,"column":30}}]},"11":{"type":"branch","line":53,"loc":{"start":{"line":53,"column":21},"end":{"line":53,"column":40}},"locations":[{"start":{"line":53,"column":21},"end":{"line":53,"column":40}}]},"12":{"type":"branch","line":64,"loc":{"start":{"line":64,"column":7},"end":{"line":66,"column":1}},"locations":[{"start":{"line":64,"column":7},"end":{"line":66,"column":1}}]}},"b":{"0":[12],"1":[3],"2":[9],"3":[6],"4":[4],"5":[5],"6":[105],"7":[104],"8":[4],"9":[1],"10":[3],"11":[1],"12":[2]},"fnMap":{"0":{"name":"parsePrUrl","decl":{"start":{"line":17,"column":7},"end":{"line":23,"column":1}},"loc":{"start":{"line":17,"column":7},"end":{"line":23,"column":1}},"line":17},"1":{"name":"fetchPR","decl":{"start":{"line":25,"column":0},"end":{"line":62,"column":1}},"loc":{"start":{"line":25,"column":0},"end":{"line":62,"column":1}},"line":25},"2":{"name":"createOctokit","decl":{"start":{"line":64,"column":7},"end":{"line":66,"column":1}},"loc":{"start":{"line":64,"column":7},"end":{"line":66,"column":1}},"line":64}},"f":{"0":12,"1":6,"2":2}}
,"/Users/jgoai/pr-triage-bot/.worktrees/2026-04-03-task-43/backend/src/services/pipeline.ts": {"path":"/Users/jgoai/pr-triage-bot/.worktrees/2026-04-03-task-43/backend/src/services/pipeline.ts","all":false,"statementMap":{"0":{"start":{"line":1,"column":0},"end":{"line":1,"column":36}},"1":{"start":{"line":2,"column":0},"end":{"line":2,"column":29}},"25":{"start":{"line":26,"column":0},"end":{"line":26,"column":34}},"26":{"start":{"line":27,"column":0},"end":{"line":27,"column":17}},"27":{"start":{"line":28,"column":0},"end":{"line":28,"column":20}},"28":{"start":{"line":29,"column":0},"end":{"line":29,"column":24}},"29":{"start":{"line":30,"column":0},"end":{"line":30,"column":37}},"30":{"start":{"line":31,"column":0},"end":{"line":31,"column":75}},"32":{"start":{"line":33,"column":0},"end":{"line":33,"column":27}},"33":{"start":{"line":34,"column":0},"end":{"line":34,"column":34}},"34":{"start":{"line":35,"column":0},"end":{"line":35,"column":19}},"35":{"start":{"line":36,"column":0},"end":{"line":36,"column":19}},"36":{"start":{"line":37,"column":0},"end":{"line":37,"column":66}},"37":{"start":{"line":38,"column":0},"end":{"line":38,"column":19}},"38":{"start":{"line":39,"column":0},"end":{"line":39,"column":23}},"39":{"start":{"line":40,"column":0},"end":{"line":40,"column":6}},"40":{"start":{"line":41,"column":0},"end":{"line":41,"column":46}},"41":{"start":{"line":42,"column":0},"end":{"line":42,"column":20}},"42":{"start":{"line":43,"column":0},"end":{"line":43,"column":3}},"44":{"start":{"line":45,"column":0},"end":{"line":45,"column":7}},"46":{"start":{"line":47,"column":0},"end":{"line":47,"column":95}},"48":{"start":{"line":49,"column":0},"end":{"line":49,"column":28}},"49":{"start":{"line":50,"column":0},"end":{"line":50,"column":22}},"50":{"start":{"line":51,"column":0},"end":{"line":51,"column":43}},"51":{"start":{"line":52,"column":0},"end":{"line":52,"column":25}},"52":{"start":{"line":53,"column":0},"end":{"line":53,"column":27}},"53":{"start":{"line":54,"column":0},"end":{"line":54,"column":49}},"54":{"start":{"line":55,"column":0},"end":{"line":55,"column":22}},"55":{"start":{"line":56,"column":0},"end":{"line":56,"column":21}},"56":{"start":{"line":57,"column":0},"end":{"line":57,"column":27}},"57":{"start":{"line":58,"column":0},"end":{"line":58,"column":35}},"58":{"start":{"line":59,"column":0},"end":{"line":59,"column":59}},"59":{"start":{"line":60,"column":0},"end":{"line":60,"column":13}},"60":{"start":{"line":61,"column":0},"end":{"line":61,"column":24}},"61":{"start":{"line":62,"column":0},"end":{"line":62,"column":10}},"62":{"start":{"line":63,"column":0},"end":{"line":63,"column":7}},"63":{"start":{"line":64,"column":0},"end":{"line":64,"column":6}},"66":{"start":{"line":67,"column":0},"end":{"line":67,"column":85}},"67":{"start":{"line":68,"column":0},"end":{"line":68,"column":54}},"68":{"start":{"line":69,"column":0},"end":{"line":69,"column":45}},"71":{"start":{"line":72,"column":0},"end":{"line":72,"column":82}},"72":{"start":{"line":73,"column":0},"end":{"line":73,"column":63}},"74":{"start":{"line":75,"column":0},"end":{"line":75,"column":34}},"75":{"start":{"line":76,"column":0},"end":{"line":76,"column":19}},"76":{"start":{"line":77,"column":0},"end":{"line":77,"column":19}},"77":{"start":{"line":78,"column":0},"end":{"line":78,"column":48}},"78":{"start":{"line":79,"column":0},"end":{"line":79,"column":32}},"79":{"start":{"line":80,"column":0},"end":{"line":80,"column":34}},"80":{"start":{"line":81,"column":0},"end":{"line":81,"column":6}},"82":{"start":{"line":83,"column":0},"end":{"line":83,"column":46}},"84":{"start":{"line":85,"column":0},"end":{"line":85,"column":20}},"85":{"start":{"line":86,"column":0},"end":{"line":86,"column":26}},"86":{"start":{"line":87,"column":0},"end":{"line":87,"column":82}},"87":{"start":{"line":88,"column":0},"end":{"line":88,"column":65}},"88":{"start":{"line":89,"column":0},"end":{"line":89,"column":14}},"89":{"start":{"line":90,"column":0},"end":{"line":90,"column":3}},"90":{"start":{"line":91,"column":0},"end":{"line":91,"column":1}}},"s":{"0":1,"1":1,"25":6,"26":6,"27":6,"28":6,"29":6,"30":6,"32":6,"33":1,"34":1,"35":1,"36":1,"37":1,"38":1,"39":1,"40":1,"41":1,"42":1,"44":5,"46":5,"48":5,"49":5,"50":5,"51":5,"52":10,"53":10,"54":8,"55":8,"56":8,"57":8,"58":8,"59":8,"60":8,"61":10,"62":5,"63":5,"66":4,"67":4,"68":3,"71":3,"72":3,"74":2,"75":2,"76":2,"77":2,"78":2,"79":2,"80":2,"82":2,"84":2,"85":6,"86":3,"87":3,"88":3,"89":3,"90":6},"branchMap":{"0":{"type":"branch","line":26,"loc":{"start":{"line":26,"column":0},"end":{"line":91,"column":1}},"locations":[{"start":{"line":26,"column":0},"end":{"line":91,"column":1}}]},"1":{"type":"branch","line":33,"loc":{"start":{"line":33,"column":26},"end":{"line":43,"column":3}},"locations":[{"start":{"line":33,"column":26},"end":{"line":43,"column":3}}]},"2":{"type":"branch","line":43,"loc":{"start":{"line":43,"column":2},"end":{"line":64,"column":6}},"locations":[{"start":{"line":43,"column":2},"end":{"line":64,"column":6}}]},"3":{"type":"branch","line":64,"loc":{"start":{"line":64,"column":4},"end":{"line":68,"column":54}},"locations":[{"start":{"line":64,"column":4},"end":{"line":68,"column":54}}]},"4":{"type":"branch","line":68,"loc":{"start":{"line":68,"column":52},"end":{"line":73,"column":63}},"locations":[{"start":{"line":68,"column":52},"end":{"line":73,"column":63}}]},"5":{"type":"branch","line":73,"loc":{"start":{"line":73,"column":61},"end":{"line":86,"column":11}},"locations":[{"start":{"line":73,"column":61},"end":{"line":86,"column":11}}]},"6":{"type":"branch","line":86,"loc":{"start":{"line":86,"column":2},"end":{"line":90,"column":3}},"locations":[{"start":{"line":86,"column":2},"end":{"line":90,"column":3}}]},"7":{"type":"branch","line":87,"loc":{"start":{"line":87,"column":47},"end":{"line":87,"column":82}},"locations":[{"start":{"line":87,"column":47},"end":{"line":87,"column":82}}]},"8":{"type":"branch","line":52,"loc":{"start":{"line":52,"column":16},"end":{"line":62,"column":10}},"locations":[{"start":{"line":52,"column":16},"end":{"line":62,"column":10}}]},"9":{"type":"branch","line":53,"loc":{"start":{"line":53,"column":14},"end":{"line":62,"column":9}},"locations":[{"start":{"line":53,"column":14},"end":{"line":62,"column":9}}]},"10":{"type":"branch","line":54,"loc":{"start":{"line":54,"column":47},"end":{"line":61,"column":24}},"locations":[{"start":{"line":54,"column":47},"end":{"line":61,"column":24}}]}},"b":{"0":[6],"1":[1],"2":[5],"3":[4],"4":[3],"5":[2],"6":[3],"7":[0],"8":[10],"9":[10],"10":[8]},"fnMap":{"0":{"name":"runPipeline","decl":{"start":{"line":26,"column":0},"end":{"line":91,"column":1}},"loc":{"start":{"line":26,"column":0},"end":{"line":91,"column":1}},"line":26}},"f":{"0":6}}
,"/Users/jgoai/pr-triage-bot/.worktrees/2026-04-03-task-43/backend/src/services/agents/clustering.ts": {"path":"/Users/jgoai/pr-triage-bot/.worktrees/2026-04-03-task-43/backend/src/services/agents/clustering.ts","all":false,"statementMap":{"2":{"start":{"line":3,"column":0},"end":{"line":3,"column":65}},"4":{"start":{"line":5,"column":0},"end":{"line":5,"column":70}},"5":{"start":{"line":6,"column":0},"end":{"line":6,"column":29}},"6":{"start":{"line":7,"column":0},"end":{"line":7,"column":9}},"7":{"start":{"line":8,"column":0},"end":{"line":8,"column":12}},"8":{"start":{"line":9,"column":0},"end":{"line":9,"column":76}},"9":{"start":{"line":10,"column":0},"end":{"line":10,"column":5}},"10":{"start":{"line":11,"column":0},"end":{"line":11,"column":16}},"12":{"start":{"line":13,"column":0},"end":{"line":13,"column":79}},"15":{"start":{"line":16,"column":0},"end":{"line":16,"column":16}},"40":{"start":{"line":41,"column":0},"end":{"line":41,"column":1}},"42":{"start":{"line":43,"column":0},"end":{"line":43,"column":35}},"43":{"start":{"line":44,"column":0},"end":{"line":44,"column":24}},"44":{"start":{"line":45,"column":0},"end":{"line":45,"column":19}},"45":{"start":{"line":46,"column":0},"end":{"line":46,"column":29}},"46":{"start":{"line":47,"column":0},"end":{"line":47,"column":49}},"47":{"start":{"line":48,"column":0},"end":{"line":48,"column":31}},"48":{"start":{"line":49,"column":0},"end":{"line":49,"column":21}},"49":{"start":{"line":50,"column":0},"end":{"line":50,"column":15}},"50":{"start":{"line":51,"column":0},"end":{"line":51,"column":62}},"51":{"start":{"line":52,"column":0},"end":{"line":52,"column":6}},"52":{"start":{"line":53,"column":0},"end":{"line":53,"column":5}},"54":{"start":{"line":55,"column":0},"end":{"line":55,"column":41}},"55":{"start":{"line":56,"column":0},"end":{"line":56,"column":42}},"57":{"start":{"line":58,"column":0},"end":{"line":58,"column":61}},"59":{"start":{"line":60,"column":0},"end":{"line":60,"column":29}},"60":{"start":{"line":61,"column":0},"end":{"line":61,"column":112}},"61":{"start":{"line":62,"column":0},"end":{"line":62,"column":15}},"62":{"start":{"line":63,"column":0},"end":{"line":63,"column":19}},"63":{"start":{"line":64,"column":0},"end":{"line":64,"column":25}},"64":{"start":{"line":65,"column":0},"end":{"line":65,"column":41}},"65":{"start":{"line":66,"column":0},"end":{"line":66,"column":27}},"66":{"start":{"line":67,"column":0},"end":{"line":67,"column":98}},"67":{"start":{"line":68,"column":0},"end":{"line":68,"column":19}},"68":{"start":{"line":69,"column":0},"end":{"line":69,"column":6}},"69":{"start":{"line":70,"column":0},"end":{"line":70,"column":4}},"70":{"start":{"line":71,"column":0},"end":{"line":71,"column":1}}},"s":{"2":1,"4":1,"5":5,"6":5,"7":5,"8":15,"9":5,"10":5,"12":5,"15":5,"40":5,"42":4,"43":4,"44":4,"45":4,"46":4,"47":4,"48":4,"49":4,"50":4,"51":4,"52":4,"54":4,"55":4,"57":4,"59":4,"60":4,"61":3,"62":3,"63":3,"64":3,"65":3,"66":3,"67":3,"68":3,"69":4,"70":4},"branchMap":{"0":{"type":"branch","line":5,"loc":{"start":{"line":5,"column":7},"end":{"line":41,"column":1}},"locations":[{"start":{"line":5,"column":7},"end":{"line":41,"column":1}}]},"1":{"type":"branch","line":8,"loc":{"start":{"line":8,"column":6},"end":{"line":9,"column":76}},"locations":[{"start":{"line":8,"column":6},"end":{"line":9,"column":76}}]},"2":{"type":"branch","line":43,"loc":{"start":{"line":43,"column":0},"end":{"line":71,"column":1}},"locations":[{"start":{"line":43,"column":0},"end":{"line":71,"column":1}}]},"3":{"type":"branch","line":58,"loc":{"start":{"line":58,"column":40},"end":{"line":58,"column":58}},"locations":[{"start":{"line":58,"column":40},"end":{"line":58,"column":58}}]},"4":{"type":"branch","line":61,"loc":{"start":{"line":61,"column":4},"end":{"line":69,"column":6}},"locations":[{"start":{"line":61,"column":4},"end":{"line":69,"column":6}}]},"5":{"type":"branch","line":67,"loc":{"start":{"line":67,"column":29},"end":{"line":67,"column":62}},"locations":[{"start":{"line":67,"column":29},"end":{"line":67,"column":62}}]}},"b":{"0":[5],"1":[15],"2":[4],"3":[9],"4":[3],"5":[5]},"fnMap":{"0":{"name":"buildClusteringPrompt","decl":{"start":{"line":5,"column":7},"end":{"line":41,"column":1}},"loc":{"start":{"line":5,"column":7},"end":{"line":41,"column":1}},"line":5},"1":{"name":"clusterFiles","decl":{"start":{"line":43,"column":0},"end":{"line":71,"column":1}},"loc":{"start":{"line":43,"column":0},"end":{"line":71,"column":1}},"line":43}},"f":{"0":5,"1":4}}
,"/Users/jgoai/pr-triage-bot/.worktrees/2026-04-03-task-43/backend/src/services/agents/extract-json.ts": {"path":"/Users/jgoai/pr-triage-bot/.worktrees/2026-04-03-task-43/backend/src/services/agents/extract-json.ts","all":false,"statementMap":{"3":{"start":{"line":4,"column":0},"end":{"line":4,"column":52}},"5":{"start":{"line":6,"column":0},"end":{"line":6,"column":73}},"6":{"start":{"line":7,"column":0},"end":{"line":7,"column":59}},"8":{"start":{"line":9,"column":0},"end":{"line":9,"column":7}},"9":{"start":{"line":10,"column":0},"end":{"line":10,"column":31}},"10":{"start":{"line":11,"column":0},"end":{"line":11,"column":11}},"11":{"start":{"line":12,"column":0},"end":{"line":12,"column":96}},"12":{"start":{"line":13,"column":0},"end":{"line":13,"column":3}},"13":{"start":{"line":14,"column":0},"end":{"line":14,"column":1}},"18":{"start":{"line":19,"column":0},"end":{"line":19,"column":104}},"19":{"start":{"line":20,"column":0},"end":{"line":20,"column":59}},"20":{"start":{"line":21,"column":0},"end":{"line":21,"column":62}},"21":{"start":{"line":22,"column":0},"end":{"line":22,"column":3}},"22":{"start":{"line":23,"column":0},"end":{"line":23,"column":36}},"23":{"start":{"line":24,"column":0},"end":{"line":24,"column":45}},"24":{"start":{"line":25,"column":0},"end":{"line":25,"column":77}},"25":{"start":{"line":26,"column":0},"end":{"line":26,"column":3}},"26":{"start":{"line":27,"column":0},"end":{"line":27,"column":20}},"27":{"start":{"line":28,"column":0},"end":{"line":28,"column":1}}},"s":{"3":1,"5":19,"6":19,"8":19,"9":19,"10":19,"11":6,"12":6,"13":19,"18":1,"19":19,"20":2,"21":2,"22":17,"23":19,"24":4,"25":4,"26":13,"27":13},"branchMap":{"0":{"type":"branch","line":4,"loc":{"start":{"line":4,"column":7},"end":{"line":14,"column":1}},"locations":[{"start":{"line":4,"column":7},"end":{"line":14,"column":1}}]},"1":{"type":"branch","line":7,"loc":{"start":{"line":7,"column":18},"end":{"line":7,"column":47}},"locations":[{"start":{"line":7,"column":18},"end":{"line":7,"column":47}}]},"2":{"type":"branch","line":7,"loc":{"start":{"line":7,"column":43},"end":{"line":7,"column":59}},"locations":[{"start":{"line":7,"column":43},"end":{"line":7,"column":59}}]},"3":{"type":"branch","line":11,"loc":{"start":{"line":11,"column":2},"end":{"line":13,"column":3}},"locations":[{"start":{"line":11,"column":2},"end":{"line":13,"column":3}}]},"4":{"type":"branch","line":19,"loc":{"start":{"line":19,"column":7},"end":{"line":28,"column":1}},"locations":[{"start":{"line":19,"column":7},"end":{"line":28,"column":1}}]},"5":{"type":"branch","line":20,"loc":{"start":{"line":20,"column":58},"end":{"line":22,"column":3}},"locations":[{"start":{"line":20,"column":58},"end":{"line":22,"column":3}}]},"6":{"type":"branch","line":22,"loc":{"start":{"line":22,"column":2},"end":{"line":24,"column":31}},"locations":[{"start":{"line":22,"column":2},"end":{"line":24,"column":31}}]},"7":{"type":"branch","line":24,"loc":{"start":{"line":24,"column":21},"end":{"line":24,"column":44}},"locations":[{"start":{"line":24,"column":21},"end":{"line":24,"column":44}}]},"8":{"type":"branch","line":24,"loc":{"start":{"line":24,"column":44},"end":{"line":26,"column":3}},"locations":[{"start":{"line":24,"column":44},"end":{"line":26,"column":3}}]},"9":{"type":"branch","line":26,"loc":{"start":{"line":26,"column":2},"end":{"line":28,"column":1}},"locations":[{"start":{"line":26,"column":2},"end":{"line":28,"column":1}}]}},"b":{"0":[19],"1":[3],"2":[16],"3":[6],"4":[19],"5":[2],"6":[17],"7":[15],"8":[4],"9":[13]},"fnMap":{"0":{"name":"extractJSON","decl":{"start":{"line":4,"column":7},"end":{"line":14,"column":1}},"loc":{"start":{"line":4,"column":7},"end":{"line":14,"column":1}},"line":4},"1":{"name":"getResponseText","decl":{"start":{"line":19,"column":7},"end":{"line":28,"column":1}},"loc":{"start":{"line":19,"column":7},"end":{"line":28,"column":1}},"line":19}},"f":{"0":19,"1":19}}
,"/Users/jgoai/pr-triage-bot/.worktrees/2026-04-03-task-43/backend/src/services/agents/file-analyzer.ts": {"path":"/Users/jgoai/pr-triage-bot/.worktrees/2026-04-03-task-43/backend/src/services/agents/file-analyzer.ts","all":false,"statementMap":{"2":{"start":{"line":3,"column":0},"end":{"line":3,"column":65}},"4":{"start":{"line":5,"column":0},"end":{"line":5,"column":82}},"5":{"start":{"line":6,"column":0},"end":{"line":6,"column":53}},"7":{"start":{"line":8,"column":0},"end":{"line":8,"column":17}},"11":{"start":{"line":12,"column":0},"end":{"line":12,"column":8}},"16":{"start":{"line":17,"column":0},"end":{"line":17,"column":24}},"37":{"start":{"line":38,"column":0},"end":{"line":38,"column":1}},"39":{"start":{"line":40,"column":0},"end":{"line":40,"column":34}},"40":{"start":{"line":41,"column":0},"end":{"line":41,"column":44}},"41":{"start":{"line":42,"column":0},"end":{"line":42,"column":19}},"42":{"start":{"line":43,"column":0},"end":{"line":43,"column":26}},"43":{"start":{"line":44,"column":0},"end":{"line":44,"column":49}},"44":{"start":{"line":45,"column":0},"end":{"line":45,"column":31}},"45":{"start":{"line":46,"column":0},"end":{"line":46,"column":21}},"46":{"start":{"line":47,"column":0},"end":{"line":47,"column":15}},"47":{"start":{"line":48,"column":0},"end":{"line":48,"column":84}},"48":{"start":{"line":49,"column":0},"end":{"line":49,"column":6}},"49":{"start":{"line":50,"column":0},"end":{"line":50,"column":5}},"51":{"start":{"line":52,"column":0},"end":{"line":52,"column":41}},"52":{"start":{"line":53,"column":0},"end":{"line":53,"column":42}},"54":{"start":{"line":55,"column":0},"end":{"line":55,"column":10}},"55":{"start":{"line":56,"column":0},"end":{"line":56,"column":22}},"56":{"start":{"line":57,"column":0},"end":{"line":57,"column":28}},"57":{"start":{"line":58,"column":0},"end":{"line":58,"column":30}},"58":{"start":{"line":59,"column":0},"end":{"line":59,"column":36}},"59":{"start":{"line":60,"column":0},"end":{"line":60,"column":21}},"60":{"start":{"line":61,"column":0},"end":{"line":61,"column":42}},"61":{"start":{"line":62,"column":0},"end":{"line":62,"column":4}},"62":{"start":{"line":63,"column":0},"end":{"line":63,"column":1}}},"s":{"2":1,"4":1,"5":6,"7":6,"11":6,"16":6,"37":6,"39":5,"40":5,"41":5,"42":5,"43":5,"44":5,"45":5,"46":5,"47":5,"48":5,"49":5,"51":5,"52":5,"54":5,"55":5,"56":5,"57":5,"58":5,"59":5,"60":5,"61":5,"62":5},"branchMap":{"0":{"type":"branch","line":5,"loc":{"start":{"line":5,"column":7},"end":{"line":38,"column":1}},"locations":[{"start":{"line":5,"column":7},"end":{"line":38,"column":1}}]},"1":{"type":"branch","line":40,"loc":{"start":{"line":40,"column":0},"end":{"line":63,"column":1}},"locations":[{"start":{"line":40,"column":0},"end":{"line":63,"column":1}}]},"2":{"type":"branch","line":61,"loc":{"start":{"line":61,"column":24},"end":{"line":61,"column":42}},"locations":[{"start":{"line":61,"column":24},"end":{"line":61,"column":42}}]}},"b":{"0":[6],"1":[5],"2":[0]},"fnMap":{"0":{"name":"buildFileAnalyzerPrompt","decl":{"start":{"line":5,"column":7},"end":{"line":38,"column":1}},"loc":{"start":{"line":5,"column":7},"end":{"line":38,"column":1}},"line":5},"1":{"name":"analyzeFile","decl":{"start":{"line":40,"column":0},"end":{"line":63,"column":1}},"loc":{"start":{"line":40,"column":0},"end":{"line":63,"column":1}},"line":40}},"f":{"0":6,"1":5}}
,"/Users/jgoai/pr-triage-bot/.worktrees/2026-04-03-task-43/backend/src/services/agents/ranking.ts": {"path":"/Users/jgoai/pr-triage-bot/.worktrees/2026-04-03-task-43/backend/src/services/agents/ranking.ts","all":false,"statementMap":{"2":{"start":{"line":3,"column":0},"end":{"line":3,"column":65}},"10":{"start":{"line":11,"column":0},"end":{"line":11,"column":35}},"11":{"start":{"line":12,"column":0},"end":{"line":12,"column":23}},"12":{"start":{"line":13,"column":0},"end":{"line":13,"column":27}},"13":{"start":{"line":14,"column":0},"end":{"line":14,"column":11}},"14":{"start":{"line":15,"column":0},"end":{"line":15,"column":35}},"15":{"start":{"line":16,"column":0},"end":{"line":16,"column":9}},"16":{"start":{"line":17,"column":0},"end":{"line":17,"column":12}},"17":{"start":{"line":18,"column":0},"end":{"line":18,"column":111}},"18":{"start":{"line":19,"column":0},"end":{"line":19,"column":5}},"19":{"start":{"line":20,"column":0},"end":{"line":20,"column":16}},"21":{"start":{"line":22,"column":0},"end":{"line":22,"column":156}},"23":{"start":{"line":24,"column":0},"end":{"line":24,"column":45}},"24":{"start":{"line":25,"column":0},"end":{"line":25,"column":15}},"25":{"start":{"line":26,"column":0},"end":{"line":26,"column":80}},"26":{"start":{"line":27,"column":0},"end":{"line":27,"column":59}},"29":{"start":{"line":30,"column":0},"end":{"line":30,"column":19}},"49":{"start":{"line":50,"column":0},"end":{"line":50,"column":1}},"51":{"start":{"line":52,"column":0},"end":{"line":52,"column":40}},"52":{"start":{"line":53,"column":0},"end":{"line":53,"column":23}},"53":{"start":{"line":54,"column":0},"end":{"line":54,"column":28}},"54":{"start":{"line":55,"column":0},"end":{"line":55,"column":19}},"55":{"start":{"line":56,"column":0},"end":{"line":56,"column":27}},"56":{"start":{"line":57,"column":0},"end":{"line":57,"column":49}},"57":{"start":{"line":58,"column":0},"end":{"line":58,"column":31}},"58":{"start":{"line":59,"column":0},"end":{"line":59,"column":21}},"59":{"start":{"line":60,"column":0},"end":{"line":60,"column":15}},"60":{"start":{"line":61,"column":0},"end":{"line":61,"column":72}},"61":{"start":{"line":62,"column":0},"end":{"line":62,"column":6}},"62":{"start":{"line":63,"column":0},"end":{"line":63,"column":5}},"64":{"start":{"line":65,"column":0},"end":{"line":65,"column":41}},"65":{"start":{"line":66,"column":0},"end":{"line":66,"column":42}},"67":{"start":{"line":68,"column":0},"end":{"line":68,"column":61}},"69":{"start":{"line":70,"column":0},"end":{"line":70,"column":46}},"70":{"start":{"line":71,"column":0},"end":{"line":71,"column":47}},"71":{"start":{"line":72,"column":0},"end":{"line":72,"column":47}},"72":{"start":{"line":73,"column":0},"end":{"line":73,"column":20}},"73":{"start":{"line":74,"column":0},"end":{"line":74,"column":88}},"74":{"start":{"line":75,"column":0},"end":{"line":75,"column":15}},"75":{"start":{"line":76,"column":0},"end":{"line":76,"column":5}},"76":{"start":{"line":77,"column":0},"end":{"line":77,"column":26}},"77":{"start":{"line":78,"column":0},"end":{"line":78,"column":18}},"78":{"start":{"line":79,"column":0},"end":{"line":79,"column":32}},"79":{"start":{"line":80,"column":0},"end":{"line":80,"column":46}},"80":{"start":{"line":81,"column":0},"end":{"line":81,"column":7}},"81":{"start":{"line":82,"column":0},"end":{"line":82,"column":3}},"83":{"start":{"line":84,"column":0},"end":{"line":84,"column":88}},"85":{"start":{"line":86,"column":0},"end":{"line":86,"column":10}},"86":{"start":{"line":87,"column":0},"end":{"line":87,"column":46}},"87":{"start":{"line":88,"column":0},"end":{"line":88,"column":32}},"88":{"start":{"line":89,"column":0},"end":{"line":89,"column":30}},"89":{"start":{"line":90,"column":0},"end":{"line":90,"column":4}},"90":{"start":{"line":91,"column":0},"end":{"line":91,"column":1}}},"s":{"2":1,"10":1,"11":6,"12":6,"13":6,"14":6,"15":6,"16":6,"17":12,"18":6,"19":6,"21":6,"23":6,"24":6,"25":6,"26":6,"29":6,"49":6,"51":5,"52":5,"53":5,"54":5,"55":5,"56":5,"57":5,"58":5,"59":5,"60":5,"61":5,"62":5,"64":5,"65":5,"67":5,"69":5,"70":5,"71":7,"72":7,"73":1,"74":1,"75":1,"76":6,"77":6,"78":6,"79":6,"80":6,"81":6,"83":4,"85":4,"86":4,"87":4,"88":4,"89":4,"90":4},"branchMap":{"0":{"type":"branch","line":11,"loc":{"start":{"line":11,"column":7},"end":{"line":50,"column":1}},"locations":[{"start":{"line":11,"column":7},"end":{"line":50,"column":1}}]},"1":{"type":"branch","line":17,"loc":{"start":{"line":17,"column":6},"end":{"line":18,"column":111}},"locations":[{"start":{"line":17,"column":6},"end":{"line":18,"column":111}}]},"2":{"type":"branch","line":52,"loc":{"start":{"line":52,"column":0},"end":{"line":91,"column":1}},"locations":[{"start":{"line":52,"column":0},"end":{"line":91,"column":1}}]},"3":{"type":"branch","line":71,"loc":{"start":{"line":71,"column":46},"end":{"line":82,"column":3}},"locations":[{"start":{"line":71,"column":46},"end":{"line":82,"column":3}}]},"4":{"type":"branch","line":73,"loc":{"start":{"line":73,"column":19},"end":{"line":76,"column":5}},"locations":[{"start":{"line":73,"column":19},"end":{"line":76,"column":5}}]},"5":{"type":"branch","line":76,"loc":{"start":{"line":76,"column":4},"end":{"line":82,"column":3}},"locations":[{"start":{"line":76,"column":4},"end":{"line":82,"column":3}}]},"6":{"type":"branch","line":82,"loc":{"start":{"line":82,"column":2},"end":{"line":91,"column":1}},"locations":[{"start":{"line":82,"column":2},"end":{"line":91,"column":1}}]},"7":{"type":"branch","line":68,"loc":{"start":{"line":68,"column":42},"end":{"line":68,"column":58}},"locations":[{"start":{"line":68,"column":42},"end":{"line":68,"column":58}}]},"8":{"type":"branch","line":84,"loc":{"start":{"line":84,"column":23},"end":{"line":84,"column":86}},"locations":[{"start":{"line":84,"column":23},"end":{"line":84,"column":86}}]}},"b":{"0":[6],"1":[12],"2":[5],"3":[7],"4":[1],"5":[6],"6":[4],"7":[8],"8":[2]},"fnMap":{"0":{"name":"buildRankingPrompt","decl":{"start":{"line":11,"column":7},"end":{"line":50,"column":1}},"loc":{"start":{"line":11,"column":7},"end":{"line":50,"column":1}},"line":11},"1":{"name":"rankAndSynthesize","decl":{"start":{"line":52,"column":0},"end":{"line":91,"column":1}},"loc":{"start":{"line":52,"column":0},"end":{"line":91,"column":1}},"line":52}},"f":{"0":6,"1":5}}
}
